# JRE version: OpenJDK Runtime Environment Temurin-21.0.7+6 (21.0.7+6) (build 21.0.7+6-LTS)
# Java VM: OpenJDK 64-Bit Server VM Temurin-21.0.7+6 (21.0.7+6-LTS, mixed mode, sharing, tiered, compressed oops, compressed class ptrs, parallel gc, windows-amd64)
GC Precious Log:
 CardTable entry size: 512
 CPUs: 8 total, 8 available
 Memory: 7865M
 Large Page Support: Disabled
 NUMA Support: Disabled
 Compressed Oops: Enabled (32-bit)
 Alignments: Space 512K, Generation 512K, Heap 2M
 Heap Min Capacity: 100M
 Heap Initial Capacity: 100M
 Heap Max Capacity: 2G
 Pre-touch: Disabled
 Parallel Workers: 8
Heap:
 PSYoungGen      total 11264K, used 10856K [0x00000000d5580000, 0x00000000d6200000, 0x0000000100000000)
  eden space 10240K, 99% used [0x00000000d5580000,0x00000000d5f7d2c0,0x00000000d5f80000)
  from space 1024K, 61% used [0x00000000d6100000,0x00000000d619cf38,0x00000000d6200000)
  to   space 1024K, 98% used [0x00000000d6000000,0x00000000d60fc000,0x00000000d6100000)
 ParOldGen       total 271872K, used 271868K [0x0000000080000000, 0x0000000090980000, 0x00000000d5580000)
  object space 271872K, 99% used [0x0000000080000000,0x000000009097f218,0x0000000090980000)
 Metaspace       used 68987K, committed 70400K, reserved 1114112K
  class space    used 7187K, committed 7808K, reserved 1048576K
GC Heap History (20 events):
Event: 30.805 GC heap before
{Heap before GC invocations=295 (full 3):
 PSYoungGen      total 10752K, used 10742K [0x00000000d5580000, 0x00000000d6380000, 0x0000000100000000)
  eden space 10240K, 100% used [0x00000000d5580000,0x00000000d5f80000,0x00000000d5f80000)
  from space 512K, 98% used [0x00000000d5f80000,0x00000000d5ffd9b0,0x00000000d6000000)
  to   space 1024K, 0% used [0x00000000d6280000,0x00000000d6280000,0x00000000d6380000)
 ParOldGen       total 265216K, used 264744K [0x0000000080000000, 0x0000000090300000, 0x00000000d5580000)
  object space 265216K, 99% used [0x0000000080000000,0x000000009028a360,0x0000000090300000)
 Metaspace       used 68969K, committed 70400K, reserved 1114112K
  class space    used 7187K, committed 7808K, reserved 1048576K
}
Event: 30.807 GC heap after
{Heap after GC invocations=295 (full 3):
 PSYoungGen      total 11264K, used 526K [0x00000000d5580000, 0x00000000d6380000, 0x0000000100000000)
  eden space 10240K, 0% used [0x00000000d5580000,0x00000000d5580000,0x00000000d5f80000)
  from space 1024K, 51% used [0x00000000d6280000,0x00000000d6303a30,0x00000000d6380000)
  to   space 1024K, 0% used [0x00000000d6180000,0x00000000d6180000,0x00000000d6280000)
 ParOldGen       total 265216K, used 265020K [0x0000000080000000, 0x0000000090300000, 0x00000000d5580000)
  object space 265216K, 99% used [0x0000000080000000,0x00000000902cf358,0x0000000090300000)
 Metaspace       used 68969K, committed 70400K, reserved 1114112K
  class space    used 7187K, committed 7808K, reserved 1048576K
}
Event: 30.821 GC heap before
{Heap before GC invocations=296 (full 3):
 PSYoungGen      total 11264K, used 10766K [0x00000000d5580000, 0x00000000d6380000, 0x0000000100000000)
  eden space 10240K, 100% used [0x00000000d5580000,0x00000000d5f80000,0x00000000d5f80000)
  from space 1024K, 51% used [0x00000000d6280000,0x00000000d6303a30,0x00000000d6380000)
  to   space 1024K, 0% used [0x00000000d6180000,0x00000000d6180000,0x00000000d6280000)
 ParOldGen       total 265216K, used 265020K [0x0000000080000000, 0x0000000090300000, 0x00000000d5580000)
  object space 265216K, 99% used [0x0000000080000000,0x00000000902cf358,0x0000000090300000)
 Metaspace       used 68969K, committed 70400K, reserved 1114112K
  class space    used 7187K, committed 7808K, reserved 1048576K
}
Event: 30.823 GC heap after
{Heap after GC invocations=296 (full 3):
 PSYoungGen      total 11264K, used 562K [0x00000000d5580000, 0x00000000d6300000, 0x0000000100000000)
  eden space 10240K, 0% used [0x00000000d5580000,0x00000000d5580000,0x00000000d5f80000)
  from space 1024K, 54% used [0x00000000d6180000,0x00000000d620cbc8,0x00000000d6280000)
  to   space 512K, 0% used [0x00000000d6280000,0x00000000d6280000,0x00000000d6300000)
 ParOldGen       total 265728K, used 265318K [0x0000000080000000, 0x0000000090380000, 0x00000000d5580000)
  object space 265728K, 99% used [0x0000000080000000,0x0000000090319970,0x0000000090380000)
 Metaspace       used 68969K, committed 70400K, reserved 1114112K
  class space    used 7187K, committed 7808K, reserved 1048576K
}
Event: 30.844 GC heap before
{Heap before GC invocations=297 (full 3):
 PSYoungGen      total 11264K, used 10802K [0x00000000d5580000, 0x00000000d6300000, 0x0000000100000000)
  eden space 10240K, 100% used [0x00000000d5580000,0x00000000d5f80000,0x00000000d5f80000)
  from space 1024K, 54% used [0x00000000d6180000,0x00000000d620cbc8,0x00000000d6280000)
  to   space 512K, 0% used [0x00000000d6280000,0x00000000d6280000,0x00000000d6300000)
 ParOldGen       total 265728K, used 265318K [0x0000000080000000, 0x0000000090380000, 0x00000000d5580000)
  object space 265728K, 99% used [0x0000000080000000,0x0000000090319970,0x0000000090380000)
 Metaspace       used 68971K, committed 70400K, reserved 1114112K
  class space    used 7187K, committed 7808K, reserved 1048576K
}
Event: 30.848 GC heap after
{Heap after GC invocations=297 (full 3):
 PSYoungGen      total 10752K, used 512K [0x00000000d5580000, 0x00000000d6300000, 0x0000000100000000)
  eden space 10240K, 0% used [0x00000000d5580000,0x00000000d5580000,0x00000000d5f80000)
  from space 512K, 100% used [0x00000000d6280000,0x00000000d6300000,0x00000000d6300000)
  to   space 1536K, 0% used [0x00000000d6000000,0x00000000d6000000,0x00000000d6180000)
 ParOldGen       total 266240K, used 265950K [0x0000000080000000, 0x0000000090400000, 0x00000000d5580000)
  object space 266240K, 99% used [0x0000000080000000,0x00000000903b7a60,0x0000000090400000)
 Metaspace       used 68971K, committed 70400K, reserved 1114112K
  class space    used 7187K, committed 7808K, reserved 1048576K
}
Event: 30.861 GC heap before
{Heap before GC invocations=298 (full 3):
 PSYoungGen      total 10752K, used 10752K [0x00000000d5580000, 0x00000000d6300000, 0x0000000100000000)
  eden space 10240K, 100% used [0x00000000d5580000,0x00000000d5f80000,0x00000000d5f80000)
  from space 512K, 100% used [0x00000000d6280000,0x00000000d6300000,0x00000000d6300000)
  to   space 1536K, 0% used [0x00000000d6000000,0x00000000d6000000,0x00000000d6180000)
 ParOldGen       total 266240K, used 265950K [0x0000000080000000, 0x0000000090400000, 0x00000000d5580000)
  object space 266240K, 99% used [0x0000000080000000,0x00000000903b7a60,0x0000000090400000)
 Metaspace       used 68971K, committed 70400K, reserved 1114112K
  class space    used 7187K, committed 7808K, reserved 1048576K
}
Event: 30.864 GC heap after
{Heap after GC invocations=298 (full 3):
 PSYoungGen      total 11776K, used 542K [0x00000000d5580000, 0x00000000d6300000, 0x0000000100000000)
  eden space 10240K, 0% used [0x00000000d5580000,0x00000000d5580000,0x00000000d5f80000)
  from space 1536K, 35% used [0x00000000d6000000,0x00000000d6087838,0x00000000d6180000)
  to   space 1024K, 0% used [0x00000000d6200000,0x00000000d6200000,0x00000000d6300000)
 ParOldGen       total 266752K, used 266338K [0x0000000080000000, 0x0000000090480000, 0x00000000d5580000)
  object space 266752K, 99% used [0x0000000080000000,0x0000000090418b18,0x0000000090480000)
 Metaspace       used 68971K, committed 70400K, reserved 1114112K
  class space    used 7187K, committed 7808K, reserved 1048576K
}
Event: 30.881 GC heap before
{Heap before GC invocations=299 (full 3):
 PSYoungGen      total 11776K, used 10782K [0x00000000d5580000, 0x00000000d6300000, 0x0000000100000000)
  eden space 10240K, 100% used [0x00000000d5580000,0x00000000d5f80000,0x00000000d5f80000)
  from space 1536K, 35% used [0x00000000d6000000,0x00000000d6087838,0x00000000d6180000)
  to   space 1024K, 0% used [0x00000000d6200000,0x00000000d6200000,0x00000000d6300000)
 ParOldGen       total 266752K, used 266338K [0x0000000080000000, 0x0000000090480000, 0x00000000d5580000)
  object space 266752K, 99% used [0x0000000080000000,0x0000000090418b18,0x0000000090480000)
 Metaspace       used 68971K, committed 70400K, reserved 1114112K
  class space    used 7187K, committed 7808K, reserved 1048576K
}
Event: 30.884 GC heap after
{Heap after GC invocations=299 (full 3):
 PSYoungGen      total 10752K, used 483K [0x00000000d5580000, 0x00000000d6280000, 0x0000000100000000)
  eden space 10240K, 0% used [0x00000000d5580000,0x00000000d5580000,0x00000000d5f80000)
  from space 512K, 94% used [0x00000000d6200000,0x00000000d6278f48,0x00000000d6280000)
  to   space 1024K, 0% used [0x00000000d6080000,0x00000000d6080000,0x00000000d6180000)
 ParOldGen       total 266752K, used 266716K [0x0000000080000000, 0x0000000090480000, 0x00000000d5580000)
  object space 266752K, 99% used [0x0000000080000000,0x00000000904771e8,0x0000000090480000)
 Metaspace       used 68971K, committed 70400K, reserved 1114112K
  class space    used 7187K, committed 7808K, reserved 1048576K
}
Event: 30.968 GC heap before
{Heap before GC invocations=300 (full 3):
 PSYoungGen      total 10752K, used 10723K [0x00000000d5580000, 0x00000000d6280000, 0x0000000100000000)
  eden space 10240K, 100% used [0x00000000d5580000,0x00000000d5f80000,0x00000000d5f80000)
  from space 512K, 94% used [0x00000000d6200000,0x00000000d6278f48,0x00000000d6280000)
  to   space 1024K, 0% used [0x00000000d6080000,0x00000000d6080000,0x00000000d6180000)
 ParOldGen       total 266752K, used 266716K [0x0000000080000000, 0x0000000090480000, 0x00000000d5580000)
  object space 266752K, 99% used [0x0000000080000000,0x00000000904771e8,0x0000000090480000)
 Metaspace       used 68976K, committed 70400K, reserved 1114112K
  class space    used 7187K, committed 7808K, reserved 1048576K
}
Event: 30.973 GC heap after
{Heap after GC invocations=300 (full 3):
 PSYoungGen      total 11264K, used 1021K [0x00000000d5580000, 0x00000000d6280000, 0x0000000100000000)
  eden space 10240K, 0% used [0x00000000d5580000,0x00000000d5580000,0x00000000d5f80000)
  from space 1024K, 99% used [0x00000000d6080000,0x00000000d617f4d8,0x00000000d6180000)
  to   space 1024K, 0% used [0x00000000d6180000,0x00000000d6180000,0x00000000d6280000)
 ParOldGen       total 267264K, used 267063K [0x0000000080000000, 0x0000000090500000, 0x00000000d5580000)
  object space 267264K, 99% used [0x0000000080000000,0x00000000904cdd70,0x0000000090500000)
 Metaspace       used 68976K, committed 70400K, reserved 1114112K
  class space    used 7187K, committed 7808K, reserved 1048576K
}
Event: 31.000 GC heap before
{Heap before GC invocations=301 (full 3):
 PSYoungGen      total 11264K, used 11261K [0x00000000d5580000, 0x00000000d6280000, 0x0000000100000000)
  eden space 10240K, 100% used [0x00000000d5580000,0x00000000d5f80000,0x00000000d5f80000)
  from space 1024K, 99% used [0x00000000d6080000,0x00000000d617f4d8,0x00000000d6180000)
  to   space 1024K, 0% used [0x00000000d6180000,0x00000000d6180000,0x00000000d6280000)
 ParOldGen       total 267264K, used 267063K [0x0000000080000000, 0x0000000090500000, 0x00000000d5580000)
  object space 267264K, 99% used [0x0000000080000000,0x00000000904cdd70,0x0000000090500000)
 Metaspace       used 68976K, committed 70400K, reserved 1114112K
  class space    used 7187K, committed 7808K, reserved 1048576K
}
Event: 31.003 GC heap after
{Heap after GC invocations=301 (full 3):
 PSYoungGen      total 11264K, used 563K [0x00000000d5580000, 0x00000000d6280000, 0x0000000100000000)
  eden space 10240K, 0% used [0x00000000d5580000,0x00000000d5580000,0x00000000d5f80000)
  from space 1024K, 55% used [0x00000000d6180000,0x00000000d620cda8,0x00000000d6280000)
  to   space 1024K, 0% used [0x00000000d6080000,0x00000000d6080000,0x00000000d6180000)
 ParOldGen       total 268288K, used 268015K [0x0000000080000000, 0x0000000090600000, 0x00000000d5580000)
  object space 268288K, 99% used [0x0000000080000000,0x00000000905bbfb0,0x0000000090600000)
 Metaspace       used 68976K, committed 70400K, reserved 1114112K
  class space    used 7187K, committed 7808K, reserved 1048576K
}
Event: 31.017 GC heap before
{Heap before GC invocations=302 (full 3):
 PSYoungGen      total 11264K, used 10803K [0x00000000d5580000, 0x00000000d6280000, 0x0000000100000000)
  eden space 10240K, 100% used [0x00000000d5580000,0x00000000d5f80000,0x00000000d5f80000)
  from space 1024K, 55% used [0x00000000d6180000,0x00000000d620cda8,0x00000000d6280000)
  to   space 1024K, 0% used [0x00000000d6080000,0x00000000d6080000,0x00000000d6180000)
 ParOldGen       total 268288K, used 268015K [0x0000000080000000, 0x0000000090600000, 0x00000000d5580000)
  object space 268288K, 99% used [0x0000000080000000,0x00000000905bbfb0,0x0000000090600000)
 Metaspace       used 68976K, committed 70400K, reserved 1114112K
  class space    used 7187K, committed 7808K, reserved 1048576K
}
Event: 31.019 GC heap after
{Heap after GC invocations=302 (full 3):
 PSYoungGen      total 11264K, used 942K [0x00000000d5580000, 0x00000000d6200000, 0x0000000100000000)
  eden space 10240K, 0% used [0x00000000d5580000,0x00000000d5580000,0x00000000d5f80000)
  from space 1024K, 92% used [0x00000000d6080000,0x00000000d616b9e8,0x00000000d6180000)
  to   space 512K, 0% used [0x00000000d6180000,0x00000000d6180000,0x00000000d6200000)
 ParOldGen       total 268800K, used 268435K [0x0000000080000000, 0x0000000090680000, 0x00000000d5580000)
  object space 268800K, 99% used [0x0000000080000000,0x0000000090624c40,0x0000000090680000)
 Metaspace       used 68976K, committed 70400K, reserved 1114112K
  class space    used 7187K, committed 7808K, reserved 1048576K
}
Event: 31.058 GC heap before
{Heap before GC invocations=303 (full 3):
 PSYoungGen      total 11264K, used 11182K [0x00000000d5580000, 0x00000000d6200000, 0x0000000100000000)
  eden space 10240K, 100% used [0x00000000d5580000,0x00000000d5f80000,0x00000000d5f80000)
  from space 1024K, 92% used [0x00000000d6080000,0x00000000d616b9e8,0x00000000d6180000)
  to   space 512K, 0% used [0x00000000d6180000,0x00000000d6180000,0x00000000d6200000)
 ParOldGen       total 268800K, used 268435K [0x0000000080000000, 0x0000000090680000, 0x00000000d5580000)
  object space 268800K, 99% used [0x0000000080000000,0x0000000090624c40,0x0000000090680000)
 Metaspace       used 68976K, committed 70400K, reserved 1114112K
  class space    used 7187K, committed 7808K, reserved 1048576K
}
Event: 31.065 GC heap after
{Heap after GC invocations=303 (full 3):
 PSYoungGen      total 10752K, used 493K [0x00000000d5580000, 0x00000000d6200000, 0x0000000100000000)
  eden space 10240K, 0% used [0x00000000d5580000,0x00000000d5580000,0x00000000d5f80000)
  from space 512K, 96% used [0x00000000d6180000,0x00000000d61fb610,0x00000000d6200000)
  to   space 1024K, 0% used [0x00000000d6080000,0x00000000d6080000,0x00000000d6180000)
 ParOldGen       total 269824K, used 269733K [0x0000000080000000, 0x0000000090780000, 0x00000000d5580000)
  object space 269824K, 99% used [0x0000000080000000,0x00000000907696a0,0x0000000090780000)
 Metaspace       used 68976K, committed 70400K, reserved 1114112K
  class space    used 7187K, committed 7808K, reserved 1048576K
}
Event: 31.123 GC heap before
{Heap before GC invocations=304 (full 3):
 PSYoungGen      total 10752K, used 10733K [0x00000000d5580000, 0x00000000d6200000, 0x0000000100000000)
  eden space 10240K, 100% used [0x00000000d5580000,0x00000000d5f80000,0x00000000d5f80000)
  from space 512K, 96% used [0x00000000d6180000,0x00000000d61fb610,0x00000000d6200000)
  to   space 1024K, 0% used [0x00000000d6080000,0x00000000d6080000,0x00000000d6180000)
 ParOldGen       total 269824K, used 269736K [0x0000000080000000, 0x0000000090780000, 0x00000000d5580000)
  object space 269824K, 99% used [0x0000000080000000,0x000000009076a148,0x0000000090780000)
 Metaspace       used 68981K, committed 70400K, reserved 1114112K
  class space    used 7187K, committed 7808K, reserved 1048576K
}
Event: 31.132 GC heap after
{Heap after GC invocations=304 (full 3):
 PSYoungGen      total 11264K, used 519K [0x00000000d5580000, 0x00000000d6200000, 0x0000000100000000)
  eden space 10240K, 0% used [0x00000000d5580000,0x00000000d5580000,0x00000000d5f80000)
  from space 1024K, 50% used [0x00000000d6080000,0x00000000d6101f78,0x00000000d6180000)
  to   space 512K, 0% used [0x00000000d6180000,0x00000000d6180000,0x00000000d6200000)
 ParOldGen       total 270336K, used 270008K [0x0000000080000000, 0x0000000090800000, 0x00000000d5580000)
  object space 270336K, 99% used [0x0000000080000000,0x00000000907ae148,0x0000000090800000)
 Metaspace       used 68981K, committed 70400K, reserved 1114112K
  class space    used 7187K, committed 7808K, reserved 1048576K
}

