# JRE version: OpenJDK Runtime Environment Temurin-21.0.7+6 (21.0.7+6) (build 21.0.7+6-LTS)
# Java VM: OpenJDK 64-Bit Server VM Temurin-21.0.7+6 (21.0.7+6-LTS, mixed mode, sharing, tiered, compressed oops, compressed class ptrs, parallel gc, windows-amd64)
GC Precious Log:
 CardTable entry size: 512
 CPUs: 8 total, 8 available
 Memory: 7865M
 Large Page Support: Disabled
 NUMA Support: Disabled
 Compressed Oops: Enabled (32-bit)
 Alignments: Space 512K, Generation 512K, Heap 2M
 Heap Min Capacity: 100M
 Heap Initial Capacity: 100M
 Heap Max Capacity: 2G
 Pre-touch: Disabled
 Parallel Workers: 8
Heap:
 PSYoungGen      total 4608K, used 4608K [0x00000000d5580000, 0x00000000d6100000, 0x0000000100000000)
  eden space 2560K, 100% used [0x00000000d5580000,0x00000000d5800000,0x00000000d5800000)
  from space 2048K, 100% used [0x00000000d5800000,0x00000000d5a00000,0x00000000d5a00000)
  to   space 4608K, 41% used [0x00000000d5c80000,0x00000000d5e60000,0x00000000d6100000)
 ParOldGen       total 853504K, used 853313K [0x0000000080000000, 0x00000000b4180000, 0x00000000d5580000)
  object space 853504K, 99% used [0x0000000080000000,0x00000000b4150558,0x00000000b4180000)
 Metaspace       used 65649K, committed 67072K, reserved 1114112K
  class space    used 6766K, committed 7424K, reserved 1048576K
GC Heap History (20 events):
Event: 362.041 GC heap before
{Heap before GC invocations=1243 (full 3):
 PSYoungGen      total 2048K, used 1301K [0x00000000d5580000, 0x00000000d5980000, 0x0000000100000000)
  eden space 1536K, 65% used [0x00000000d5580000,0x00000000d567d610,0x00000000d5700000)
  from space 512K, 56% used [0x00000000d5880000,0x00000000d58c8010,0x00000000d5900000)
  to   space 512K, 0% used [0x00000000d5900000,0x00000000d5900000,0x00000000d5980000)
 ParOldGen       total 839680K, used 838749K [0x0000000080000000, 0x00000000b3400000, 0x00000000d5580000)
  object space 839680K, 99% used [0x0000000080000000,0x00000000b3317598,0x00000000b3400000)
 Metaspace       used 65499K, committed 66944K, reserved 1114112K
  class space    used 6764K, committed 7424K, reserved 1048576K
}
Event: 362.045 GC heap after
{Heap after GC invocations=1243 (full 3):
 PSYoungGen      total 2048K, used 192K [0x00000000d5580000, 0x00000000d5980000, 0x0000000100000000)
  eden space 1536K, 0% used [0x00000000d5580000,0x00000000d5580000,0x00000000d5700000)
  from space 512K, 37% used [0x00000000d5900000,0x00000000d5930000,0x00000000d5980000)
  to   space 512K, 0% used [0x00000000d5880000,0x00000000d5880000,0x00000000d5900000)
 ParOldGen       total 839680K, used 838813K [0x0000000080000000, 0x00000000b3400000, 0x00000000d5580000)
  object space 839680K, 99% used [0x0000000080000000,0x00000000b3327598,0x00000000b3400000)
 Metaspace       used 65499K, committed 66944K, reserved 1114112K
  class space    used 6764K, committed 7424K, reserved 1048576K
}
Event: 362.049 GC heap before
{Heap before GC invocations=1244 (full 3):
 PSYoungGen      total 2048K, used 1727K [0x00000000d5580000, 0x00000000d5980000, 0x0000000100000000)
  eden space 1536K, 99% used [0x00000000d5580000,0x00000000d56fffe8,0x00000000d5700000)
  from space 512K, 37% used [0x00000000d5900000,0x00000000d5930000,0x00000000d5980000)
  to   space 512K, 0% used [0x00000000d5880000,0x00000000d5880000,0x00000000d5900000)
 ParOldGen       total 839680K, used 838813K [0x0000000080000000, 0x00000000b3400000, 0x00000000d5580000)
  object space 839680K, 99% used [0x0000000080000000,0x00000000b3327598,0x00000000b3400000)
 Metaspace       used 65499K, committed 66944K, reserved 1114112K
  class space    used 6764K, committed 7424K, reserved 1048576K
}
Event: 362.052 GC heap after
{Heap after GC invocations=1244 (full 3):
 PSYoungGen      total 2048K, used 448K [0x00000000d5580000, 0x00000000d5980000, 0x0000000100000000)
  eden space 1536K, 0% used [0x00000000d5580000,0x00000000d5580000,0x00000000d5700000)
  from space 512K, 87% used [0x00000000d5880000,0x00000000d58f0000,0x00000000d5900000)
  to   space 512K, 0% used [0x00000000d5900000,0x00000000d5900000,0x00000000d5980000)
 ParOldGen       total 840704K, used 840031K [0x0000000080000000, 0x00000000b3500000, 0x00000000d5580000)
  object space 840704K, 99% used [0x0000000080000000,0x00000000b3457f68,0x00000000b3500000)
 Metaspace       used 65499K, committed 66944K, reserved 1114112K
  class space    used 6764K, committed 7424K, reserved 1048576K
}
Event: 362.066 GC heap before
{Heap before GC invocations=1245 (full 3):
 PSYoungGen      total 2048K, used 1984K [0x00000000d5580000, 0x00000000d5980000, 0x0000000100000000)
  eden space 1536K, 100% used [0x00000000d5580000,0x00000000d5700000,0x00000000d5700000)
  from space 512K, 87% used [0x00000000d5880000,0x00000000d58f0000,0x00000000d5900000)
  to   space 512K, 0% used [0x00000000d5900000,0x00000000d5900000,0x00000000d5980000)
 ParOldGen       total 840704K, used 840031K [0x0000000080000000, 0x00000000b3500000, 0x00000000d5580000)
  object space 840704K, 99% used [0x0000000080000000,0x00000000b3457f68,0x00000000b3500000)
 Metaspace       used 65580K, committed 67008K, reserved 1114112K
  class space    used 6764K, committed 7424K, reserved 1048576K
}
Event: 362.070 GC heap after
{Heap after GC invocations=1245 (full 3):
 PSYoungGen      total 2048K, used 512K [0x00000000d5580000, 0x00000000d5b00000, 0x0000000100000000)
  eden space 1536K, 0% used [0x00000000d5580000,0x00000000d5580000,0x00000000d5700000)
  from space 512K, 100% used [0x00000000d5900000,0x00000000d5980000,0x00000000d5980000)
  to   space 2048K, 0% used [0x00000000d5700000,0x00000000d5700000,0x00000000d5900000)
 ParOldGen       total 841216K, used 840983K [0x0000000080000000, 0x00000000b3580000, 0x00000000d5580000)
  object space 841216K, 99% used [0x0000000080000000,0x00000000b3545f78,0x00000000b3580000)
 Metaspace       used 65580K, committed 67008K, reserved 1114112K
  class space    used 6764K, committed 7424K, reserved 1048576K
}
Event: 362.082 GC heap before
{Heap before GC invocations=1246 (full 3):
 PSYoungGen      total 2048K, used 2048K [0x00000000d5580000, 0x00000000d5b00000, 0x0000000100000000)
  eden space 1536K, 100% used [0x00000000d5580000,0x00000000d5700000,0x00000000d5700000)
  from space 512K, 100% used [0x00000000d5900000,0x00000000d5980000,0x00000000d5980000)
  to   space 2048K, 0% used [0x00000000d5700000,0x00000000d5700000,0x00000000d5900000)
 ParOldGen       total 841216K, used 840983K [0x0000000080000000, 0x00000000b3580000, 0x00000000d5580000)
  object space 841216K, 99% used [0x0000000080000000,0x00000000b3545f78,0x00000000b3580000)
 Metaspace       used 65580K, committed 67008K, reserved 1114112K
  class space    used 6764K, committed 7424K, reserved 1048576K
}
Event: 362.085 GC heap after
{Heap after GC invocations=1246 (full 3):
 PSYoungGen      total 3584K, used 1568K [0x00000000d5580000, 0x00000000d5b00000, 0x0000000100000000)
  eden space 1536K, 0% used [0x00000000d5580000,0x00000000d5580000,0x00000000d5700000)
  from space 2048K, 76% used [0x00000000d5700000,0x00000000d5888000,0x00000000d5900000)
  to   space 2048K, 0% used [0x00000000d5900000,0x00000000d5900000,0x00000000d5b00000)
 ParOldGen       total 841728K, used 841527K [0x0000000080000000, 0x00000000b3600000, 0x00000000d5580000)
  object space 841728K, 99% used [0x0000000080000000,0x00000000b35cdf78,0x00000000b3600000)
 Metaspace       used 65580K, committed 67008K, reserved 1114112K
  class space    used 6764K, committed 7424K, reserved 1048576K
}
Event: 362.096 GC heap before
{Heap before GC invocations=1247 (full 3):
 PSYoungGen      total 3584K, used 3104K [0x00000000d5580000, 0x00000000d5b00000, 0x0000000100000000)
  eden space 1536K, 100% used [0x00000000d5580000,0x00000000d5700000,0x00000000d5700000)
  from space 2048K, 76% used [0x00000000d5700000,0x00000000d5888000,0x00000000d5900000)
  to   space 2048K, 0% used [0x00000000d5900000,0x00000000d5900000,0x00000000d5b00000)
 ParOldGen       total 841728K, used 841527K [0x0000000080000000, 0x00000000b3600000, 0x00000000d5580000)
  object space 841728K, 99% used [0x0000000080000000,0x00000000b35cdf78,0x00000000b3600000)
 Metaspace       used 65580K, committed 67008K, reserved 1114112K
  class space    used 6764K, committed 7424K, reserved 1048576K
}
Event: 362.102 GC heap after
{Heap after GC invocations=1247 (full 3):
 PSYoungGen      total 3584K, used 1600K [0x00000000d5580000, 0x00000000d5b80000, 0x0000000100000000)
  eden space 1536K, 0% used [0x00000000d5580000,0x00000000d5580000,0x00000000d5700000)
  from space 2048K, 78% used [0x00000000d5900000,0x00000000d5a90000,0x00000000d5b00000)
  to   space 2048K, 0% used [0x00000000d5700000,0x00000000d5700000,0x00000000d5900000)
 ParOldGen       total 843264K, used 843039K [0x0000000080000000, 0x00000000b3780000, 0x00000000d5580000)
  object space 843264K, 99% used [0x0000000080000000,0x00000000b3747f78,0x00000000b3780000)
 Metaspace       used 65580K, committed 67008K, reserved 1114112K
  class space    used 6764K, committed 7424K, reserved 1048576K
}
Event: 362.116 GC heap before
{Heap before GC invocations=1248 (full 3):
 PSYoungGen      total 3584K, used 3136K [0x00000000d5580000, 0x00000000d5b80000, 0x0000000100000000)
  eden space 1536K, 100% used [0x00000000d5580000,0x00000000d5700000,0x00000000d5700000)
  from space 2048K, 78% used [0x00000000d5900000,0x00000000d5a90000,0x00000000d5b00000)
  to   space 2048K, 0% used [0x00000000d5700000,0x00000000d5700000,0x00000000d5900000)
 ParOldGen       total 843264K, used 843039K [0x0000000080000000, 0x00000000b3780000, 0x00000000d5580000)
  object space 843264K, 99% used [0x0000000080000000,0x00000000b3747f78,0x00000000b3780000)
 Metaspace       used 65582K, committed 67008K, reserved 1114112K
  class space    used 6764K, committed 7424K, reserved 1048576K
}
Event: 362.122 GC heap after
{Heap after GC invocations=1248 (full 3):
 PSYoungGen      total 3584K, used 1568K [0x00000000d5580000, 0x00000000d5b80000, 0x0000000100000000)
  eden space 1536K, 0% used [0x00000000d5580000,0x00000000d5580000,0x00000000d5700000)
  from space 2048K, 76% used [0x00000000d5700000,0x00000000d5888000,0x00000000d5900000)
  to   space 2048K, 0% used [0x00000000d5980000,0x00000000d5980000,0x00000000d5b80000)
 ParOldGen       total 844800K, used 844535K [0x0000000080000000, 0x00000000b3900000, 0x00000000d5580000)
  object space 844800K, 99% used [0x0000000080000000,0x00000000b38bdf78,0x00000000b3900000)
 Metaspace       used 65582K, committed 67008K, reserved 1114112K
  class space    used 6764K, committed 7424K, reserved 1048576K
}
Event: 362.133 GC heap before
{Heap before GC invocations=1249 (full 3):
 PSYoungGen      total 3584K, used 3104K [0x00000000d5580000, 0x00000000d5b80000, 0x0000000100000000)
  eden space 1536K, 100% used [0x00000000d5580000,0x00000000d5700000,0x00000000d5700000)
  from space 2048K, 76% used [0x00000000d5700000,0x00000000d5888000,0x00000000d5900000)
  to   space 2048K, 0% used [0x00000000d5980000,0x00000000d5980000,0x00000000d5b80000)
 ParOldGen       total 844800K, used 844535K [0x0000000080000000, 0x00000000b3900000, 0x00000000d5580000)
  object space 844800K, 99% used [0x0000000080000000,0x00000000b38bdf78,0x00000000b3900000)
 Metaspace       used 65582K, committed 67008K, reserved 1114112K
  class space    used 6764K, committed 7424K, reserved 1048576K
}
Event: 362.139 GC heap after
{Heap after GC invocations=1249 (full 3):
 PSYoungGen      total 4096K, used 1600K [0x00000000d5580000, 0x00000000d5b80000, 0x0000000100000000)
  eden space 2048K, 0% used [0x00000000d5580000,0x00000000d5580000,0x00000000d5780000)
  from space 2048K, 78% used [0x00000000d5980000,0x00000000d5b10000,0x00000000d5b80000)
  to   space 2048K, 0% used [0x00000000d5780000,0x00000000d5780000,0x00000000d5980000)
 ParOldGen       total 846336K, used 846039K [0x0000000080000000, 0x00000000b3a80000, 0x00000000d5580000)
  object space 846336K, 99% used [0x0000000080000000,0x00000000b3a35f78,0x00000000b3a80000)
 Metaspace       used 65582K, committed 67008K, reserved 1114112K
  class space    used 6764K, committed 7424K, reserved 1048576K
}
Event: 362.156 GC heap before
{Heap before GC invocations=1250 (full 3):
 PSYoungGen      total 4096K, used 3648K [0x00000000d5580000, 0x00000000d5b80000, 0x0000000100000000)
  eden space 2048K, 100% used [0x00000000d5580000,0x00000000d5780000,0x00000000d5780000)
  from space 2048K, 78% used [0x00000000d5980000,0x00000000d5b10000,0x00000000d5b80000)
  to   space 2048K, 0% used [0x00000000d5780000,0x00000000d5780000,0x00000000d5980000)
 ParOldGen       total 846336K, used 846039K [0x0000000080000000, 0x00000000b3a80000, 0x00000000d5580000)
  object space 846336K, 99% used [0x0000000080000000,0x00000000b3a35f78,0x00000000b3a80000)
 Metaspace       used 65599K, committed 67072K, reserved 1114112K
  class space    used 6765K, committed 7424K, reserved 1048576K
}
Event: 362.160 GC heap after
{Heap after GC invocations=1250 (full 3):
 PSYoungGen      total 4096K, used 1941K [0x00000000d5580000, 0x00000000d5c00000, 0x0000000100000000)
  eden space 2048K, 0% used [0x00000000d5580000,0x00000000d5580000,0x00000000d5780000)
  from space 2048K, 94% used [0x00000000d5780000,0x00000000d59657e0,0x00000000d5980000)
  to   space 2048K, 0% used [0x00000000d5a00000,0x00000000d5a00000,0x00000000d5c00000)
 ParOldGen       total 847872K, used 847527K [0x0000000080000000, 0x00000000b3c00000, 0x00000000d5580000)
  object space 847872K, 99% used [0x0000000080000000,0x00000000b3ba9f78,0x00000000b3c00000)
 Metaspace       used 65599K, committed 67072K, reserved 1114112K
  class space    used 6765K, committed 7424K, reserved 1048576K
}
Event: 362.177 GC heap before
{Heap before GC invocations=1251 (full 3):
 PSYoungGen      total 4096K, used 3989K [0x00000000d5580000, 0x00000000d5c00000, 0x0000000100000000)
  eden space 2048K, 100% used [0x00000000d5580000,0x00000000d5780000,0x00000000d5780000)
  from space 2048K, 94% used [0x00000000d5780000,0x00000000d59657e0,0x00000000d5980000)
  to   space 2048K, 0% used [0x00000000d5a00000,0x00000000d5a00000,0x00000000d5c00000)
 ParOldGen       total 847872K, used 847527K [0x0000000080000000, 0x00000000b3c00000, 0x00000000d5580000)
  object space 847872K, 99% used [0x0000000080000000,0x00000000b3ba9f90,0x00000000b3c00000)
 Metaspace       used 65638K, committed 67072K, reserved 1114112K
  class space    used 6766K, committed 7424K, reserved 1048576K
}
Event: 362.181 GC heap after
{Heap after GC invocations=1251 (full 3):
 PSYoungGen      total 4608K, used 2016K [0x00000000d5580000, 0x00000000d5c00000, 0x0000000100000000)
  eden space 2560K, 0% used [0x00000000d5580000,0x00000000d5580000,0x00000000d5800000)
  from space 2048K, 98% used [0x00000000d5a00000,0x00000000d5bf8010,0x00000000d5c00000)
  to   space 2048K, 0% used [0x00000000d5800000,0x00000000d5800000,0x00000000d5a00000)
 ParOldGen       total 849408K, used 849287K [0x0000000080000000, 0x00000000b3d80000, 0x00000000d5580000)
  object space 849408K, 99% used [0x0000000080000000,0x00000000b3d61f90,0x00000000b3d80000)
 Metaspace       used 65638K, committed 67072K, reserved 1114112K
  class space    used 6766K, committed 7424K, reserved 1048576K
}
Event: 362.228 GC heap before
{Heap before GC invocations=1252 (full 3):
 PSYoungGen      total 4608K, used 4576K [0x00000000d5580000, 0x00000000d5c00000, 0x0000000100000000)
  eden space 2560K, 100% used [0x00000000d5580000,0x00000000d5800000,0x00000000d5800000)
  from space 2048K, 98% used [0x00000000d5a00000,0x00000000d5bf8010,0x00000000d5c00000)
  to   space 2048K, 0% used [0x00000000d5800000,0x00000000d5800000,0x00000000d5a00000)
 ParOldGen       total 849408K, used 849345K [0x0000000080000000, 0x00000000b3d80000, 0x00000000d5580000)
  object space 849408K, 99% used [0x0000000080000000,0x00000000b3d70558,0x00000000b3d80000)
 Metaspace       used 65649K, committed 67072K, reserved 1114112K
  class space    used 6766K, committed 7424K, reserved 1048576K
}
Event: 362.232 GC heap after
{Heap after GC invocations=1252 (full 3):
 PSYoungGen      total 4608K, used 2048K [0x00000000d5580000, 0x00000000d6100000, 0x0000000100000000)
  eden space 2560K, 0% used [0x00000000d5580000,0x00000000d5580000,0x00000000d5800000)
  from space 2048K, 100% used [0x00000000d5800000,0x00000000d5a00000,0x00000000d5a00000)
  to   space 4608K, 0% used [0x00000000d5c80000,0x00000000d5c80000,0x00000000d6100000)
 ParOldGen       total 851456K, used 851433K [0x0000000080000000, 0x00000000b3f80000, 0x00000000d5580000)
  object space 851456K, 99% used [0x0000000080000000,0x00000000b3f7a558,0x00000000b3f80000)
 Metaspace       used 65649K, committed 67072K, reserved 1114112K
  class space    used 6766K, committed 7424K, reserved 1048576K
}

