# JRE version: OpenJDK Runtime Environment Temurin-21.0.7+6 (21.0.7+6) (build 21.0.7+6-LTS)
# Java VM: OpenJDK 64-Bit Server VM Temurin-21.0.7+6 (21.0.7+6-LTS, mixed mode, sharing, tiered, compressed oops, compressed class ptrs, parallel gc, windows-amd64)
GC Precious Log:
 CardTable entry size: 512
 CPUs: 8 total, 8 available
 Memory: 7865M
 Large Page Support: Disabled
 NUMA Support: Disabled
 Compressed Oops: Enabled (32-bit)
 Alignments: Space 512K, Generation 512K, Heap 2M
 Heap Min Capacity: 100M
 Heap Initial Capacity: 100M
 Heap Max Capacity: 2G
 Pre-touch: Disabled
 Parallel Workers: 8
Heap:
 PSYoungGen      total 3072K, used 1396K [0x00000000d5580000, 0x00000000d5980000, 0x0000000100000000)
  eden space 2048K, 40% used [0x00000000d5580000,0x00000000d5651c78,0x00000000d5780000)
  from space 1024K, 55% used [0x00000000d5880000,0x00000000d590ef40,0x00000000d5980000)
  to   space 1024K, 0% used [0x00000000d5780000,0x00000000d5780000,0x00000000d5880000)
 ParOldGen       total 228352K, used 209010K [0x0000000080000000, 0x000000008df00000, 0x00000000d5580000)
  object space 228352K, 91% used [0x0000000080000000,0x000000008cc1c868,0x000000008df00000)
 Metaspace       used 62035K, committed 63360K, reserved 1114112K
  class space    used 6391K, committed 6976K, reserved 1048576K
GC Heap History (20 events):
Event: 20.446 GC heap before
{Heap before GC invocations=386 (full 4):
 PSYoungGen      total 3072K, used 2541K [0x00000000d5580000, 0x00000000d5980000, 0x0000000100000000)
  eden space 2048K, 100% used [0x00000000d5580000,0x00000000d5780000,0x00000000d5780000)
  from space 1024K, 48% used [0x00000000d5780000,0x00000000d57fb7a0,0x00000000d5880000)
  to   space 1024K, 0% used [0x00000000d5880000,0x00000000d5880000,0x00000000d5980000)
 ParOldGen       total 228352K, used 203239K [0x0000000080000000, 0x000000008df00000, 0x00000000d5580000)
  object space 228352K, 89% used [0x0000000080000000,0x000000008c679c50,0x000000008df00000)
 Metaspace       used 62031K, committed 63360K, reserved 1114112K
  class space    used 6391K, committed 6976K, reserved 1048576K
}
Event: 20.447 GC heap after
{Heap after GC invocations=386 (full 4):
 PSYoungGen      total 2560K, used 446K [0x00000000d5580000, 0x00000000d5900000, 0x0000000100000000)
  eden space 2048K, 0% used [0x00000000d5580000,0x00000000d5580000,0x00000000d5780000)
  from space 512K, 87% used [0x00000000d5880000,0x00000000d58efb70,0x00000000d5900000)
  to   space 512K, 0% used [0x00000000d5800000,0x00000000d5800000,0x00000000d5880000)
 ParOldGen       total 228352K, used 203649K [0x0000000080000000, 0x000000008df00000, 0x00000000d5580000)
  object space 228352K, 89% used [0x0000000080000000,0x000000008c6e07c8,0x000000008df00000)
 Metaspace       used 62031K, committed 63360K, reserved 1114112K
  class space    used 6391K, committed 6976K, reserved 1048576K
}
Event: 20.459 GC heap before
{Heap before GC invocations=387 (full 4):
 PSYoungGen      total 2560K, used 2494K [0x00000000d5580000, 0x00000000d5900000, 0x0000000100000000)
  eden space 2048K, 100% used [0x00000000d5580000,0x00000000d5780000,0x00000000d5780000)
  from space 512K, 87% used [0x00000000d5880000,0x00000000d58efb70,0x00000000d5900000)
  to   space 512K, 0% used [0x00000000d5800000,0x00000000d5800000,0x00000000d5880000)
 ParOldGen       total 228352K, used 203649K [0x0000000080000000, 0x000000008df00000, 0x00000000d5580000)
  object space 228352K, 89% used [0x0000000080000000,0x000000008c6e07c8,0x000000008df00000)
 Metaspace       used 62031K, committed 63360K, reserved 1114112K
  class space    used 6391K, committed 6976K, reserved 1048576K
}
Event: 20.460 GC heap after
{Heap after GC invocations=387 (full 4):
 PSYoungGen      total 2560K, used 481K [0x00000000d5580000, 0x00000000d5980000, 0x0000000100000000)
  eden space 2048K, 0% used [0x00000000d5580000,0x00000000d5580000,0x00000000d5780000)
  from space 512K, 94% used [0x00000000d5800000,0x00000000d5878780,0x00000000d5880000)
  to   space 1024K, 0% used [0x00000000d5880000,0x00000000d5880000,0x00000000d5980000)
 ParOldGen       total 228352K, used 204041K [0x0000000080000000, 0x000000008df00000, 0x00000000d5580000)
  object space 228352K, 89% used [0x0000000080000000,0x000000008c7427e8,0x000000008df00000)
 Metaspace       used 62031K, committed 63360K, reserved 1114112K
  class space    used 6391K, committed 6976K, reserved 1048576K
}
Event: 20.467 GC heap before
{Heap before GC invocations=388 (full 4):
 PSYoungGen      total 2560K, used 2529K [0x00000000d5580000, 0x00000000d5980000, 0x0000000100000000)
  eden space 2048K, 100% used [0x00000000d5580000,0x00000000d5780000,0x00000000d5780000)
  from space 512K, 94% used [0x00000000d5800000,0x00000000d5878780,0x00000000d5880000)
  to   space 1024K, 0% used [0x00000000d5880000,0x00000000d5880000,0x00000000d5980000)
 ParOldGen       total 228352K, used 204041K [0x0000000080000000, 0x000000008df00000, 0x00000000d5580000)
  object space 228352K, 89% used [0x0000000080000000,0x000000008c7427e8,0x000000008df00000)
 Metaspace       used 62031K, committed 63360K, reserved 1114112K
  class space    used 6391K, committed 6976K, reserved 1048576K
}
Event: 20.470 GC heap after
{Heap after GC invocations=388 (full 4):
 PSYoungGen      total 3072K, used 637K [0x00000000d5580000, 0x00000000d5a00000, 0x0000000100000000)
  eden space 2048K, 0% used [0x00000000d5580000,0x00000000d5580000,0x00000000d5780000)
  from space 1024K, 62% used [0x00000000d5880000,0x00000000d591f4d8,0x00000000d5980000)
  to   space 1024K, 0% used [0x00000000d5780000,0x00000000d5780000,0x00000000d5880000)
 ParOldGen       total 228352K, used 204471K [0x0000000080000000, 0x000000008df00000, 0x00000000d5580000)
  object space 228352K, 89% used [0x0000000080000000,0x000000008c7adda0,0x000000008df00000)
 Metaspace       used 62031K, committed 63360K, reserved 1114112K
  class space    used 6391K, committed 6976K, reserved 1048576K
}
Event: 20.481 GC heap before
{Heap before GC invocations=389 (full 4):
 PSYoungGen      total 3072K, used 2685K [0x00000000d5580000, 0x00000000d5a00000, 0x0000000100000000)
  eden space 2048K, 100% used [0x00000000d5580000,0x00000000d5780000,0x00000000d5780000)
  from space 1024K, 62% used [0x00000000d5880000,0x00000000d591f4d8,0x00000000d5980000)
  to   space 1024K, 0% used [0x00000000d5780000,0x00000000d5780000,0x00000000d5880000)
 ParOldGen       total 228352K, used 204471K [0x0000000080000000, 0x000000008df00000, 0x00000000d5580000)
  object space 228352K, 89% used [0x0000000080000000,0x000000008c7adda0,0x000000008df00000)
 Metaspace       used 62031K, committed 63360K, reserved 1114112K
  class space    used 6391K, committed 6976K, reserved 1048576K
}
Event: 20.482 GC heap after
{Heap after GC invocations=389 (full 4):
 PSYoungGen      total 3072K, used 480K [0x00000000d5580000, 0x00000000d5a00000, 0x0000000100000000)
  eden space 2048K, 0% used [0x00000000d5580000,0x00000000d5580000,0x00000000d5780000)
  from space 1024K, 46% used [0x00000000d5780000,0x00000000d57f8000,0x00000000d5880000)
  to   space 1024K, 0% used [0x00000000d5900000,0x00000000d5900000,0x00000000d5a00000)
 ParOldGen       total 228352K, used 204962K [0x0000000080000000, 0x000000008df00000, 0x00000000d5580000)
  object space 228352K, 89% used [0x0000000080000000,0x000000008c828bb8,0x000000008df00000)
 Metaspace       used 62031K, committed 63360K, reserved 1114112K
  class space    used 6391K, committed 6976K, reserved 1048576K
}
Event: 20.499 GC heap before
{Heap before GC invocations=390 (full 4):
 PSYoungGen      total 3072K, used 2527K [0x00000000d5580000, 0x00000000d5a00000, 0x0000000100000000)
  eden space 2048K, 99% used [0x00000000d5580000,0x00000000d577ff80,0x00000000d5780000)
  from space 1024K, 46% used [0x00000000d5780000,0x00000000d57f8000,0x00000000d5880000)
  to   space 1024K, 0% used [0x00000000d5900000,0x00000000d5900000,0x00000000d5a00000)
 ParOldGen       total 228352K, used 204962K [0x0000000080000000, 0x000000008df00000, 0x00000000d5580000)
  object space 228352K, 89% used [0x0000000080000000,0x000000008c828bb8,0x000000008df00000)
 Metaspace       used 62031K, committed 63360K, reserved 1114112K
  class space    used 6391K, committed 6976K, reserved 1048576K
}
Event: 20.502 GC heap after
{Heap after GC invocations=390 (full 4):
 PSYoungGen      total 3072K, used 607K [0x00000000d5580000, 0x00000000d5a00000, 0x0000000100000000)
  eden space 2048K, 0% used [0x00000000d5580000,0x00000000d5580000,0x00000000d5780000)
  from space 1024K, 59% used [0x00000000d5900000,0x00000000d5997fe0,0x00000000d5a00000)
  to   space 1024K, 0% used [0x00000000d5780000,0x00000000d5780000,0x00000000d5880000)
 ParOldGen       total 228352K, used 205365K [0x0000000080000000, 0x000000008df00000, 0x00000000d5580000)
  object space 228352K, 89% used [0x0000000080000000,0x000000008c88d5c8,0x000000008df00000)
 Metaspace       used 62031K, committed 63360K, reserved 1114112K
  class space    used 6391K, committed 6976K, reserved 1048576K
}
Event: 20.513 GC heap before
{Heap before GC invocations=391 (full 4):
 PSYoungGen      total 3072K, used 2655K [0x00000000d5580000, 0x00000000d5a00000, 0x0000000100000000)
  eden space 2048K, 100% used [0x00000000d5580000,0x00000000d5780000,0x00000000d5780000)
  from space 1024K, 59% used [0x00000000d5900000,0x00000000d5997fe0,0x00000000d5a00000)
  to   space 1024K, 0% used [0x00000000d5780000,0x00000000d5780000,0x00000000d5880000)
 ParOldGen       total 228352K, used 205365K [0x0000000080000000, 0x000000008df00000, 0x00000000d5580000)
  object space 228352K, 89% used [0x0000000080000000,0x000000008c88d5c8,0x000000008df00000)
 Metaspace       used 62031K, committed 63360K, reserved 1114112K
  class space    used 6391K, committed 6976K, reserved 1048576K
}
Event: 20.515 GC heap after
{Heap after GC invocations=391 (full 4):
 PSYoungGen      total 3072K, used 696K [0x00000000d5580000, 0x00000000d5980000, 0x0000000100000000)
  eden space 2048K, 0% used [0x00000000d5580000,0x00000000d5580000,0x00000000d5780000)
  from space 1024K, 67% used [0x00000000d5780000,0x00000000d582e068,0x00000000d5880000)
  to   space 1024K, 0% used [0x00000000d5880000,0x00000000d5880000,0x00000000d5980000)
 ParOldGen       total 228352K, used 205777K [0x0000000080000000, 0x000000008df00000, 0x00000000d5580000)
  object space 228352K, 90% used [0x0000000080000000,0x000000008c8f47a8,0x000000008df00000)
 Metaspace       used 62031K, committed 63360K, reserved 1114112K
  class space    used 6391K, committed 6976K, reserved 1048576K
}
Event: 20.525 GC heap before
{Heap before GC invocations=392 (full 4):
 PSYoungGen      total 3072K, used 2744K [0x00000000d5580000, 0x00000000d5980000, 0x0000000100000000)
  eden space 2048K, 100% used [0x00000000d5580000,0x00000000d5780000,0x00000000d5780000)
  from space 1024K, 67% used [0x00000000d5780000,0x00000000d582e068,0x00000000d5880000)
  to   space 1024K, 0% used [0x00000000d5880000,0x00000000d5880000,0x00000000d5980000)
 ParOldGen       total 228352K, used 205777K [0x0000000080000000, 0x000000008df00000, 0x00000000d5580000)
  object space 228352K, 90% used [0x0000000080000000,0x000000008c8f47a8,0x000000008df00000)
 Metaspace       used 62031K, committed 63360K, reserved 1114112K
  class space    used 6391K, committed 6976K, reserved 1048576K
}
Event: 20.527 GC heap after
{Heap after GC invocations=392 (full 4):
 PSYoungGen      total 3072K, used 667K [0x00000000d5580000, 0x00000000d5980000, 0x0000000100000000)
  eden space 2048K, 0% used [0x00000000d5580000,0x00000000d5580000,0x00000000d5780000)
  from space 1024K, 65% used [0x00000000d5880000,0x00000000d5926f28,0x00000000d5980000)
  to   space 1024K, 0% used [0x00000000d5780000,0x00000000d5780000,0x00000000d5880000)
 ParOldGen       total 228352K, used 206302K [0x0000000080000000, 0x000000008df00000, 0x00000000d5580000)
  object space 228352K, 90% used [0x0000000080000000,0x000000008c977be0,0x000000008df00000)
 Metaspace       used 62031K, committed 63360K, reserved 1114112K
  class space    used 6391K, committed 6976K, reserved 1048576K
}
Event: 20.581 GC heap before
{Heap before GC invocations=393 (full 4):
 PSYoungGen      total 3072K, used 2715K [0x00000000d5580000, 0x00000000d5980000, 0x0000000100000000)
  eden space 2048K, 99% used [0x00000000d5580000,0x00000000d577ffc0,0x00000000d5780000)
  from space 1024K, 65% used [0x00000000d5880000,0x00000000d5926f28,0x00000000d5980000)
  to   space 1024K, 0% used [0x00000000d5780000,0x00000000d5780000,0x00000000d5880000)
 ParOldGen       total 228352K, used 206302K [0x0000000080000000, 0x000000008df00000, 0x00000000d5580000)
  object space 228352K, 90% used [0x0000000080000000,0x000000008c977be0,0x000000008df00000)
 Metaspace       used 62031K, committed 63360K, reserved 1114112K
  class space    used 6391K, committed 6976K, reserved 1048576K
}
Event: 20.582 GC heap after
{Heap after GC invocations=393 (full 4):
 PSYoungGen      total 3072K, used 672K [0x00000000d5580000, 0x00000000d5980000, 0x0000000100000000)
  eden space 2048K, 0% used [0x00000000d5580000,0x00000000d5580000,0x00000000d5780000)
  from space 1024K, 65% used [0x00000000d5780000,0x00000000d58283d8,0x00000000d5880000)
  to   space 1024K, 0% used [0x00000000d5880000,0x00000000d5880000,0x00000000d5980000)
 ParOldGen       total 228352K, used 206834K [0x0000000080000000, 0x000000008df00000, 0x00000000d5580000)
  object space 228352K, 90% used [0x0000000080000000,0x000000008c9fcb08,0x000000008df00000)
 Metaspace       used 62031K, committed 63360K, reserved 1114112K
  class space    used 6391K, committed 6976K, reserved 1048576K
}
Event: 20.600 GC heap before
{Heap before GC invocations=394 (full 4):
 PSYoungGen      total 3072K, used 2720K [0x00000000d5580000, 0x00000000d5980000, 0x0000000100000000)
  eden space 2048K, 100% used [0x00000000d5580000,0x00000000d5780000,0x00000000d5780000)
  from space 1024K, 65% used [0x00000000d5780000,0x00000000d58283d8,0x00000000d5880000)
  to   space 1024K, 0% used [0x00000000d5880000,0x00000000d5880000,0x00000000d5980000)
 ParOldGen       total 228352K, used 206834K [0x0000000080000000, 0x000000008df00000, 0x00000000d5580000)
  object space 228352K, 90% used [0x0000000080000000,0x000000008c9fcb08,0x000000008df00000)
 Metaspace       used 62031K, committed 63360K, reserved 1114112K
  class space    used 6391K, committed 6976K, reserved 1048576K
}
Event: 20.605 GC heap after
{Heap after GC invocations=394 (full 4):
 PSYoungGen      total 3072K, used 659K [0x00000000d5580000, 0x00000000d5980000, 0x0000000100000000)
  eden space 2048K, 0% used [0x00000000d5580000,0x00000000d5580000,0x00000000d5780000)
  from space 1024K, 64% used [0x00000000d5880000,0x00000000d5924e80,0x00000000d5980000)
  to   space 1024K, 0% used [0x00000000d5780000,0x00000000d5780000,0x00000000d5880000)
 ParOldGen       total 228352K, used 207278K [0x0000000080000000, 0x000000008df00000, 0x00000000d5580000)
  object space 228352K, 90% used [0x0000000080000000,0x000000008ca6b8d0,0x000000008df00000)
 Metaspace       used 62031K, committed 63360K, reserved 1114112K
  class space    used 6391K, committed 6976K, reserved 1048576K
}
Event: 20.633 GC heap before
{Heap before GC invocations=395 (full 4):
 PSYoungGen      total 3072K, used 2707K [0x00000000d5580000, 0x00000000d5980000, 0x0000000100000000)
  eden space 2048K, 100% used [0x00000000d5580000,0x00000000d5780000,0x00000000d5780000)
  from space 1024K, 64% used [0x00000000d5880000,0x00000000d5924e80,0x00000000d5980000)
  to   space 1024K, 0% used [0x00000000d5780000,0x00000000d5780000,0x00000000d5880000)
 ParOldGen       total 228352K, used 207278K [0x0000000080000000, 0x000000008df00000, 0x00000000d5580000)
  object space 228352K, 90% used [0x0000000080000000,0x000000008ca6b8d0,0x000000008df00000)
 Metaspace       used 62031K, committed 63360K, reserved 1114112K
  class space    used 6391K, committed 6976K, reserved 1048576K
}
Event: 20.635 GC heap after
{Heap after GC invocations=395 (full 4):
 PSYoungGen      total 3072K, used 558K [0x00000000d5580000, 0x00000000d5980000, 0x0000000100000000)
  eden space 2048K, 0% used [0x00000000d5580000,0x00000000d5580000,0x00000000d5780000)
  from space 1024K, 54% used [0x00000000d5780000,0x00000000d580b9e0,0x00000000d5880000)
  to   space 1024K, 0% used [0x00000000d5880000,0x00000000d5880000,0x00000000d5980000)
 ParOldGen       total 228352K, used 207808K [0x0000000080000000, 0x000000008df00000, 0x00000000d5580000)
  object space 228352K, 91% used [0x0000000080000000,0x000000008caf01a8,0x000000008df00000)
 Metaspace       used 62031K, committed 63360K, reserved 1114112K
  class space    used 6391K, committed 6976K, reserved 1048576K
}

