# JRE version: OpenJDK Runtime Environment Temurin-21.0.7+6 (21.0.7+6) (build 21.0.7+6-LTS)
# Java VM: OpenJDK 64-Bit Server VM Temurin-21.0.7+6 (21.0.7+6-LTS, mixed mode, sharing, tiered, compressed oops, compressed class ptrs, parallel gc, windows-amd64)
GC Precious Log:
 CardTable entry size: 512
 CPUs: 8 total, 8 available
 Memory: 7865M
 Large Page Support: Disabled
 NUMA Support: Disabled
 Compressed Oops: Enabled (32-bit)
 Alignments: Space 512K, Generation 512K, Heap 2M
 Heap Min Capacity: 100M
 Heap Initial Capacity: 100M
 Heap Max Capacity: 2G
 Pre-touch: Disabled
 Parallel Workers: 8
Heap:
 PSYoungGen      total 8192K, used 8115K [0x00000000d5580000, 0x00000000d6000000, 0x0000000100000000)
  eden space 6656K, 100% used [0x00000000d5580000,0x00000000d5c00000,0x00000000d5c00000)
  from space 1536K, 95% used [0x00000000d5c00000,0x00000000d5d6cfd0,0x00000000d5d80000)
  to   space 2048K, 31% used [0x00000000d5e00000,0x00000000d5ea0000,0x00000000d6000000)
 ParOldGen       total 432128K, used 431869K [0x0000000080000000, 0x000000009a600000, 0x00000000d5580000)
  object space 432128K, 99% used [0x0000000080000000,0x000000009a5bf738,0x000000009a600000)
 Metaspace       used 66272K, committed 67840K, reserved 1114112K
  class space    used 6667K, committed 7360K, reserved 1048576K
GC Heap History (20 events):
Event: 22.991 GC heap after
{Heap after GC invocations=482 (full 3):
 PSYoungGen      total 8704K, used 1906K [0x00000000d5580000, 0x00000000d6280000, 0x0000000100000000)
  eden space 6656K, 0% used [0x00000000d5580000,0x00000000d5580000,0x00000000d5c00000)
  from space 2048K, 93% used [0x00000000d5e80000,0x00000000d605ca48,0x00000000d6080000)
  to   space 2048K, 0% used [0x00000000d6080000,0x00000000d6080000,0x00000000d6280000)
 ParOldGen       total 422400K, used 422312K [0x0000000080000000, 0x0000000099c80000, 0x00000000d5580000)
  object space 422400K, 99% used [0x0000000080000000,0x0000000099c6a0f0,0x0000000099c80000)
 Metaspace       used 66264K, committed 67840K, reserved 1114112K
  class space    used 6667K, committed 7360K, reserved 1048576K
}
Event: 23.015 GC heap before
{Heap before GC invocations=483 (full 3):
 PSYoungGen      total 8704K, used 8562K [0x00000000d5580000, 0x00000000d6280000, 0x0000000100000000)
  eden space 6656K, 100% used [0x00000000d5580000,0x00000000d5c00000,0x00000000d5c00000)
  from space 2048K, 93% used [0x00000000d5e80000,0x00000000d605ca48,0x00000000d6080000)
  to   space 2048K, 0% used [0x00000000d6080000,0x00000000d6080000,0x00000000d6280000)
 ParOldGen       total 422400K, used 422312K [0x0000000080000000, 0x0000000099c80000, 0x00000000d5580000)
  object space 422400K, 99% used [0x0000000080000000,0x0000000099c6a0f0,0x0000000099c80000)
 Metaspace       used 66264K, committed 67840K, reserved 1114112K
  class space    used 6667K, committed 7360K, reserved 1048576K
}
Event: 23.018 GC heap after
{Heap after GC invocations=483 (full 3):
 PSYoungGen      total 8192K, used 1152K [0x00000000d5580000, 0x00000000d6200000, 0x0000000100000000)
  eden space 6656K, 0% used [0x00000000d5580000,0x00000000d5580000,0x00000000d5c00000)
  from space 1536K, 75% used [0x00000000d6080000,0x00000000d61a0000,0x00000000d6200000)
  to   space 1536K, 0% used [0x00000000d5f00000,0x00000000d5f00000,0x00000000d6080000)
 ParOldGen       total 424448K, used 424109K [0x0000000080000000, 0x0000000099e80000, 0x00000000d5580000)
  object space 424448K, 99% used [0x0000000080000000,0x0000000099e2b4a8,0x0000000099e80000)
 Metaspace       used 66264K, committed 67840K, reserved 1114112K
  class space    used 6667K, committed 7360K, reserved 1048576K
}
Event: 23.044 GC heap before
{Heap before GC invocations=484 (full 3):
 PSYoungGen      total 8192K, used 7808K [0x00000000d5580000, 0x00000000d6200000, 0x0000000100000000)
  eden space 6656K, 100% used [0x00000000d5580000,0x00000000d5c00000,0x00000000d5c00000)
  from space 1536K, 75% used [0x00000000d6080000,0x00000000d61a0000,0x00000000d6200000)
  to   space 1536K, 0% used [0x00000000d5f00000,0x00000000d5f00000,0x00000000d6080000)
 ParOldGen       total 424448K, used 424109K [0x0000000080000000, 0x0000000099e80000, 0x00000000d5580000)
  object space 424448K, 99% used [0x0000000080000000,0x0000000099e2b4a8,0x0000000099e80000)
 Metaspace       used 66264K, committed 67840K, reserved 1114112K
  class space    used 6667K, committed 7360K, reserved 1048576K
}
Event: 23.048 GC heap after
{Heap after GC invocations=484 (full 3):
 PSYoungGen      total 7680K, used 915K [0x00000000d5580000, 0x00000000d6100000, 0x0000000100000000)
  eden space 6656K, 0% used [0x00000000d5580000,0x00000000d5580000,0x00000000d5c00000)
  from space 1024K, 89% used [0x00000000d5f00000,0x00000000d5fe4db0,0x00000000d6000000)
  to   space 1024K, 0% used [0x00000000d6000000,0x00000000d6000000,0x00000000d6100000)
 ParOldGen       total 425472K, used 425139K [0x0000000080000000, 0x0000000099f80000, 0x00000000d5580000)
  object space 425472K, 99% used [0x0000000080000000,0x0000000099f2cee0,0x0000000099f80000)
 Metaspace       used 66264K, committed 67840K, reserved 1114112K
  class space    used 6667K, committed 7360K, reserved 1048576K
}
Event: 23.077 GC heap before
{Heap before GC invocations=485 (full 3):
 PSYoungGen      total 7680K, used 7571K [0x00000000d5580000, 0x00000000d6100000, 0x0000000100000000)
  eden space 6656K, 100% used [0x00000000d5580000,0x00000000d5c00000,0x00000000d5c00000)
  from space 1024K, 89% used [0x00000000d5f00000,0x00000000d5fe4db0,0x00000000d6000000)
  to   space 1024K, 0% used [0x00000000d6000000,0x00000000d6000000,0x00000000d6100000)
 ParOldGen       total 425472K, used 425139K [0x0000000080000000, 0x0000000099f80000, 0x00000000d5580000)
  object space 425472K, 99% used [0x0000000080000000,0x0000000099f2cee0,0x0000000099f80000)
 Metaspace       used 66264K, committed 67840K, reserved 1114112K
  class space    used 6667K, committed 7360K, reserved 1048576K
}
Event: 23.083 GC heap after
{Heap after GC invocations=485 (full 3):
 PSYoungGen      total 7680K, used 963K [0x00000000d5580000, 0x00000000d6100000, 0x0000000100000000)
  eden space 6656K, 0% used [0x00000000d5580000,0x00000000d5580000,0x00000000d5c00000)
  from space 1024K, 94% used [0x00000000d6000000,0x00000000d60f0ee8,0x00000000d6100000)
  to   space 1024K, 0% used [0x00000000d5f00000,0x00000000d5f00000,0x00000000d6000000)
 ParOldGen       total 425984K, used 425983K [0x0000000080000000, 0x000000009a000000, 0x00000000d5580000)
  object space 425984K, 99% used [0x0000000080000000,0x0000000099fffc80,0x000000009a000000)
 Metaspace       used 66264K, committed 67840K, reserved 1114112K
  class space    used 6667K, committed 7360K, reserved 1048576K
}
Event: 23.106 GC heap before
{Heap before GC invocations=486 (full 3):
 PSYoungGen      total 7680K, used 7600K [0x00000000d5580000, 0x00000000d6100000, 0x0000000100000000)
  eden space 6656K, 99% used [0x00000000d5580000,0x00000000d5bfb2b0,0x00000000d5c00000)
  from space 1024K, 94% used [0x00000000d6000000,0x00000000d60f0ee8,0x00000000d6100000)
  to   space 1024K, 0% used [0x00000000d5f00000,0x00000000d5f00000,0x00000000d6000000)
 ParOldGen       total 425984K, used 425983K [0x0000000080000000, 0x000000009a000000, 0x00000000d5580000)
  object space 425984K, 99% used [0x0000000080000000,0x0000000099fffc80,0x000000009a000000)
 Metaspace       used 66264K, committed 67840K, reserved 1114112K
  class space    used 6667K, committed 7360K, reserved 1048576K
}
Event: 23.113 GC heap after
{Heap after GC invocations=486 (full 3):
 PSYoungGen      total 7680K, used 947K [0x00000000d5580000, 0x00000000d6080000, 0x0000000100000000)
  eden space 6656K, 0% used [0x00000000d5580000,0x00000000d5580000,0x00000000d5c00000)
  from space 1024K, 92% used [0x00000000d5f00000,0x00000000d5fecfd0,0x00000000d6000000)
  to   space 512K, 0% used [0x00000000d6000000,0x00000000d6000000,0x00000000d6080000)
 ParOldGen       total 427008K, used 426882K [0x0000000080000000, 0x000000009a100000, 0x00000000d5580000)
  object space 427008K, 99% used [0x0000000080000000,0x000000009a0e0b58,0x000000009a100000)
 Metaspace       used 66264K, committed 67840K, reserved 1114112K
  class space    used 6667K, committed 7360K, reserved 1048576K
}
Event: 23.130 GC heap before
{Heap before GC invocations=487 (full 3):
 PSYoungGen      total 7680K, used 7603K [0x00000000d5580000, 0x00000000d6080000, 0x0000000100000000)
  eden space 6656K, 100% used [0x00000000d5580000,0x00000000d5c00000,0x00000000d5c00000)
  from space 1024K, 92% used [0x00000000d5f00000,0x00000000d5fecfd0,0x00000000d6000000)
  to   space 512K, 0% used [0x00000000d6000000,0x00000000d6000000,0x00000000d6080000)
 ParOldGen       total 427008K, used 426882K [0x0000000080000000, 0x000000009a100000, 0x00000000d5580000)
  object space 427008K, 99% used [0x0000000080000000,0x000000009a0e0b58,0x000000009a100000)
 Metaspace       used 66264K, committed 67840K, reserved 1114112K
  class space    used 6667K, committed 7360K, reserved 1048576K
}
Event: 23.134 GC heap after
{Heap after GC invocations=487 (full 3):
 PSYoungGen      total 7168K, used 435K [0x00000000d5580000, 0x00000000d6080000, 0x0000000100000000)
  eden space 6656K, 0% used [0x00000000d5580000,0x00000000d5580000,0x00000000d5c00000)
  from space 512K, 85% used [0x00000000d6000000,0x00000000d606cfd0,0x00000000d6080000)
  to   space 1024K, 0% used [0x00000000d5e80000,0x00000000d5e80000,0x00000000d5f80000)
 ParOldGen       total 428032K, used 427748K [0x0000000080000000, 0x000000009a200000, 0x00000000d5580000)
  object space 428032K, 99% used [0x0000000080000000,0x000000009a1b9018,0x000000009a200000)
 Metaspace       used 66264K, committed 67840K, reserved 1114112K
  class space    used 6667K, committed 7360K, reserved 1048576K
}
Event: 23.150 GC heap before
{Heap before GC invocations=488 (full 3):
 PSYoungGen      total 7168K, used 7091K [0x00000000d5580000, 0x00000000d6080000, 0x0000000100000000)
  eden space 6656K, 100% used [0x00000000d5580000,0x00000000d5c00000,0x00000000d5c00000)
  from space 512K, 85% used [0x00000000d6000000,0x00000000d606cfd0,0x00000000d6080000)
  to   space 1024K, 0% used [0x00000000d5e80000,0x00000000d5e80000,0x00000000d5f80000)
 ParOldGen       total 428032K, used 427748K [0x0000000080000000, 0x000000009a200000, 0x00000000d5580000)
  object space 428032K, 99% used [0x0000000080000000,0x000000009a1b9018,0x000000009a200000)
 Metaspace       used 66264K, committed 67840K, reserved 1114112K
  class space    used 6667K, committed 7360K, reserved 1048576K
}
Event: 23.154 GC heap after
{Heap after GC invocations=488 (full 3):
 PSYoungGen      total 7680K, used 891K [0x00000000d5580000, 0x00000000d6080000, 0x0000000100000000)
  eden space 6656K, 0% used [0x00000000d5580000,0x00000000d5580000,0x00000000d5c00000)
  from space 1024K, 87% used [0x00000000d5e80000,0x00000000d5f5ef48,0x00000000d5f80000)
  to   space 1024K, 0% used [0x00000000d5f80000,0x00000000d5f80000,0x00000000d6080000)
 ParOldGen       total 428544K, used 428087K [0x0000000080000000, 0x000000009a280000, 0x00000000d5580000)
  object space 428544K, 99% used [0x0000000080000000,0x000000009a20dfe8,0x000000009a280000)
 Metaspace       used 66264K, committed 67840K, reserved 1114112K
  class space    used 6667K, committed 7360K, reserved 1048576K
}
Event: 23.191 GC heap before
{Heap before GC invocations=489 (full 3):
 PSYoungGen      total 7680K, used 7547K [0x00000000d5580000, 0x00000000d6080000, 0x0000000100000000)
  eden space 6656K, 100% used [0x00000000d5580000,0x00000000d5c00000,0x00000000d5c00000)
  from space 1024K, 87% used [0x00000000d5e80000,0x00000000d5f5ef48,0x00000000d5f80000)
  to   space 1024K, 0% used [0x00000000d5f80000,0x00000000d5f80000,0x00000000d6080000)
 ParOldGen       total 428544K, used 428087K [0x0000000080000000, 0x000000009a280000, 0x00000000d5580000)
  object space 428544K, 99% used [0x0000000080000000,0x000000009a20dfe8,0x000000009a280000)
 Metaspace       used 66272K, committed 67840K, reserved 1114112K
  class space    used 6667K, committed 7360K, reserved 1048576K
}
Event: 23.199 GC heap after
{Heap after GC invocations=489 (full 3):
 PSYoungGen      total 7680K, used 993K [0x00000000d5580000, 0x00000000d6300000, 0x0000000100000000)
  eden space 6656K, 0% used [0x00000000d5580000,0x00000000d5580000,0x00000000d5c00000)
  from space 1024K, 96% used [0x00000000d5f80000,0x00000000d6078420,0x00000000d6080000)
  to   space 3584K, 0% used [0x00000000d5c00000,0x00000000d5c00000,0x00000000d5f80000)
 ParOldGen       total 430080K, used 429865K [0x0000000080000000, 0x000000009a400000, 0x00000000d5580000)
  object space 430080K, 99% used [0x0000000080000000,0x000000009a3ca568,0x000000009a400000)
 Metaspace       used 66272K, committed 67840K, reserved 1114112K
  class space    used 6667K, committed 7360K, reserved 1048576K
}
Event: 23.214 GC heap before
{Heap before GC invocations=490 (full 3):
 PSYoungGen      total 7680K, used 7649K [0x00000000d5580000, 0x00000000d6300000, 0x0000000100000000)
  eden space 6656K, 100% used [0x00000000d5580000,0x00000000d5c00000,0x00000000d5c00000)
  from space 1024K, 96% used [0x00000000d5f80000,0x00000000d6078420,0x00000000d6080000)
  to   space 3584K, 0% used [0x00000000d5c00000,0x00000000d5c00000,0x00000000d5f80000)
 ParOldGen       total 430080K, used 429865K [0x0000000080000000, 0x000000009a400000, 0x00000000d5580000)
  object space 430080K, 99% used [0x0000000080000000,0x000000009a3ca568,0x000000009a400000)
 Metaspace       used 66272K, committed 67840K, reserved 1114112K
  class space    used 6667K, committed 7360K, reserved 1048576K
}
Event: 23.218 GC heap after
{Heap after GC invocations=490 (full 3):
 PSYoungGen      total 8192K, used 1459K [0x00000000d5580000, 0x00000000d6000000, 0x0000000100000000)
  eden space 6656K, 0% used [0x00000000d5580000,0x00000000d5580000,0x00000000d5c00000)
  from space 1536K, 95% used [0x00000000d5c00000,0x00000000d5d6cfd0,0x00000000d5d80000)
  to   space 2048K, 0% used [0x00000000d5e00000,0x00000000d5e00000,0x00000000d6000000)
 ParOldGen       total 431104K, used 430877K [0x0000000080000000, 0x000000009a500000, 0x00000000d5580000)
  object space 431104K, 99% used [0x0000000080000000,0x000000009a4c7798,0x000000009a500000)
 Metaspace       used 66272K, committed 67840K, reserved 1114112K
  class space    used 6667K, committed 7360K, reserved 1048576K
}
Event: 23.235 GC heap before
{Heap before GC invocations=491 (full 3):
 PSYoungGen      total 8192K, used 8115K [0x00000000d5580000, 0x00000000d6000000, 0x0000000100000000)
  eden space 6656K, 100% used [0x00000000d5580000,0x00000000d5c00000,0x00000000d5c00000)
  from space 1536K, 95% used [0x00000000d5c00000,0x00000000d5d6cfd0,0x00000000d5d80000)
  to   space 2048K, 0% used [0x00000000d5e00000,0x00000000d5e00000,0x00000000d6000000)
 ParOldGen       total 431104K, used 430877K [0x0000000080000000, 0x000000009a500000, 0x00000000d5580000)
  object space 431104K, 99% used [0x0000000080000000,0x000000009a4c7798,0x000000009a500000)
 Metaspace       used 66272K, committed 67840K, reserved 1114112K
  class space    used 6667K, committed 7360K, reserved 1048576K
}
Event: 23.239 GC heap after
{Heap after GC invocations=491 (full 3):
 PSYoungGen      total 8192K, used 8115K [0x00000000d5580000, 0x00000000d6000000, 0x0000000100000000)
  eden space 6656K, 100% used [0x00000000d5580000,0x00000000d5c00000,0x00000000d5c00000)
  from space 1536K, 95% used [0x00000000d5c00000,0x00000000d5d6cfd0,0x00000000d5d80000)
  to   space 2048K, 31% used [0x00000000d5e00000,0x00000000d5ea0000,0x00000000d6000000)
 ParOldGen       total 432128K, used 431869K [0x0000000080000000, 0x000000009a600000, 0x00000000d5580000)
  object space 432128K, 99% used [0x0000000080000000,0x000000009a5bf738,0x000000009a600000)
 Metaspace       used 66272K, committed 67840K, reserved 1114112K
  class space    used 6667K, committed 7360K, reserved 1048576K
}
Event: 23.239 GC heap before
{Heap before GC invocations=492 (full 4):
 PSYoungGen      total 8192K, used 8115K [0x00000000d5580000, 0x00000000d6000000, 0x0000000100000000)
  eden space 6656K, 100% used [0x00000000d5580000,0x00000000d5c00000,0x00000000d5c00000)
  from space 1536K, 95% used [0x00000000d5c00000,0x00000000d5d6cfd0,0x00000000d5d80000)
  to   space 2048K, 31% used [0x00000000d5e00000,0x00000000d5ea0000,0x00000000d6000000)
 ParOldGen       total 432128K, used 431869K [0x0000000080000000, 0x000000009a600000, 0x00000000d5580000)
  object space 432128K, 99% used [0x0000000080000000,0x000000009a5bf738,0x000000009a600000)
 Metaspace       used 66272K, committed 67840K, reserved 1114112K
  class space    used 6667K, committed 7360K, reserved 1048576K
}

