# JRE version: OpenJDK Runtime Environment Temurin-21.0.7+6 (21.0.7+6) (build 21.0.7+6-LTS)
# Java VM: OpenJDK 64-Bit Server VM Temurin-21.0.7+6 (21.0.7+6-LTS, mixed mode, sharing, tiered, compressed oops, compressed class ptrs, parallel gc, windows-amd64)
GC Precious Log:
 CardTable entry size: 512
 CPUs: 8 total, 8 available
 Memory: 7865M
 Large Page Support: Disabled
 NUMA Support: Disabled
 Compressed Oops: Enabled (32-bit)
 Alignments: Space 512K, Generation 512K, Heap 2M
 Heap Min Capacity: 100M
 Heap Initial Capacity: 100M
 Heap Max Capacity: 2G
 Pre-touch: Disabled
 Parallel Workers: 8
Heap:
 PSYoungGen      total 3584K, used 1519K [0x00000000d5580000, 0x00000000d5a00000, 0x0000000100000000)
  eden space 2560K, 29% used [0x00000000d5580000,0x00000000d563d238,0x00000000d5800000)
  from space 1024K, 74% used [0x00000000d5800000,0x00000000d58beaf8,0x00000000d5900000)
  to   space 1024K, 0% used [0x00000000d5900000,0x00000000d5900000,0x00000000d5a00000)
 ParOldGen       total 142848K, used 142740K [0x0000000080000000, 0x0000000088b80000, 0x00000000d5580000)
  object space 142848K, 99% used [0x0000000080000000,0x0000000088b65038,0x0000000088b80000)
 Metaspace       used 63214K, committed 64576K, reserved 1114112K
  class space    used 6404K, committed 6976K, reserved 1048576K
GC Heap History (20 events):
Event: 88.741 GC heap before
{Heap before GC invocations=153 (full 3):
 PSYoungGen      total 3584K, used 3412K [0x00000000d5580000, 0x00000000d5a00000, 0x0000000100000000)
  eden space 2560K, 100% used [0x00000000d5580000,0x00000000d5800000,0x00000000d5800000)
  from space 1024K, 83% used [0x00000000d5800000,0x00000000d58d5130,0x00000000d5900000)
  to   space 1024K, 0% used [0x00000000d5900000,0x00000000d5900000,0x00000000d5a00000)
 ParOldGen       total 137728K, used 137627K [0x0000000080000000, 0x0000000088680000, 0x00000000d5580000)
  object space 137728K, 99% used [0x0000000080000000,0x0000000088666db8,0x0000000088680000)
 Metaspace       used 62647K, committed 64064K, reserved 1114112K
  class space    used 6349K, committed 6976K, reserved 1048576K
}
Event: 88.744 GC heap after
{Heap after GC invocations=153 (full 3):
 PSYoungGen      total 3584K, used 680K [0x00000000d5580000, 0x00000000d5a00000, 0x0000000100000000)
  eden space 2560K, 0% used [0x00000000d5580000,0x00000000d5580000,0x00000000d5800000)
  from space 1024K, 66% used [0x00000000d5900000,0x00000000d59aa288,0x00000000d5a00000)
  to   space 1024K, 0% used [0x00000000d5800000,0x00000000d5800000,0x00000000d5900000)
 ParOldGen       total 138752K, used 138362K [0x0000000080000000, 0x0000000088780000, 0x00000000d5580000)
  object space 138752K, 99% used [0x0000000080000000,0x000000008871eb20,0x0000000088780000)
 Metaspace       used 62647K, committed 64064K, reserved 1114112K
  class space    used 6349K, committed 6976K, reserved 1048576K
}
Event: 88.812 GC heap before
{Heap before GC invocations=154 (full 3):
 PSYoungGen      total 3584K, used 3230K [0x00000000d5580000, 0x00000000d5a00000, 0x0000000100000000)
  eden space 2560K, 99% used [0x00000000d5580000,0x00000000d57fd918,0x00000000d5800000)
  from space 1024K, 66% used [0x00000000d5900000,0x00000000d59aa288,0x00000000d5a00000)
  to   space 1024K, 0% used [0x00000000d5800000,0x00000000d5800000,0x00000000d5900000)
 ParOldGen       total 138752K, used 138362K [0x0000000080000000, 0x0000000088780000, 0x00000000d5580000)
  object space 138752K, 99% used [0x0000000080000000,0x000000008871eb20,0x0000000088780000)
 Metaspace       used 62702K, committed 64128K, reserved 1114112K
  class space    used 6361K, committed 6976K, reserved 1048576K
}
Event: 88.821 GC heap after
{Heap after GC invocations=154 (full 3):
 PSYoungGen      total 3584K, used 671K [0x00000000d5580000, 0x00000000d5a00000, 0x0000000100000000)
  eden space 2560K, 0% used [0x00000000d5580000,0x00000000d5580000,0x00000000d5800000)
  from space 1024K, 65% used [0x00000000d5800000,0x00000000d58a7f48,0x00000000d5900000)
  to   space 1024K, 0% used [0x00000000d5900000,0x00000000d5900000,0x00000000d5a00000)
 ParOldGen       total 139264K, used 138903K [0x0000000080000000, 0x0000000088800000, 0x00000000d5580000)
  object space 139264K, 99% used [0x0000000080000000,0x00000000887a5f00,0x0000000088800000)
 Metaspace       used 62702K, committed 64128K, reserved 1114112K
  class space    used 6361K, committed 6976K, reserved 1048576K
}
Event: 89.091 GC heap before
{Heap before GC invocations=155 (full 3):
 PSYoungGen      total 3584K, used 3230K [0x00000000d5580000, 0x00000000d5a00000, 0x0000000100000000)
  eden space 2560K, 99% used [0x00000000d5580000,0x00000000d57ffb10,0x00000000d5800000)
  from space 1024K, 65% used [0x00000000d5800000,0x00000000d58a7f48,0x00000000d5900000)
  to   space 1024K, 0% used [0x00000000d5900000,0x00000000d5900000,0x00000000d5a00000)
 ParOldGen       total 139264K, used 138903K [0x0000000080000000, 0x0000000088800000, 0x00000000d5580000)
  object space 139264K, 99% used [0x0000000080000000,0x00000000887a5f00,0x0000000088800000)
 Metaspace       used 62808K, committed 64192K, reserved 1114112K
  class space    used 6372K, committed 6976K, reserved 1048576K
}
Event: 89.093 GC heap after
{Heap after GC invocations=155 (full 3):
 PSYoungGen      total 3584K, used 519K [0x00000000d5580000, 0x00000000d5a00000, 0x0000000100000000)
  eden space 2560K, 0% used [0x00000000d5580000,0x00000000d5580000,0x00000000d5800000)
  from space 1024K, 50% used [0x00000000d5900000,0x00000000d5981fb0,0x00000000d5a00000)
  to   space 1024K, 0% used [0x00000000d5800000,0x00000000d5800000,0x00000000d5900000)
 ParOldGen       total 139776K, used 139413K [0x0000000080000000, 0x0000000088880000, 0x00000000d5580000)
  object space 139776K, 99% used [0x0000000080000000,0x0000000088825460,0x0000000088880000)
 Metaspace       used 62808K, committed 64192K, reserved 1114112K
  class space    used 6372K, committed 6976K, reserved 1048576K
}
Event: 89.105 GC heap before
{Heap before GC invocations=156 (full 3):
 PSYoungGen      total 3584K, used 3079K [0x00000000d5580000, 0x00000000d5a00000, 0x0000000100000000)
  eden space 2560K, 100% used [0x00000000d5580000,0x00000000d5800000,0x00000000d5800000)
  from space 1024K, 50% used [0x00000000d5900000,0x00000000d5981fb0,0x00000000d5a00000)
  to   space 1024K, 0% used [0x00000000d5800000,0x00000000d5800000,0x00000000d5900000)
 ParOldGen       total 139776K, used 139413K [0x0000000080000000, 0x0000000088880000, 0x00000000d5580000)
  object space 139776K, 99% used [0x0000000080000000,0x0000000088825460,0x0000000088880000)
 Metaspace       used 62821K, committed 64192K, reserved 1114112K
  class space    used 6373K, committed 6976K, reserved 1048576K
}
Event: 89.107 GC heap after
{Heap after GC invocations=156 (full 3):
 PSYoungGen      total 3584K, used 699K [0x00000000d5580000, 0x00000000d5a00000, 0x0000000100000000)
  eden space 2560K, 0% used [0x00000000d5580000,0x00000000d5580000,0x00000000d5800000)
  from space 1024K, 68% used [0x00000000d5800000,0x00000000d58aec58,0x00000000d5900000)
  to   space 1024K, 0% used [0x00000000d5900000,0x00000000d5900000,0x00000000d5a00000)
 ParOldGen       total 140288K, used 139787K [0x0000000080000000, 0x0000000088900000, 0x00000000d5580000)
  object space 140288K, 99% used [0x0000000080000000,0x0000000088882d20,0x0000000088900000)
 Metaspace       used 62821K, committed 64192K, reserved 1114112K
  class space    used 6373K, committed 6976K, reserved 1048576K
}
Event: 89.117 GC heap before
{Heap before GC invocations=157 (full 3):
 PSYoungGen      total 3584K, used 3259K [0x00000000d5580000, 0x00000000d5a00000, 0x0000000100000000)
  eden space 2560K, 100% used [0x00000000d5580000,0x00000000d5800000,0x00000000d5800000)
  from space 1024K, 68% used [0x00000000d5800000,0x00000000d58aec58,0x00000000d5900000)
  to   space 1024K, 0% used [0x00000000d5900000,0x00000000d5900000,0x00000000d5a00000)
 ParOldGen       total 140288K, used 139787K [0x0000000080000000, 0x0000000088900000, 0x00000000d5580000)
  object space 140288K, 99% used [0x0000000080000000,0x0000000088882d20,0x0000000088900000)
 Metaspace       used 62849K, committed 64256K, reserved 1114112K
  class space    used 6375K, committed 6976K, reserved 1048576K
}
Event: 89.120 GC heap after
{Heap after GC invocations=157 (full 3):
 PSYoungGen      total 3584K, used 660K [0x00000000d5580000, 0x00000000d5a00000, 0x0000000100000000)
  eden space 2560K, 0% used [0x00000000d5580000,0x00000000d5580000,0x00000000d5800000)
  from space 1024K, 64% used [0x00000000d5900000,0x00000000d59a5080,0x00000000d5a00000)
  to   space 1024K, 0% used [0x00000000d5800000,0x00000000d5800000,0x00000000d5900000)
 ParOldGen       total 140800K, used 140389K [0x0000000080000000, 0x0000000088980000, 0x00000000d5580000)
  object space 140800K, 99% used [0x0000000080000000,0x00000000889195d8,0x0000000088980000)
 Metaspace       used 62849K, committed 64256K, reserved 1114112K
  class space    used 6375K, committed 6976K, reserved 1048576K
}
Event: 91.030 GC heap before
{Heap before GC invocations=158 (full 3):
 PSYoungGen      total 3584K, used 3220K [0x00000000d5580000, 0x00000000d5a00000, 0x0000000100000000)
  eden space 2560K, 99% used [0x00000000d5580000,0x00000000d57ffff0,0x00000000d5800000)
  from space 1024K, 64% used [0x00000000d5900000,0x00000000d59a5080,0x00000000d5a00000)
  to   space 1024K, 0% used [0x00000000d5800000,0x00000000d5800000,0x00000000d5900000)
 ParOldGen       total 140800K, used 140389K [0x0000000080000000, 0x0000000088980000, 0x00000000d5580000)
  object space 140800K, 99% used [0x0000000080000000,0x00000000889195d8,0x0000000088980000)
 Metaspace       used 63195K, committed 64576K, reserved 1114112K
  class space    used 6404K, committed 6976K, reserved 1048576K
}
Event: 91.035 GC heap after
{Heap after GC invocations=158 (full 3):
 PSYoungGen      total 3584K, used 288K [0x00000000d5580000, 0x00000000d5980000, 0x0000000100000000)
  eden space 2560K, 0% used [0x00000000d5580000,0x00000000d5580000,0x00000000d5800000)
  from space 1024K, 28% used [0x00000000d5800000,0x00000000d5848000,0x00000000d5900000)
  to   space 512K, 0% used [0x00000000d5900000,0x00000000d5900000,0x00000000d5980000)
 ParOldGen       total 141312K, used 140948K [0x0000000080000000, 0x0000000088a00000, 0x00000000d5580000)
  object space 141312K, 99% used [0x0000000080000000,0x00000000889a5088,0x0000000088a00000)
 Metaspace       used 63195K, committed 64576K, reserved 1114112K
  class space    used 6404K, committed 6976K, reserved 1048576K
}
Event: 91.190 GC heap before
{Heap before GC invocations=159 (full 3):
 PSYoungGen      total 3584K, used 2843K [0x00000000d5580000, 0x00000000d5980000, 0x0000000100000000)
  eden space 2560K, 99% used [0x00000000d5580000,0x00000000d57feec0,0x00000000d5800000)
  from space 1024K, 28% used [0x00000000d5800000,0x00000000d5848000,0x00000000d5900000)
  to   space 512K, 0% used [0x00000000d5900000,0x00000000d5900000,0x00000000d5980000)
 ParOldGen       total 141312K, used 140948K [0x0000000080000000, 0x0000000088a00000, 0x00000000d5580000)
  object space 141312K, 99% used [0x0000000080000000,0x00000000889a5088,0x0000000088a00000)
 Metaspace       used 63201K, committed 64576K, reserved 1114112K
  class space    used 6404K, committed 6976K, reserved 1048576K
}
Event: 91.192 GC heap after
{Heap after GC invocations=159 (full 3):
 PSYoungGen      total 3072K, used 499K [0x00000000d5580000, 0x00000000d5a00000, 0x0000000100000000)
  eden space 2560K, 0% used [0x00000000d5580000,0x00000000d5580000,0x00000000d5800000)
  from space 512K, 97% used [0x00000000d5900000,0x00000000d597cfe0,0x00000000d5980000)
  to   space 1024K, 0% used [0x00000000d5800000,0x00000000d5800000,0x00000000d5900000)
 ParOldGen       total 141312K, used 141150K [0x0000000080000000, 0x0000000088a00000, 0x00000000d5580000)
  object space 141312K, 99% used [0x0000000080000000,0x00000000889d7908,0x0000000088a00000)
 Metaspace       used 63201K, committed 64576K, reserved 1114112K
  class space    used 6404K, committed 6976K, reserved 1048576K
}
Event: 91.418 GC heap before
{Heap before GC invocations=160 (full 3):
 PSYoungGen      total 3072K, used 3059K [0x00000000d5580000, 0x00000000d5a00000, 0x0000000100000000)
  eden space 2560K, 100% used [0x00000000d5580000,0x00000000d5800000,0x00000000d5800000)
  from space 512K, 97% used [0x00000000d5900000,0x00000000d597cfe0,0x00000000d5980000)
  to   space 1024K, 0% used [0x00000000d5800000,0x00000000d5800000,0x00000000d5900000)
 ParOldGen       total 141312K, used 141150K [0x0000000080000000, 0x0000000088a00000, 0x00000000d5580000)
  object space 141312K, 99% used [0x0000000080000000,0x00000000889d7908,0x0000000088a00000)
 Metaspace       used 63207K, committed 64576K, reserved 1114112K
  class space    used 6404K, committed 6976K, reserved 1048576K
}
Event: 91.422 GC heap after
{Heap after GC invocations=160 (full 3):
 PSYoungGen      total 3584K, used 677K [0x00000000d5580000, 0x00000000d5a00000, 0x0000000100000000)
  eden space 2560K, 0% used [0x00000000d5580000,0x00000000d5580000,0x00000000d5800000)
  from space 1024K, 66% used [0x00000000d5800000,0x00000000d58a9768,0x00000000d5900000)
  to   space 1024K, 0% used [0x00000000d5900000,0x00000000d5900000,0x00000000d5a00000)
 ParOldGen       total 141824K, used 141578K [0x0000000080000000, 0x0000000088a80000, 0x00000000d5580000)
  object space 141824K, 99% used [0x0000000080000000,0x0000000088a42a40,0x0000000088a80000)
 Metaspace       used 63207K, committed 64576K, reserved 1114112K
  class space    used 6404K, committed 6976K, reserved 1048576K
}
Event: 91.708 GC heap before
{Heap before GC invocations=161 (full 3):
 PSYoungGen      total 3584K, used 3237K [0x00000000d5580000, 0x00000000d5a00000, 0x0000000100000000)
  eden space 2560K, 100% used [0x00000000d5580000,0x00000000d5800000,0x00000000d5800000)
  from space 1024K, 66% used [0x00000000d5800000,0x00000000d58a9768,0x00000000d5900000)
  to   space 1024K, 0% used [0x00000000d5900000,0x00000000d5900000,0x00000000d5a00000)
 ParOldGen       total 141824K, used 141578K [0x0000000080000000, 0x0000000088a80000, 0x00000000d5580000)
  object space 141824K, 99% used [0x0000000080000000,0x0000000088a42a40,0x0000000088a80000)
 Metaspace       used 63209K, committed 64576K, reserved 1114112K
  class space    used 6404K, committed 6976K, reserved 1048576K
}
Event: 91.713 GC heap after
{Heap after GC invocations=161 (full 3):
 PSYoungGen      total 3584K, used 664K [0x00000000d5580000, 0x00000000d5a00000, 0x0000000100000000)
  eden space 2560K, 0% used [0x00000000d5580000,0x00000000d5580000,0x00000000d5800000)
  from space 1024K, 64% used [0x00000000d5900000,0x00000000d59a62a0,0x00000000d5a00000)
  to   space 1024K, 0% used [0x00000000d5800000,0x00000000d5800000,0x00000000d5900000)
 ParOldGen       total 142336K, used 142185K [0x0000000080000000, 0x0000000088b00000, 0x00000000d5580000)
  object space 142336K, 99% used [0x0000000080000000,0x0000000088ada770,0x0000000088b00000)
 Metaspace       used 63209K, committed 64576K, reserved 1114112K
  class space    used 6404K, committed 6976K, reserved 1048576K
}
Event: 94.735 GC heap before
{Heap before GC invocations=162 (full 3):
 PSYoungGen      total 3584K, used 3224K [0x00000000d5580000, 0x00000000d5a00000, 0x0000000100000000)
  eden space 2560K, 99% used [0x00000000d5580000,0x00000000d57fff98,0x00000000d5800000)
  from space 1024K, 64% used [0x00000000d5900000,0x00000000d59a62a0,0x00000000d5a00000)
  to   space 1024K, 0% used [0x00000000d5800000,0x00000000d5800000,0x00000000d5900000)
 ParOldGen       total 142336K, used 142185K [0x0000000080000000, 0x0000000088b00000, 0x00000000d5580000)
  object space 142336K, 99% used [0x0000000080000000,0x0000000088ada770,0x0000000088b00000)
 Metaspace       used 63210K, committed 64576K, reserved 1114112K
  class space    used 6404K, committed 6976K, reserved 1048576K
}
Event: 94.738 GC heap after
{Heap after GC invocations=162 (full 3):
 PSYoungGen      total 3584K, used 762K [0x00000000d5580000, 0x00000000d5a00000, 0x0000000100000000)
  eden space 2560K, 0% used [0x00000000d5580000,0x00000000d5580000,0x00000000d5800000)
  from space 1024K, 74% used [0x00000000d5800000,0x00000000d58beaf8,0x00000000d5900000)
  to   space 1024K, 0% used [0x00000000d5900000,0x00000000d5900000,0x00000000d5a00000)
 ParOldGen       total 142848K, used 142740K [0x0000000080000000, 0x0000000088b80000, 0x00000000d5580000)
  object space 142848K, 99% used [0x0000000080000000,0x0000000088b65038,0x0000000088b80000)
 Metaspace       used 63210K, committed 64576K, reserved 1114112K
  class space    used 6404K, committed 6976K, reserved 1048576K
}

