# JRE version: OpenJDK Runtime Environment Temurin-21.0.7+6 (21.0.7+6) (build 21.0.7+6-LTS)
# Java VM: OpenJDK 64-Bit Server VM Temurin-21.0.7+6 (21.0.7+6-LTS, mixed mode, sharing, tiered, compressed oops, compressed class ptrs, parallel gc, windows-amd64)
GC Precious Log:
 CardTable entry size: 512
 CPUs: 8 total, 8 available
 Memory: 7865M
 Large Page Support: Disabled
 NUMA Support: Disabled
 Compressed Oops: Enabled (32-bit)
 Alignments: Space 512K, Generation 512K, Heap 2M
 Heap Min Capacity: 100M
 Heap Initial Capacity: 100M
 Heap Max Capacity: 2G
 Pre-touch: Disabled
 Parallel Workers: 8
Heap:
 PSYoungGen      total 5632K, used 4204K [0x00000000d5580000, 0x00000000d5f80000, 0x0000000100000000)
  eden space 4096K, 76% used [0x00000000d5580000,0x00000000d588b1e0,0x00000000d5980000)
  from space 1536K, 70% used [0x00000000d5e00000,0x00000000d5f10020,0x00000000d5f80000)
  to   space 1536K, 0% used [0x00000000d5c80000,0x00000000d5c80000,0x00000000d5e00000)
 ParOldGen       total 1344000K, used 1343686K [0x0000000080000000, 0x00000000d2080000, 0x00000000d5580000)
  object space 1344000K, 99% used [0x0000000080000000,0x00000000d2031978,0x00000000d2080000)
 Metaspace       used 67237K, committed 68736K, reserved 1114112K
  class space    used 6787K, committed 7424K, reserved 1048576K
GC Heap History (20 events):
Event: 17166.277 GC heap before
{Heap before GC invocations=1598 (full 3):
 PSYoungGen      total 4096K, used 3648K [0x00000000d5580000, 0x00000000d5b80000, 0x0000000100000000)
  eden space 2048K, 100% used [0x00000000d5580000,0x00000000d5780000,0x00000000d5780000)
  from space 2048K, 78% used [0x00000000d5980000,0x00000000d5b10000,0x00000000d5b80000)
  to   space 2048K, 0% used [0x00000000d5780000,0x00000000d5780000,0x00000000d5980000)
 ParOldGen       total 1296384K, used 1296243K [0x0000000080000000, 0x00000000cf200000, 0x00000000d5580000)
  object space 1296384K, 99% used [0x0000000080000000,0x00000000cf1dcd00,0x00000000cf200000)
 Metaspace       used 67067K, committed 68544K, reserved 1114112K
  class space    used 6777K, committed 7424K, reserved 1048576K
}
Event: 17166.284 GC heap after
{Heap after GC invocations=1598 (full 3):
 PSYoungGen      total 4096K, used 2048K [0x00000000d5580000, 0x00000000d6000000, 0x0000000100000000)
  eden space 2048K, 0% used [0x00000000d5580000,0x00000000d5580000,0x00000000d5780000)
  from space 2048K, 100% used [0x00000000d5780000,0x00000000d5980000,0x00000000d5980000)
  to   space 4096K, 0% used [0x00000000d5c00000,0x00000000d5c00000,0x00000000d6000000)
 ParOldGen       total 1297920K, used 1297747K [0x0000000080000000, 0x00000000cf380000, 0x00000000d5580000)
  object space 1297920K, 99% used [0x0000000080000000,0x00000000cf354d00,0x00000000cf380000)
 Metaspace       used 67067K, committed 68544K, reserved 1114112K
  class space    used 6777K, committed 7424K, reserved 1048576K
}
Event: 17166.289 GC heap before
{Heap before GC invocations=1599 (full 3):
 PSYoungGen      total 4096K, used 4096K [0x00000000d5580000, 0x00000000d6000000, 0x0000000100000000)
  eden space 2048K, 100% used [0x00000000d5580000,0x00000000d5780000,0x00000000d5780000)
  from space 2048K, 100% used [0x00000000d5780000,0x00000000d5980000,0x00000000d5980000)
  to   space 4096K, 0% used [0x00000000d5c00000,0x00000000d5c00000,0x00000000d6000000)
 ParOldGen       total 1297920K, used 1297747K [0x0000000080000000, 0x00000000cf380000, 0x00000000d5580000)
  object space 1297920K, 99% used [0x0000000080000000,0x00000000cf354d00,0x00000000cf380000)
 Metaspace       used 67070K, committed 68544K, reserved 1114112K
  class space    used 6777K, committed 7424K, reserved 1048576K
}
Event: 17166.298 GC heap after
{Heap after GC invocations=1599 (full 3):
 PSYoungGen      total 4608K, used 2048K [0x00000000d5580000, 0x00000000d5e00000, 0x0000000100000000)
  eden space 2560K, 0% used [0x00000000d5580000,0x00000000d5580000,0x00000000d5800000)
  from space 2048K, 100% used [0x00000000d5c00000,0x00000000d5e00000,0x00000000d5e00000)
  to   space 3072K, 0% used [0x00000000d5800000,0x00000000d5800000,0x00000000d5b00000)
 ParOldGen       total 1299968K, used 1299771K [0x0000000080000000, 0x00000000cf580000, 0x00000000d5580000)
  object space 1299968K, 99% used [0x0000000080000000,0x00000000cf54ed00,0x00000000cf580000)
 Metaspace       used 67070K, committed 68544K, reserved 1114112K
  class space    used 6777K, committed 7424K, reserved 1048576K
}
Event: 17166.314 GC heap before
{Heap before GC invocations=1600 (full 3):
 PSYoungGen      total 4608K, used 4584K [0x00000000d5580000, 0x00000000d5e00000, 0x0000000100000000)
  eden space 2560K, 99% used [0x00000000d5580000,0x00000000d57fa298,0x00000000d5800000)
  from space 2048K, 100% used [0x00000000d5c00000,0x00000000d5e00000,0x00000000d5e00000)
  to   space 3072K, 0% used [0x00000000d5800000,0x00000000d5800000,0x00000000d5b00000)
 ParOldGen       total 1299968K, used 1299771K [0x0000000080000000, 0x00000000cf580000, 0x00000000d5580000)
  object space 1299968K, 99% used [0x0000000080000000,0x00000000cf54ed00,0x00000000cf580000)
 Metaspace       used 67070K, committed 68544K, reserved 1114112K
  class space    used 6777K, committed 7424K, reserved 1048576K
}
Event: 17166.322 GC heap after
{Heap after GC invocations=1600 (full 3):
 PSYoungGen      total 5632K, used 2356K [0x00000000d5580000, 0x00000000d5d80000, 0x0000000100000000)
  eden space 2560K, 0% used [0x00000000d5580000,0x00000000d5580000,0x00000000d5800000)
  from space 3072K, 76% used [0x00000000d5800000,0x00000000d5a4d000,0x00000000d5b00000)
  to   space 2560K, 0% used [0x00000000d5b00000,0x00000000d5b00000,0x00000000d5d80000)
 ParOldGen       total 1302016K, used 1301711K [0x0000000080000000, 0x00000000cf780000, 0x00000000d5580000)
  object space 1302016K, 99% used [0x0000000080000000,0x00000000cf733d10,0x00000000cf780000)
 Metaspace       used 67070K, committed 68544K, reserved 1114112K
  class space    used 6777K, committed 7424K, reserved 1048576K
}
Event: 17166.357 GC heap before
{Heap before GC invocations=1601 (full 3):
 PSYoungGen      total 5632K, used 4916K [0x00000000d5580000, 0x00000000d5d80000, 0x0000000100000000)
  eden space 2560K, 100% used [0x00000000d5580000,0x00000000d5800000,0x00000000d5800000)
  from space 3072K, 76% used [0x00000000d5800000,0x00000000d5a4d000,0x00000000d5b00000)
  to   space 2560K, 0% used [0x00000000d5b00000,0x00000000d5b00000,0x00000000d5d80000)
 ParOldGen       total 1321984K, used 1320911K [0x0000000080000000, 0x00000000d0b00000, 0x00000000d5580000)
  object space 1321984K, 99% used [0x0000000080000000,0x00000000d09f3d30,0x00000000d0b00000)
 Metaspace       used 67071K, committed 68544K, reserved 1114112K
  class space    used 6777K, committed 7424K, reserved 1048576K
}
Event: 17166.363 GC heap after
{Heap after GC invocations=1601 (full 3):
 PSYoungGen      total 5120K, used 1776K [0x00000000d5580000, 0x00000000d5d00000, 0x0000000100000000)
  eden space 3072K, 0% used [0x00000000d5580000,0x00000000d5580000,0x00000000d5880000)
  from space 2048K, 86% used [0x00000000d5b00000,0x00000000d5cbc010,0x00000000d5d00000)
  to   space 2048K, 0% used [0x00000000d5900000,0x00000000d5900000,0x00000000d5b00000)
 ParOldGen       total 1323520K, used 1323055K [0x0000000080000000, 0x00000000d0c80000, 0x00000000d5580000)
  object space 1323520K, 99% used [0x0000000080000000,0x00000000d0c0bd50,0x00000000d0c80000)
 Metaspace       used 67071K, committed 68544K, reserved 1114112K
  class space    used 6777K, committed 7424K, reserved 1048576K
}
Event: 17166.563 GC heap before
{Heap before GC invocations=1602 (full 3):
 PSYoungGen      total 5120K, used 4848K [0x00000000d5580000, 0x00000000d5d00000, 0x0000000100000000)
  eden space 3072K, 100% used [0x00000000d5580000,0x00000000d5880000,0x00000000d5880000)
  from space 2048K, 86% used [0x00000000d5b00000,0x00000000d5cbc010,0x00000000d5d00000)
  to   space 2048K, 0% used [0x00000000d5900000,0x00000000d5900000,0x00000000d5b00000)
 ParOldGen       total 1335296K, used 1334575K [0x0000000080000000, 0x00000000d1800000, 0x00000000d5580000)
  object space 1335296K, 99% used [0x0000000080000000,0x00000000d174bd60,0x00000000d1800000)
 Metaspace       used 67075K, committed 68544K, reserved 1114112K
  class space    used 6778K, committed 7424K, reserved 1048576K
}
Event: 17166.567 GC heap after
{Heap after GC invocations=1602 (full 3):
 PSYoungGen      total 5632K, used 1728K [0x00000000d5580000, 0x00000000d5d80000, 0x0000000100000000)
  eden space 3584K, 0% used [0x00000000d5580000,0x00000000d5580000,0x00000000d5900000)
  from space 2048K, 84% used [0x00000000d5900000,0x00000000d5ab0000,0x00000000d5b00000)
  to   space 2048K, 0% used [0x00000000d5b80000,0x00000000d5b80000,0x00000000d5d80000)
 ParOldGen       total 1335808K, used 1335447K [0x0000000080000000, 0x00000000d1880000, 0x00000000d5580000)
  object space 1335808K, 99% used [0x0000000080000000,0x00000000d1825d60,0x00000000d1880000)
 Metaspace       used 67075K, committed 68544K, reserved 1114112K
  class space    used 6778K, committed 7424K, reserved 1048576K
}
Event: 17166.622 GC heap before
{Heap before GC invocations=1603 (full 3):
 PSYoungGen      total 5632K, used 5309K [0x00000000d5580000, 0x00000000d5d80000, 0x0000000100000000)
  eden space 3584K, 99% used [0x00000000d5580000,0x00000000d58ff4a0,0x00000000d5900000)
  from space 2048K, 84% used [0x00000000d5900000,0x00000000d5ab0000,0x00000000d5b00000)
  to   space 2048K, 0% used [0x00000000d5b80000,0x00000000d5b80000,0x00000000d5d80000)
 ParOldGen       total 1335808K, used 1335447K [0x0000000080000000, 0x00000000d1880000, 0x00000000d5580000)
  object space 1335808K, 99% used [0x0000000080000000,0x00000000d1825d60,0x00000000d1880000)
 Metaspace       used 67090K, committed 68544K, reserved 1114112K
  class space    used 6778K, committed 7424K, reserved 1048576K
}
Event: 17166.626 GC heap after
{Heap after GC invocations=1603 (full 3):
 PSYoungGen      total 6144K, used 1807K [0x00000000d5580000, 0x00000000d5e00000, 0x0000000100000000)
  eden space 4096K, 0% used [0x00000000d5580000,0x00000000d5580000,0x00000000d5980000)
  from space 2048K, 88% used [0x00000000d5b80000,0x00000000d5d43d70,0x00000000d5d80000)
  to   space 2048K, 0% used [0x00000000d5980000,0x00000000d5980000,0x00000000d5b80000)
 ParOldGen       total 1337856K, used 1337087K [0x0000000080000000, 0x00000000d1a80000, 0x00000000d5580000)
  object space 1337856K, 99% used [0x0000000080000000,0x00000000d19bfd60,0x00000000d1a80000)
 Metaspace       used 67090K, committed 68544K, reserved 1114112K
  class space    used 6778K, committed 7424K, reserved 1048576K
}
Event: 17166.676 GC heap before
{Heap before GC invocations=1604 (full 3):
 PSYoungGen      total 6144K, used 5903K [0x00000000d5580000, 0x00000000d5e00000, 0x0000000100000000)
  eden space 4096K, 100% used [0x00000000d5580000,0x00000000d5980000,0x00000000d5980000)
  from space 2048K, 88% used [0x00000000d5b80000,0x00000000d5d43d70,0x00000000d5d80000)
  to   space 2048K, 0% used [0x00000000d5980000,0x00000000d5980000,0x00000000d5b80000)
 ParOldGen       total 1337856K, used 1337087K [0x0000000080000000, 0x00000000d1a80000, 0x00000000d5580000)
  object space 1337856K, 99% used [0x0000000080000000,0x00000000d19bfd60,0x00000000d1a80000)
 Metaspace       used 67097K, committed 68544K, reserved 1114112K
  class space    used 6778K, committed 7424K, reserved 1048576K
}
Event: 17166.680 GC heap after
{Heap after GC invocations=1604 (full 3):
 PSYoungGen      total 6144K, used 2039K [0x00000000d5580000, 0x00000000d6580000, 0x0000000100000000)
  eden space 4096K, 0% used [0x00000000d5580000,0x00000000d5580000,0x00000000d5980000)
  from space 2048K, 99% used [0x00000000d5980000,0x00000000d5b7dfb8,0x00000000d5b80000)
  to   space 6144K, 0% used [0x00000000d5f80000,0x00000000d5f80000,0x00000000d6580000)
 ParOldGen       total 1340416K, used 1340122K [0x0000000080000000, 0x00000000d1d00000, 0x00000000d5580000)
  object space 1340416K, 99% used [0x0000000080000000,0x00000000d1cb6af0,0x00000000d1d00000)
 Metaspace       used 67097K, committed 68544K, reserved 1114112K
  class space    used 6778K, committed 7424K, reserved 1048576K
}
Event: 17166.739 GC heap before
{Heap before GC invocations=1605 (full 3):
 PSYoungGen      total 6144K, used 6135K [0x00000000d5580000, 0x00000000d6580000, 0x0000000100000000)
  eden space 4096K, 100% used [0x00000000d5580000,0x00000000d5980000,0x00000000d5980000)
  from space 2048K, 99% used [0x00000000d5980000,0x00000000d5b7dfb8,0x00000000d5b80000)
  to   space 6144K, 0% used [0x00000000d5f80000,0x00000000d5f80000,0x00000000d6580000)
 ParOldGen       total 1340416K, used 1340122K [0x0000000080000000, 0x00000000d1d00000, 0x00000000d5580000)
  object space 1340416K, 99% used [0x0000000080000000,0x00000000d1cb6af0,0x00000000d1d00000)
 Metaspace       used 67102K, committed 68544K, reserved 1114112K
  class space    used 6778K, committed 7424K, reserved 1048576K
}
Event: 17166.746 GC heap after
{Heap after GC invocations=1605 (full 3):
 PSYoungGen      total 7168K, used 2712K [0x00000000d5580000, 0x00000000d6280000, 0x0000000100000000)
  eden space 4096K, 0% used [0x00000000d5580000,0x00000000d5580000,0x00000000d5980000)
  from space 3072K, 88% used [0x00000000d5f80000,0x00000000d6226268,0x00000000d6280000)
  to   space 3584K, 0% used [0x00000000d5b80000,0x00000000d5b80000,0x00000000d5f00000)
 ParOldGen       total 1342464K, used 1342114K [0x0000000080000000, 0x00000000d1f00000, 0x00000000d5580000)
  object space 1342464K, 99% used [0x0000000080000000,0x00000000d1ea8958,0x00000000d1f00000)
 Metaspace       used 67102K, committed 68544K, reserved 1114112K
  class space    used 6778K, committed 7424K, reserved 1048576K
}
Event: 17171.548 GC heap before
{Heap before GC invocations=1606 (full 3):
 PSYoungGen      total 7168K, used 6808K [0x00000000d5580000, 0x00000000d6280000, 0x0000000100000000)
  eden space 4096K, 100% used [0x00000000d5580000,0x00000000d5980000,0x00000000d5980000)
  from space 3072K, 88% used [0x00000000d5f80000,0x00000000d6226268,0x00000000d6280000)
  to   space 3584K, 0% used [0x00000000d5b80000,0x00000000d5b80000,0x00000000d5f00000)
 ParOldGen       total 1342464K, used 1342114K [0x0000000080000000, 0x00000000d1f00000, 0x00000000d5580000)
  object space 1342464K, 99% used [0x0000000080000000,0x00000000d1ea8958,0x00000000d1f00000)
 Metaspace       used 67146K, committed 68608K, reserved 1114112K
  class space    used 6778K, committed 7424K, reserved 1048576K
}
Event: 17171.552 GC heap after
{Heap after GC invocations=1606 (full 3):
 PSYoungGen      total 5120K, used 736K [0x00000000d5580000, 0x00000000d6000000, 0x0000000100000000)
  eden space 4096K, 0% used [0x00000000d5580000,0x00000000d5580000,0x00000000d5980000)
  from space 1024K, 71% used [0x00000000d5b80000,0x00000000d5c38000,0x00000000d5c80000)
  to   space 2048K, 0% used [0x00000000d5e00000,0x00000000d5e00000,0x00000000d6000000)
 ParOldGen       total 1343488K, used 1343122K [0x0000000080000000, 0x00000000d2000000, 0x00000000d5580000)
  object space 1343488K, 99% used [0x0000000080000000,0x00000000d1fa4968,0x00000000d2000000)
 Metaspace       used 67146K, committed 68608K, reserved 1114112K
  class space    used 6778K, committed 7424K, reserved 1048576K
}
Event: 17172.164 GC heap before
{Heap before GC invocations=1607 (full 3):
 PSYoungGen      total 5120K, used 4832K [0x00000000d5580000, 0x00000000d6000000, 0x0000000100000000)
  eden space 4096K, 100% used [0x00000000d5580000,0x00000000d5980000,0x00000000d5980000)
  from space 1024K, 71% used [0x00000000d5b80000,0x00000000d5c38000,0x00000000d5c80000)
  to   space 2048K, 0% used [0x00000000d5e00000,0x00000000d5e00000,0x00000000d6000000)
 ParOldGen       total 1343488K, used 1343122K [0x0000000080000000, 0x00000000d2000000, 0x00000000d5580000)
  object space 1343488K, 99% used [0x0000000080000000,0x00000000d1fa4968,0x00000000d2000000)
 Metaspace       used 67216K, committed 68736K, reserved 1114112K
  class space    used 6787K, committed 7424K, reserved 1048576K
}
Event: 17172.171 GC heap after
{Heap after GC invocations=1607 (full 3):
 PSYoungGen      total 5632K, used 1088K [0x00000000d5580000, 0x00000000d5f80000, 0x0000000100000000)
  eden space 4096K, 0% used [0x00000000d5580000,0x00000000d5580000,0x00000000d5980000)
  from space 1536K, 70% used [0x00000000d5e00000,0x00000000d5f10020,0x00000000d5f80000)
  to   space 1536K, 0% used [0x00000000d5c80000,0x00000000d5c80000,0x00000000d5e00000)
 ParOldGen       total 1344000K, used 1343686K [0x0000000080000000, 0x00000000d2080000, 0x00000000d5580000)
  object space 1344000K, 99% used [0x0000000080000000,0x00000000d2031978,0x00000000d2080000)
 Metaspace       used 67216K, committed 68736K, reserved 1114112K
  class space    used 6787K, committed 7424K, reserved 1048576K
}

