# JRE version: OpenJDK Runtime Environment Temurin-21.0.7+6 (21.0.7+6) (build 21.0.7+6-LTS)
# Java VM: OpenJDK 64-Bit Server VM Temurin-21.0.7+6 (21.0.7+6-LTS, mixed mode, sharing, tiered, compressed oops, compressed class ptrs, parallel gc, windows-amd64)
GC Precious Log:
 CardTable entry size: 512
 CPUs: 8 total, 8 available
 Memory: 7865M
 Large Page Support: Disabled
 NUMA Support: Disabled
 Compressed Oops: Enabled (32-bit)
 Alignments: Space 512K, Generation 512K, Heap 2M
 Heap Min Capacity: 100M
 Heap Initial Capacity: 100M
 Heap Max Capacity: 2G
 Pre-touch: Disabled
 Parallel Workers: 8
Heap:
 PSYoungGen      total 4096K, used 4027K [0x00000000d5580000, 0x00000000d5a80000, 0x0000000100000000)
  eden space 3072K, 100% used [0x00000000d5580000,0x00000000d5880000,0x00000000d5880000)
  from space 1024K, 93% used [0x00000000d5980000,0x00000000d5a6ef20,0x00000000d5a80000)
  to   space 1024K, 96% used [0x00000000d5880000,0x00000000d59769d0,0x00000000d5980000)
 ParOldGen       total 364032K, used 363816K [0x0000000080000000, 0x0000000096380000, 0x00000000d5580000)
  object space 364032K, 99% used [0x0000000080000000,0x000000009634a208,0x0000000096380000)
 Metaspace       used 65778K, committed 67328K, reserved 1114112K
  class space    used 6638K, committed 7360K, reserved 1048576K
GC Heap History (20 events):
Event: 24.078 GC heap after
{Heap after GC invocations=503 (full 3):
 PSYoungGen      total 3072K, used 808K [0x00000000d5580000, 0x00000000d5a00000, 0x0000000100000000)
  eden space 2048K, 0% used [0x00000000d5580000,0x00000000d5580000,0x00000000d5780000)
  from space 1024K, 78% used [0x00000000d5900000,0x00000000d59ca108,0x00000000d5a00000)
  to   space 1024K, 0% used [0x00000000d5780000,0x00000000d5780000,0x00000000d5880000)
 ParOldGen       total 356864K, used 356829K [0x0000000080000000, 0x0000000095c80000, 0x00000000d5580000)
  object space 356864K, 99% used [0x0000000080000000,0x0000000095c77630,0x0000000095c80000)
 Metaspace       used 65778K, committed 67328K, reserved 1114112K
  class space    used 6638K, committed 7360K, reserved 1048576K
}
Event: 24.085 GC heap before
{Heap before GC invocations=504 (full 3):
 PSYoungGen      total 3072K, used 2856K [0x00000000d5580000, 0x00000000d5a00000, 0x0000000100000000)
  eden space 2048K, 100% used [0x00000000d5580000,0x00000000d5780000,0x00000000d5780000)
  from space 1024K, 78% used [0x00000000d5900000,0x00000000d59ca108,0x00000000d5a00000)
  to   space 1024K, 0% used [0x00000000d5780000,0x00000000d5780000,0x00000000d5880000)
 ParOldGen       total 356864K, used 356829K [0x0000000080000000, 0x0000000095c80000, 0x00000000d5580000)
  object space 356864K, 99% used [0x0000000080000000,0x0000000095c77630,0x0000000095c80000)
 Metaspace       used 65778K, committed 67328K, reserved 1114112K
  class space    used 6638K, committed 7360K, reserved 1048576K
}
Event: 24.086 GC heap after
{Heap after GC invocations=504 (full 3):
 PSYoungGen      total 3072K, used 738K [0x00000000d5580000, 0x00000000d5980000, 0x0000000100000000)
  eden space 2048K, 0% used [0x00000000d5580000,0x00000000d5580000,0x00000000d5780000)
  from space 1024K, 72% used [0x00000000d5780000,0x00000000d5838978,0x00000000d5880000)
  to   space 1024K, 0% used [0x00000000d5880000,0x00000000d5880000,0x00000000d5980000)
 ParOldGen       total 357888K, used 357484K [0x0000000080000000, 0x0000000095d80000, 0x00000000d5580000)
  object space 357888K, 99% used [0x0000000080000000,0x0000000095d1b380,0x0000000095d80000)
 Metaspace       used 65778K, committed 67328K, reserved 1114112K
  class space    used 6638K, committed 7360K, reserved 1048576K
}
Event: 24.090 GC heap before
{Heap before GC invocations=505 (full 3):
 PSYoungGen      total 3072K, used 2767K [0x00000000d5580000, 0x00000000d5980000, 0x0000000100000000)
  eden space 2048K, 99% used [0x00000000d5580000,0x00000000d577b5b0,0x00000000d5780000)
  from space 1024K, 72% used [0x00000000d5780000,0x00000000d5838978,0x00000000d5880000)
  to   space 1024K, 0% used [0x00000000d5880000,0x00000000d5880000,0x00000000d5980000)
 ParOldGen       total 357888K, used 357484K [0x0000000080000000, 0x0000000095d80000, 0x00000000d5580000)
  object space 357888K, 99% used [0x0000000080000000,0x0000000095d1b380,0x0000000095d80000)
 Metaspace       used 65778K, committed 67328K, reserved 1114112K
  class space    used 6638K, committed 7360K, reserved 1048576K
}
Event: 24.092 GC heap after
{Heap after GC invocations=505 (full 3):
 PSYoungGen      total 3072K, used 759K [0x00000000d5580000, 0x00000000d5a00000, 0x0000000100000000)
  eden space 2048K, 0% used [0x00000000d5580000,0x00000000d5580000,0x00000000d5780000)
  from space 1024K, 74% used [0x00000000d5880000,0x00000000d593dcb8,0x00000000d5980000)
  to   space 1024K, 0% used [0x00000000d5780000,0x00000000d5780000,0x00000000d5880000)
 ParOldGen       total 358400K, used 358148K [0x0000000080000000, 0x0000000095e00000, 0x00000000d5580000)
  object space 358400K, 99% used [0x0000000080000000,0x0000000095dc1270,0x0000000095e00000)
 Metaspace       used 65778K, committed 67328K, reserved 1114112K
  class space    used 6638K, committed 7360K, reserved 1048576K
}
Event: 24.103 GC heap before
{Heap before GC invocations=506 (full 3):
 PSYoungGen      total 3072K, used 2807K [0x00000000d5580000, 0x00000000d5a00000, 0x0000000100000000)
  eden space 2048K, 100% used [0x00000000d5580000,0x00000000d5780000,0x00000000d5780000)
  from space 1024K, 74% used [0x00000000d5880000,0x00000000d593dcb8,0x00000000d5980000)
  to   space 1024K, 0% used [0x00000000d5780000,0x00000000d5780000,0x00000000d5880000)
 ParOldGen       total 358400K, used 358148K [0x0000000080000000, 0x0000000095e00000, 0x00000000d5580000)
  object space 358400K, 99% used [0x0000000080000000,0x0000000095dc1270,0x0000000095e00000)
 Metaspace       used 65778K, committed 67328K, reserved 1114112K
  class space    used 6638K, committed 7360K, reserved 1048576K
}
Event: 24.104 GC heap after
{Heap after GC invocations=506 (full 3):
 PSYoungGen      total 3072K, used 845K [0x00000000d5580000, 0x00000000d5980000, 0x0000000100000000)
  eden space 2048K, 0% used [0x00000000d5580000,0x00000000d5580000,0x00000000d5780000)
  from space 1024K, 82% used [0x00000000d5780000,0x00000000d58536c8,0x00000000d5880000)
  to   space 1024K, 0% used [0x00000000d5880000,0x00000000d5880000,0x00000000d5980000)
 ParOldGen       total 358912K, used 358776K [0x0000000080000000, 0x0000000095e80000, 0x00000000d5580000)
  object space 358912K, 99% used [0x0000000080000000,0x0000000095e5e290,0x0000000095e80000)
 Metaspace       used 65778K, committed 67328K, reserved 1114112K
  class space    used 6638K, committed 7360K, reserved 1048576K
}
Event: 24.116 GC heap before
{Heap before GC invocations=507 (full 3):
 PSYoungGen      total 3072K, used 2838K [0x00000000d5580000, 0x00000000d5980000, 0x0000000100000000)
  eden space 2048K, 97% used [0x00000000d5580000,0x00000000d5772208,0x00000000d5780000)
  from space 1024K, 82% used [0x00000000d5780000,0x00000000d58536c8,0x00000000d5880000)
  to   space 1024K, 0% used [0x00000000d5880000,0x00000000d5880000,0x00000000d5980000)
 ParOldGen       total 358912K, used 358776K [0x0000000080000000, 0x0000000095e80000, 0x00000000d5580000)
  object space 358912K, 99% used [0x0000000080000000,0x0000000095e5e290,0x0000000095e80000)
 Metaspace       used 65778K, committed 67328K, reserved 1114112K
  class space    used 6638K, committed 7360K, reserved 1048576K
}
Event: 24.121 GC heap after
{Heap after GC invocations=507 (full 3):
 PSYoungGen      total 3072K, used 903K [0x00000000d5580000, 0x00000000d5a00000, 0x0000000100000000)
  eden space 2048K, 0% used [0x00000000d5580000,0x00000000d5580000,0x00000000d5780000)
  from space 1024K, 88% used [0x00000000d5880000,0x00000000d5961c68,0x00000000d5980000)
  to   space 1024K, 0% used [0x00000000d5780000,0x00000000d5780000,0x00000000d5880000)
 ParOldGen       total 359936K, used 359491K [0x0000000080000000, 0x0000000095f80000, 0x00000000d5580000)
  object space 359936K, 99% used [0x0000000080000000,0x0000000095f10ec8,0x0000000095f80000)
 Metaspace       used 65778K, committed 67328K, reserved 1114112K
  class space    used 6638K, committed 7360K, reserved 1048576K
}
Event: 24.126 GC heap before
{Heap before GC invocations=508 (full 3):
 PSYoungGen      total 3072K, used 2951K [0x00000000d5580000, 0x00000000d5a00000, 0x0000000100000000)
  eden space 2048K, 100% used [0x00000000d5580000,0x00000000d5780000,0x00000000d5780000)
  from space 1024K, 88% used [0x00000000d5880000,0x00000000d5961c68,0x00000000d5980000)
  to   space 1024K, 0% used [0x00000000d5780000,0x00000000d5780000,0x00000000d5880000)
 ParOldGen       total 359936K, used 359491K [0x0000000080000000, 0x0000000095f80000, 0x00000000d5580000)
  object space 359936K, 99% used [0x0000000080000000,0x0000000095f10ec8,0x0000000095f80000)
 Metaspace       used 65778K, committed 67328K, reserved 1114112K
  class space    used 6638K, committed 7360K, reserved 1048576K
}
Event: 24.127 GC heap after
{Heap after GC invocations=508 (full 3):
 PSYoungGen      total 3072K, used 872K [0x00000000d5580000, 0x00000000d5a00000, 0x0000000100000000)
  eden space 2048K, 0% used [0x00000000d5580000,0x00000000d5580000,0x00000000d5780000)
  from space 1024K, 85% used [0x00000000d5780000,0x00000000d585a2f0,0x00000000d5880000)
  to   space 1024K, 0% used [0x00000000d5900000,0x00000000d5900000,0x00000000d5a00000)
 ParOldGen       total 360448K, used 360263K [0x0000000080000000, 0x0000000096000000, 0x00000000d5580000)
  object space 360448K, 99% used [0x0000000080000000,0x0000000095fd1e40,0x0000000096000000)
 Metaspace       used 65778K, committed 67328K, reserved 1114112K
  class space    used 6638K, committed 7360K, reserved 1048576K
}
Event: 24.131 GC heap before
{Heap before GC invocations=509 (full 3):
 PSYoungGen      total 3072K, used 2876K [0x00000000d5580000, 0x00000000d5a00000, 0x0000000100000000)
  eden space 2048K, 97% used [0x00000000d5580000,0x00000000d5774d88,0x00000000d5780000)
  from space 1024K, 85% used [0x00000000d5780000,0x00000000d585a2f0,0x00000000d5880000)
  to   space 1024K, 0% used [0x00000000d5900000,0x00000000d5900000,0x00000000d5a00000)
 ParOldGen       total 360448K, used 360263K [0x0000000080000000, 0x0000000096000000, 0x00000000d5580000)
  object space 360448K, 99% used [0x0000000080000000,0x0000000095fd1e40,0x0000000096000000)
 Metaspace       used 65778K, committed 67328K, reserved 1114112K
  class space    used 6638K, committed 7360K, reserved 1048576K
}
Event: 24.133 GC heap after
{Heap after GC invocations=509 (full 3):
 PSYoungGen      total 3584K, used 864K [0x00000000d5580000, 0x00000000d5a00000, 0x0000000100000000)
  eden space 2560K, 0% used [0x00000000d5580000,0x00000000d5580000,0x00000000d5800000)
  from space 1024K, 84% used [0x00000000d5900000,0x00000000d59d82b8,0x00000000d5a00000)
  to   space 1024K, 0% used [0x00000000d5800000,0x00000000d5800000,0x00000000d5900000)
 ParOldGen       total 361472K, used 361058K [0x0000000080000000, 0x0000000096100000, 0x00000000d5580000)
  object space 361472K, 99% used [0x0000000080000000,0x0000000096098b80,0x0000000096100000)
 Metaspace       used 65778K, committed 67328K, reserved 1114112K
  class space    used 6638K, committed 7360K, reserved 1048576K
}
Event: 24.138 GC heap before
{Heap before GC invocations=510 (full 3):
 PSYoungGen      total 3584K, used 3415K [0x00000000d5580000, 0x00000000d5a00000, 0x0000000100000000)
  eden space 2560K, 99% used [0x00000000d5580000,0x00000000d57fdca8,0x00000000d5800000)
  from space 1024K, 84% used [0x00000000d5900000,0x00000000d59d82b8,0x00000000d5a00000)
  to   space 1024K, 0% used [0x00000000d5800000,0x00000000d5800000,0x00000000d5900000)
 ParOldGen       total 361472K, used 361058K [0x0000000080000000, 0x0000000096100000, 0x00000000d5580000)
  object space 361472K, 99% used [0x0000000080000000,0x0000000096098b80,0x0000000096100000)
 Metaspace       used 65778K, committed 67328K, reserved 1114112K
  class space    used 6638K, committed 7360K, reserved 1048576K
}
Event: 24.140 GC heap after
{Heap after GC invocations=510 (full 3):
 PSYoungGen      total 3584K, used 997K [0x00000000d5580000, 0x00000000d5a80000, 0x0000000100000000)
  eden space 2560K, 0% used [0x00000000d5580000,0x00000000d5580000,0x00000000d5800000)
  from space 1024K, 97% used [0x00000000d5800000,0x00000000d58f96a8,0x00000000d5900000)
  to   space 1024K, 0% used [0x00000000d5980000,0x00000000d5980000,0x00000000d5a80000)
 ParOldGen       total 361984K, used 361923K [0x0000000080000000, 0x0000000096180000, 0x00000000d5580000)
  object space 361984K, 99% used [0x0000000080000000,0x0000000096170e30,0x0000000096180000)
 Metaspace       used 65778K, committed 67328K, reserved 1114112K
  class space    used 6638K, committed 7360K, reserved 1048576K
}
Event: 24.145 GC heap before
{Heap before GC invocations=511 (full 3):
 PSYoungGen      total 3584K, used 3557K [0x00000000d5580000, 0x00000000d5a80000, 0x0000000100000000)
  eden space 2560K, 99% used [0x00000000d5580000,0x00000000d57fff38,0x00000000d5800000)
  from space 1024K, 97% used [0x00000000d5800000,0x00000000d58f96a8,0x00000000d5900000)
  to   space 1024K, 0% used [0x00000000d5980000,0x00000000d5980000,0x00000000d5a80000)
 ParOldGen       total 361984K, used 361923K [0x0000000080000000, 0x0000000096180000, 0x00000000d5580000)
  object space 361984K, 99% used [0x0000000080000000,0x0000000096170e30,0x0000000096180000)
 Metaspace       used 65778K, committed 67328K, reserved 1114112K
  class space    used 6638K, committed 7360K, reserved 1048576K
}
Event: 24.147 GC heap after
{Heap after GC invocations=511 (full 3):
 PSYoungGen      total 4096K, used 955K [0x00000000d5580000, 0x00000000d5a80000, 0x0000000100000000)
  eden space 3072K, 0% used [0x00000000d5580000,0x00000000d5580000,0x00000000d5880000)
  from space 1024K, 93% used [0x00000000d5980000,0x00000000d5a6ef20,0x00000000d5a80000)
  to   space 1024K, 0% used [0x00000000d5880000,0x00000000d5880000,0x00000000d5980000)
 ParOldGen       total 363008K, used 362913K [0x0000000080000000, 0x0000000096280000, 0x00000000d5580000)
  object space 363008K, 99% used [0x0000000080000000,0x0000000096268518,0x0000000096280000)
 Metaspace       used 65778K, committed 67328K, reserved 1114112K
  class space    used 6638K, committed 7360K, reserved 1048576K
}
Event: 24.164 GC heap before
{Heap before GC invocations=512 (full 3):
 PSYoungGen      total 4096K, used 4027K [0x00000000d5580000, 0x00000000d5a80000, 0x0000000100000000)
  eden space 3072K, 100% used [0x00000000d5580000,0x00000000d5880000,0x00000000d5880000)
  from space 1024K, 93% used [0x00000000d5980000,0x00000000d5a6ef20,0x00000000d5a80000)
  to   space 1024K, 0% used [0x00000000d5880000,0x00000000d5880000,0x00000000d5980000)
 ParOldGen       total 363008K, used 362913K [0x0000000080000000, 0x0000000096280000, 0x00000000d5580000)
  object space 363008K, 99% used [0x0000000080000000,0x0000000096268518,0x0000000096280000)
 Metaspace       used 65778K, committed 67328K, reserved 1114112K
  class space    used 6638K, committed 7360K, reserved 1048576K
}
Event: 24.169 GC heap after
{Heap after GC invocations=512 (full 3):
 PSYoungGen      total 4096K, used 4027K [0x00000000d5580000, 0x00000000d5a80000, 0x0000000100000000)
  eden space 3072K, 100% used [0x00000000d5580000,0x00000000d5880000,0x00000000d5880000)
  from space 1024K, 93% used [0x00000000d5980000,0x00000000d5a6ef20,0x00000000d5a80000)
  to   space 1024K, 96% used [0x00000000d5880000,0x00000000d59769d0,0x00000000d5980000)
 ParOldGen       total 364032K, used 363816K [0x0000000080000000, 0x0000000096380000, 0x00000000d5580000)
  object space 364032K, 99% used [0x0000000080000000,0x000000009634a208,0x0000000096380000)
 Metaspace       used 65778K, committed 67328K, reserved 1114112K
  class space    used 6638K, committed 7360K, reserved 1048576K
}
Event: 24.169 GC heap before
{Heap before GC invocations=513 (full 4):
 PSYoungGen      total 4096K, used 4027K [0x00000000d5580000, 0x00000000d5a80000, 0x0000000100000000)
  eden space 3072K, 100% used [0x00000000d5580000,0x00000000d5880000,0x00000000d5880000)
  from space 1024K, 93% used [0x00000000d5980000,0x00000000d5a6ef20,0x00000000d5a80000)
  to   space 1024K, 96% used [0x00000000d5880000,0x00000000d59769d0,0x00000000d5980000)
 ParOldGen       total 364032K, used 363816K [0x0000000080000000, 0x0000000096380000, 0x00000000d5580000)
  object space 364032K, 99% used [0x0000000080000000,0x000000009634a208,0x0000000096380000)
 Metaspace       used 65778K, committed 67328K, reserved 1114112K
  class space    used 6638K, committed 7360K, reserved 1048576K
}

