# JRE version: OpenJDK Runtime Environment Temurin-21.0.7+6 (21.0.7+6) (build 21.0.7+6-LTS)
# Java VM: OpenJDK 64-Bit Server VM Temurin-21.0.7+6 (21.0.7+6-LTS, mixed mode, sharing, tiered, compressed oops, compressed class ptrs, parallel gc, windows-amd64)
GC Precious Log:
 CardTable entry size: 512
 CPUs: 8 total, 8 available
 Memory: 7865M
 Large Page Support: Disabled
 NUMA Support: Disabled
 Compressed Oops: Enabled (32-bit)
 Alignments: Space 512K, Generation 512K, Heap 2M
 Heap Min Capacity: 100M
 Heap Initial Capacity: 100M
 Heap Max Capacity: 2G
 Pre-touch: Disabled
 Parallel Workers: 8
Heap:
 PSYoungGen      total 3584K, used 768K [0x00000000d5580000, 0x00000000d5a00000, 0x0000000100000000)
  eden space 2560K, 7% used [0x00000000d5580000,0x00000000d55b2b38,0x00000000d5800000)
  from space 1024K, 55% used [0x00000000d5900000,0x00000000d598d598,0x00000000d5a00000)
  to   space 1024K, 0% used [0x00000000d5800000,0x00000000d5800000,0x00000000d5900000)
 ParOldGen       total 190464K, used 190089K [0x0000000080000000, 0x000000008ba00000, 0x00000000d5580000)
  object space 190464K, 99% used [0x0000000080000000,0x000000008b9a2690,0x000000008ba00000)
 Metaspace       used 62012K, committed 63424K, reserved 1114112K
  class space    used 6369K, committed 6976K, reserved 1048576K
GC Heap History (20 events):
Event: 23.700 GC heap before
{Heap before GC invocations=276 (full 3):
 PSYoungGen      total 3584K, used 3218K [0x00000000d5580000, 0x00000000d5a00000, 0x0000000100000000)
  eden space 2560K, 100% used [0x00000000d5580000,0x00000000d5800000,0x00000000d5800000)
  from space 1024K, 64% used [0x00000000d5900000,0x00000000d59a49a0,0x00000000d5a00000)
  to   space 1024K, 0% used [0x00000000d5800000,0x00000000d5800000,0x00000000d5900000)
 ParOldGen       total 183296K, used 182916K [0x0000000080000000, 0x000000008b300000, 0x00000000d5580000)
  object space 183296K, 99% used [0x0000000080000000,0x000000008b2a1290,0x000000008b300000)
 Metaspace       used 62009K, committed 63424K, reserved 1114112K
  class space    used 6369K, committed 6976K, reserved 1048576K
}
Event: 23.701 GC heap after
{Heap after GC invocations=276 (full 3):
 PSYoungGen      total 3584K, used 592K [0x00000000d5580000, 0x00000000d5a00000, 0x0000000100000000)
  eden space 2560K, 0% used [0x00000000d5580000,0x00000000d5580000,0x00000000d5800000)
  from space 1024K, 57% used [0x00000000d5800000,0x00000000d5894008,0x00000000d5900000)
  to   space 1024K, 0% used [0x00000000d5900000,0x00000000d5900000,0x00000000d5a00000)
 ParOldGen       total 183808K, used 183443K [0x0000000080000000, 0x000000008b380000, 0x00000000d5580000)
  object space 183808K, 99% used [0x0000000080000000,0x000000008b324f38,0x000000008b380000)
 Metaspace       used 62009K, committed 63424K, reserved 1114112K
  class space    used 6369K, committed 6976K, reserved 1048576K
}
Event: 23.722 GC heap before
{Heap before GC invocations=277 (full 3):
 PSYoungGen      total 3584K, used 3152K [0x00000000d5580000, 0x00000000d5a00000, 0x0000000100000000)
  eden space 2560K, 100% used [0x00000000d5580000,0x00000000d5800000,0x00000000d5800000)
  from space 1024K, 57% used [0x00000000d5800000,0x00000000d5894008,0x00000000d5900000)
  to   space 1024K, 0% used [0x00000000d5900000,0x00000000d5900000,0x00000000d5a00000)
 ParOldGen       total 183808K, used 183443K [0x0000000080000000, 0x000000008b380000, 0x00000000d5580000)
  object space 183808K, 99% used [0x0000000080000000,0x000000008b324f38,0x000000008b380000)
 Metaspace       used 62009K, committed 63424K, reserved 1114112K
  class space    used 6369K, committed 6976K, reserved 1048576K
}
Event: 23.724 GC heap after
{Heap after GC invocations=277 (full 3):
 PSYoungGen      total 3584K, used 640K [0x00000000d5580000, 0x00000000d5a00000, 0x0000000100000000)
  eden space 2560K, 0% used [0x00000000d5580000,0x00000000d5580000,0x00000000d5800000)
  from space 1024K, 62% used [0x00000000d5900000,0x00000000d59a0000,0x00000000d5a00000)
  to   space 1024K, 0% used [0x00000000d5800000,0x00000000d5800000,0x00000000d5900000)
 ParOldGen       total 184320K, used 183956K [0x0000000080000000, 0x000000008b400000, 0x00000000d5580000)
  object space 184320K, 99% used [0x0000000080000000,0x000000008b3a5280,0x000000008b400000)
 Metaspace       used 62009K, committed 63424K, reserved 1114112K
  class space    used 6369K, committed 6976K, reserved 1048576K
}
Event: 23.742 GC heap before
{Heap before GC invocations=278 (full 3):
 PSYoungGen      total 3584K, used 3199K [0x00000000d5580000, 0x00000000d5a00000, 0x0000000100000000)
  eden space 2560K, 99% used [0x00000000d5580000,0x00000000d57fff90,0x00000000d5800000)
  from space 1024K, 62% used [0x00000000d5900000,0x00000000d59a0000,0x00000000d5a00000)
  to   space 1024K, 0% used [0x00000000d5800000,0x00000000d5800000,0x00000000d5900000)
 ParOldGen       total 184320K, used 183956K [0x0000000080000000, 0x000000008b400000, 0x00000000d5580000)
  object space 184320K, 99% used [0x0000000080000000,0x000000008b3a5280,0x000000008b400000)
 Metaspace       used 62009K, committed 63424K, reserved 1114112K
  class space    used 6369K, committed 6976K, reserved 1048576K
}
Event: 23.744 GC heap after
{Heap after GC invocations=278 (full 3):
 PSYoungGen      total 3584K, used 602K [0x00000000d5580000, 0x00000000d5a00000, 0x0000000100000000)
  eden space 2560K, 0% used [0x00000000d5580000,0x00000000d5580000,0x00000000d5800000)
  from space 1024K, 58% used [0x00000000d5800000,0x00000000d5896ae8,0x00000000d5900000)
  to   space 1024K, 0% used [0x00000000d5900000,0x00000000d5900000,0x00000000d5a00000)
 ParOldGen       total 184832K, used 184476K [0x0000000080000000, 0x000000008b480000, 0x00000000d5580000)
  object space 184832K, 99% used [0x0000000080000000,0x000000008b4273c0,0x000000008b480000)
 Metaspace       used 62009K, committed 63424K, reserved 1114112K
  class space    used 6369K, committed 6976K, reserved 1048576K
}
Event: 23.762 GC heap before
{Heap before GC invocations=279 (full 3):
 PSYoungGen      total 3584K, used 3162K [0x00000000d5580000, 0x00000000d5a00000, 0x0000000100000000)
  eden space 2560K, 99% used [0x00000000d5580000,0x00000000d57fffd8,0x00000000d5800000)
  from space 1024K, 58% used [0x00000000d5800000,0x00000000d5896ae8,0x00000000d5900000)
  to   space 1024K, 0% used [0x00000000d5900000,0x00000000d5900000,0x00000000d5a00000)
 ParOldGen       total 184832K, used 184476K [0x0000000080000000, 0x000000008b480000, 0x00000000d5580000)
  object space 184832K, 99% used [0x0000000080000000,0x000000008b4273c0,0x000000008b480000)
 Metaspace       used 62009K, committed 63424K, reserved 1114112K
  class space    used 6369K, committed 6976K, reserved 1048576K
}
Event: 23.764 GC heap after
{Heap after GC invocations=279 (full 3):
 PSYoungGen      total 3584K, used 675K [0x00000000d5580000, 0x00000000d5a00000, 0x0000000100000000)
  eden space 2560K, 0% used [0x00000000d5580000,0x00000000d5580000,0x00000000d5800000)
  from space 1024K, 65% used [0x00000000d5900000,0x00000000d59a8f58,0x00000000d5a00000)
  to   space 1024K, 0% used [0x00000000d5800000,0x00000000d5800000,0x00000000d5900000)
 ParOldGen       total 185344K, used 184981K [0x0000000080000000, 0x000000008b500000, 0x00000000d5580000)
  object space 185344K, 99% used [0x0000000080000000,0x000000008b4a5678,0x000000008b500000)
 Metaspace       used 62009K, committed 63424K, reserved 1114112K
  class space    used 6369K, committed 6976K, reserved 1048576K
}
Event: 23.787 GC heap before
{Heap before GC invocations=280 (full 3):
 PSYoungGen      total 3584K, used 3235K [0x00000000d5580000, 0x00000000d5a00000, 0x0000000100000000)
  eden space 2560K, 99% used [0x00000000d5580000,0x00000000d57fffc8,0x00000000d5800000)
  from space 1024K, 65% used [0x00000000d5900000,0x00000000d59a8f58,0x00000000d5a00000)
  to   space 1024K, 0% used [0x00000000d5800000,0x00000000d5800000,0x00000000d5900000)
 ParOldGen       total 185344K, used 184981K [0x0000000080000000, 0x000000008b500000, 0x00000000d5580000)
  object space 185344K, 99% used [0x0000000080000000,0x000000008b4a5678,0x000000008b500000)
 Metaspace       used 62012K, committed 63424K, reserved 1114112K
  class space    used 6369K, committed 6976K, reserved 1048576K
}
Event: 23.790 GC heap after
{Heap after GC invocations=280 (full 3):
 PSYoungGen      total 3584K, used 628K [0x00000000d5580000, 0x00000000d5a00000, 0x0000000100000000)
  eden space 2560K, 0% used [0x00000000d5580000,0x00000000d5580000,0x00000000d5800000)
  from space 1024K, 61% used [0x00000000d5800000,0x00000000d589d348,0x00000000d5900000)
  to   space 1024K, 0% used [0x00000000d5900000,0x00000000d5900000,0x00000000d5a00000)
 ParOldGen       total 185856K, used 185533K [0x0000000080000000, 0x000000008b580000, 0x00000000d5580000)
  object space 185856K, 99% used [0x0000000080000000,0x000000008b52f488,0x000000008b580000)
 Metaspace       used 62012K, committed 63424K, reserved 1114112K
  class space    used 6369K, committed 6976K, reserved 1048576K
}
Event: 23.808 GC heap before
{Heap before GC invocations=281 (full 3):
 PSYoungGen      total 3584K, used 3188K [0x00000000d5580000, 0x00000000d5a00000, 0x0000000100000000)
  eden space 2560K, 100% used [0x00000000d5580000,0x00000000d5800000,0x00000000d5800000)
  from space 1024K, 61% used [0x00000000d5800000,0x00000000d589d348,0x00000000d5900000)
  to   space 1024K, 0% used [0x00000000d5900000,0x00000000d5900000,0x00000000d5a00000)
 ParOldGen       total 185856K, used 185533K [0x0000000080000000, 0x000000008b580000, 0x00000000d5580000)
  object space 185856K, 99% used [0x0000000080000000,0x000000008b52f488,0x000000008b580000)
 Metaspace       used 62012K, committed 63424K, reserved 1114112K
  class space    used 6369K, committed 6976K, reserved 1048576K
}
Event: 23.810 GC heap after
{Heap after GC invocations=281 (full 3):
 PSYoungGen      total 3584K, used 656K [0x00000000d5580000, 0x00000000d5a00000, 0x0000000100000000)
  eden space 2560K, 0% used [0x00000000d5580000,0x00000000d5580000,0x00000000d5800000)
  from space 1024K, 64% used [0x00000000d5900000,0x00000000d59a41e0,0x00000000d5a00000)
  to   space 1024K, 0% used [0x00000000d5800000,0x00000000d5800000,0x00000000d5900000)
 ParOldGen       total 186368K, used 186053K [0x0000000080000000, 0x000000008b600000, 0x00000000d5580000)
  object space 186368K, 99% used [0x0000000080000000,0x000000008b5b1670,0x000000008b600000)
 Metaspace       used 62012K, committed 63424K, reserved 1114112K
  class space    used 6369K, committed 6976K, reserved 1048576K
}
Event: 23.827 GC heap before
{Heap before GC invocations=282 (full 3):
 PSYoungGen      total 3584K, used 3216K [0x00000000d5580000, 0x00000000d5a00000, 0x0000000100000000)
  eden space 2560K, 100% used [0x00000000d5580000,0x00000000d5800000,0x00000000d5800000)
  from space 1024K, 64% used [0x00000000d5900000,0x00000000d59a41e0,0x00000000d5a00000)
  to   space 1024K, 0% used [0x00000000d5800000,0x00000000d5800000,0x00000000d5900000)
 ParOldGen       total 186368K, used 186053K [0x0000000080000000, 0x000000008b600000, 0x00000000d5580000)
  object space 186368K, 99% used [0x0000000080000000,0x000000008b5b1670,0x000000008b600000)
 Metaspace       used 62012K, committed 63424K, reserved 1114112K
  class space    used 6369K, committed 6976K, reserved 1048576K
}
Event: 23.828 GC heap after
{Heap after GC invocations=282 (full 3):
 PSYoungGen      total 3584K, used 576K [0x00000000d5580000, 0x00000000d5a00000, 0x0000000100000000)
  eden space 2560K, 0% used [0x00000000d5580000,0x00000000d5580000,0x00000000d5800000)
  from space 1024K, 56% used [0x00000000d5800000,0x00000000d5890000,0x00000000d5900000)
  to   space 1024K, 0% used [0x00000000d5900000,0x00000000d5900000,0x00000000d5a00000)
 ParOldGen       total 186880K, used 186566K [0x0000000080000000, 0x000000008b680000, 0x00000000d5580000)
  object space 186880K, 99% used [0x0000000080000000,0x000000008b631a30,0x000000008b680000)
 Metaspace       used 62012K, committed 63424K, reserved 1114112K
  class space    used 6369K, committed 6976K, reserved 1048576K
}
Event: 23.848 GC heap before
{Heap before GC invocations=283 (full 3):
 PSYoungGen      total 3584K, used 3136K [0x00000000d5580000, 0x00000000d5a00000, 0x0000000100000000)
  eden space 2560K, 100% used [0x00000000d5580000,0x00000000d5800000,0x00000000d5800000)
  from space 1024K, 56% used [0x00000000d5800000,0x00000000d5890000,0x00000000d5900000)
  to   space 1024K, 0% used [0x00000000d5900000,0x00000000d5900000,0x00000000d5a00000)
 ParOldGen       total 186880K, used 186566K [0x0000000080000000, 0x000000008b680000, 0x00000000d5580000)
  object space 186880K, 99% used [0x0000000080000000,0x000000008b631a30,0x000000008b680000)
 Metaspace       used 62012K, committed 63424K, reserved 1114112K
  class space    used 6369K, committed 6976K, reserved 1048576K
}
Event: 23.854 GC heap after
{Heap after GC invocations=283 (full 3):
 PSYoungGen      total 3584K, used 616K [0x00000000d5580000, 0x00000000d5a00000, 0x0000000100000000)
  eden space 2560K, 0% used [0x00000000d5580000,0x00000000d5580000,0x00000000d5800000)
  from space 1024K, 60% used [0x00000000d5900000,0x00000000d599a308,0x00000000d5a00000)
  to   space 1024K, 0% used [0x00000000d5800000,0x00000000d5800000,0x00000000d5900000)
 ParOldGen       total 187392K, used 187054K [0x0000000080000000, 0x000000008b700000, 0x00000000d5580000)
  object space 187392K, 99% used [0x0000000080000000,0x000000008b6ab8d8,0x000000008b700000)
 Metaspace       used 62012K, committed 63424K, reserved 1114112K
  class space    used 6369K, committed 6976K, reserved 1048576K
}
Event: 23.872 GC heap before
{Heap before GC invocations=284 (full 3):
 PSYoungGen      total 3584K, used 3176K [0x00000000d5580000, 0x00000000d5a00000, 0x0000000100000000)
  eden space 2560K, 100% used [0x00000000d5580000,0x00000000d5800000,0x00000000d5800000)
  from space 1024K, 60% used [0x00000000d5900000,0x00000000d599a308,0x00000000d5a00000)
  to   space 1024K, 0% used [0x00000000d5800000,0x00000000d5800000,0x00000000d5900000)
 ParOldGen       total 187392K, used 187054K [0x0000000080000000, 0x000000008b700000, 0x00000000d5580000)
  object space 187392K, 99% used [0x0000000080000000,0x000000008b6ab8d8,0x000000008b700000)
 Metaspace       used 62012K, committed 63424K, reserved 1114112K
  class space    used 6369K, committed 6976K, reserved 1048576K
}
Event: 23.875 GC heap after
{Heap after GC invocations=284 (full 3):
 PSYoungGen      total 3584K, used 765K [0x00000000d5580000, 0x00000000d5a00000, 0x0000000100000000)
  eden space 2560K, 0% used [0x00000000d5580000,0x00000000d5580000,0x00000000d5800000)
  from space 1024K, 74% used [0x00000000d5800000,0x00000000d58bf408,0x00000000d5900000)
  to   space 1024K, 0% used [0x00000000d5900000,0x00000000d5900000,0x00000000d5a00000)
 ParOldGen       total 187904K, used 187572K [0x0000000080000000, 0x000000008b780000, 0x00000000d5580000)
  object space 187904K, 99% used [0x0000000080000000,0x000000008b72d330,0x000000008b780000)
 Metaspace       used 62012K, committed 63424K, reserved 1114112K
  class space    used 6369K, committed 6976K, reserved 1048576K
}
Event: 23.896 GC heap before
{Heap before GC invocations=285 (full 3):
 PSYoungGen      total 3584K, used 3325K [0x00000000d5580000, 0x00000000d5a00000, 0x0000000100000000)
  eden space 2560K, 100% used [0x00000000d5580000,0x00000000d5800000,0x00000000d5800000)
  from space 1024K, 74% used [0x00000000d5800000,0x00000000d58bf408,0x00000000d5900000)
  to   space 1024K, 0% used [0x00000000d5900000,0x00000000d5900000,0x00000000d5a00000)
 ParOldGen       total 187904K, used 187572K [0x0000000080000000, 0x000000008b780000, 0x00000000d5580000)
  object space 187904K, 99% used [0x0000000080000000,0x000000008b72d330,0x000000008b780000)
 Metaspace       used 62012K, committed 63424K, reserved 1114112K
  class space    used 6369K, committed 6976K, reserved 1048576K
}
Event: 23.898 GC heap after
{Heap after GC invocations=285 (full 3):
 PSYoungGen      total 3584K, used 657K [0x00000000d5580000, 0x00000000d5a00000, 0x0000000100000000)
  eden space 2560K, 0% used [0x00000000d5580000,0x00000000d5580000,0x00000000d5800000)
  from space 1024K, 64% used [0x00000000d5900000,0x00000000d59a4658,0x00000000d5a00000)
  to   space 1024K, 0% used [0x00000000d5800000,0x00000000d5800000,0x00000000d5900000)
 ParOldGen       total 188416K, used 188142K [0x0000000080000000, 0x000000008b800000, 0x00000000d5580000)
  object space 188416K, 99% used [0x0000000080000000,0x000000008b7bb818,0x000000008b800000)
 Metaspace       used 62012K, committed 63424K, reserved 1114112K
  class space    used 6369K, committed 6976K, reserved 1048576K
}

