# JRE version: OpenJDK Runtime Environment Temurin-21.0.7+6 (21.0.7+6) (build 21.0.7+6-LTS)
# Java VM: OpenJDK 64-Bit Server VM Temurin-21.0.7+6 (21.0.7+6-LTS, mixed mode, sharing, tiered, compressed oops, compressed class ptrs, parallel gc, windows-amd64)
GC Precious Log:
 CardTable entry size: 512
 CPUs: 8 total, 8 available
 Memory: 7865M
 Large Page Support: Disabled
 NUMA Support: Disabled
 Compressed Oops: Enabled (32-bit)
 Alignments: Space 512K, Generation 512K, Heap 2M
 Heap Min Capacity: 100M
 Heap Initial Capacity: 100M
 Heap Max Capacity: 2G
 Pre-touch: Disabled
 Parallel Workers: 8
Heap:
 PSYoungGen      total 3584K, used 0K [0x00000000d5580000, 0x00000000d5a00000, 0x0000000100000000)
  eden space 3072K, 0% used [0x00000000d5580000,0x00000000d5580000,0x00000000d5880000)
  from space 512K, 0% used [0x00000000d5980000,0x00000000d5980000,0x00000000d5a00000)
  to   space 512K, 0% used [0x00000000d5900000,0x00000000d5900000,0x00000000d5980000)
 ParOldGen       total 1093120K, used 1092483K [0x0000000080000000, 0x00000000c2b80000, 0x00000000d5580000)
  object space 1093120K, 99% used [0x0000000080000000,0x00000000c2ae0d38,0x00000000c2b80000)
 Metaspace       used 70015K, committed 71680K, reserved 1114112K
  class space    used 6982K, committed 7744K, reserved 1048576K
GC Heap History (20 events):
Event: 587.612 GC heap before
{Heap before GC invocations=2444 (full 3):
 PSYoungGen      total 3072K, used 2702K [0x00000000d5580000, 0x00000000d5980000, 0x0000000100000000)
  eden space 2048K, 100% used [0x00000000d5580000,0x00000000d5780000,0x00000000d5780000)
  from space 1024K, 63% used [0x00000000d5880000,0x00000000d5923bf8,0x00000000d5980000)
  to   space 1024K, 0% used [0x00000000d5780000,0x00000000d5780000,0x00000000d5880000)
 ParOldGen       total 1064960K, used 1064700K [0x0000000080000000, 0x00000000c1000000, 0x00000000d5580000)
  object space 1064960K, 99% used [0x0000000080000000,0x00000000c0fbf398,0x00000000c1000000)
 Metaspace       used 69996K, committed 71680K, reserved 1114112K
  class space    used 6982K, committed 7744K, reserved 1048576K
}
Event: 587.638 GC heap after
{Heap after GC invocations=2444 (full 3):
 PSYoungGen      total 3072K, used 921K [0x00000000d5580000, 0x00000000d5a00000, 0x0000000100000000)
  eden space 2048K, 0% used [0x00000000d5580000,0x00000000d5580000,0x00000000d5780000)
  from space 1024K, 89% used [0x00000000d5780000,0x00000000d5866448,0x00000000d5880000)
  to   space 1024K, 0% used [0x00000000d5900000,0x00000000d5900000,0x00000000d5a00000)
 ParOldGen       total 1065472K, used 1065168K [0x0000000080000000, 0x00000000c1080000, 0x00000000d5580000)
  object space 1065472K, 99% used [0x0000000080000000,0x00000000c1034190,0x00000000c1080000)
 Metaspace       used 69996K, committed 71680K, reserved 1114112K
  class space    used 6982K, committed 7744K, reserved 1048576K
}
Event: 587.718 GC heap before
{Heap before GC invocations=2445 (full 3):
 PSYoungGen      total 3072K, used 2695K [0x00000000d5580000, 0x00000000d5a00000, 0x0000000100000000)
  eden space 2048K, 86% used [0x00000000d5580000,0x00000000d573ba88,0x00000000d5780000)
  from space 1024K, 89% used [0x00000000d5780000,0x00000000d5866448,0x00000000d5880000)
  to   space 1024K, 0% used [0x00000000d5900000,0x00000000d5900000,0x00000000d5a00000)
 ParOldGen       total 1065472K, used 1065168K [0x0000000080000000, 0x00000000c1080000, 0x00000000d5580000)
  object space 1065472K, 99% used [0x0000000080000000,0x00000000c1034190,0x00000000c1080000)
 Metaspace       used 69996K, committed 71680K, reserved 1114112K
  class space    used 6982K, committed 7744K, reserved 1048576K
}
Event: 587.737 GC heap after
{Heap after GC invocations=2445 (full 3):
 PSYoungGen      total 2048K, used 1009K [0x00000000d5580000, 0x00000000d5d00000, 0x0000000100000000)
  eden space 1024K, 0% used [0x00000000d5580000,0x00000000d5580000,0x00000000d5680000)
  from space 1024K, 98% used [0x00000000d5900000,0x00000000d59fc6a0,0x00000000d5a00000)
  to   space 2560K, 0% used [0x00000000d5680000,0x00000000d5680000,0x00000000d5900000)
 ParOldGen       total 1066496K, used 1066134K [0x0000000080000000, 0x00000000c1180000, 0x00000000d5580000)
  object space 1066496K, 99% used [0x0000000080000000,0x00000000c11258a8,0x00000000c1180000)
 Metaspace       used 69996K, committed 71680K, reserved 1114112K
  class space    used 6982K, committed 7744K, reserved 1048576K
}
Event: 588.118 GC heap before
{Heap before GC invocations=2446 (full 3):
 PSYoungGen      total 2048K, used 2025K [0x00000000d5580000, 0x00000000d5d00000, 0x0000000100000000)
  eden space 1024K, 99% used [0x00000000d5580000,0x00000000d567dea0,0x00000000d5680000)
  from space 1024K, 98% used [0x00000000d5900000,0x00000000d59fc6a0,0x00000000d5a00000)
  to   space 2560K, 0% used [0x00000000d5680000,0x00000000d5680000,0x00000000d5900000)
 ParOldGen       total 1066496K, used 1066134K [0x0000000080000000, 0x00000000c1180000, 0x00000000d5580000)
  object space 1066496K, 99% used [0x0000000080000000,0x00000000c11258a8,0x00000000c1180000)
 Metaspace       used 69996K, committed 71680K, reserved 1114112K
  class space    used 6982K, committed 7744K, reserved 1048576K
}
Event: 588.134 GC heap after
{Heap after GC invocations=2446 (full 3):
 PSYoungGen      total 2048K, used 1003K [0x00000000d5580000, 0x00000000d5a00000, 0x0000000100000000)
  eden space 1024K, 0% used [0x00000000d5580000,0x00000000d5580000,0x00000000d5680000)
  from space 1024K, 97% used [0x00000000d5680000,0x00000000d577acc8,0x00000000d5780000)
  to   space 1536K, 0% used [0x00000000d5880000,0x00000000d5880000,0x00000000d5a00000)
 ParOldGen       total 1067520K, used 1067166K [0x0000000080000000, 0x00000000c1280000, 0x00000000d5580000)
  object space 1067520K, 99% used [0x0000000080000000,0x00000000c1227bf8,0x00000000c1280000)
 Metaspace       used 69996K, committed 71680K, reserved 1114112K
  class space    used 6982K, committed 7744K, reserved 1048576K
}
Event: 588.161 GC heap before
{Heap before GC invocations=2447 (full 3):
 PSYoungGen      total 2048K, used 2027K [0x00000000d5580000, 0x00000000d5a00000, 0x0000000100000000)
  eden space 1024K, 100% used [0x00000000d5580000,0x00000000d5680000,0x00000000d5680000)
  from space 1024K, 97% used [0x00000000d5680000,0x00000000d577acc8,0x00000000d5780000)
  to   space 1536K, 0% used [0x00000000d5880000,0x00000000d5880000,0x00000000d5a00000)
 ParOldGen       total 1067520K, used 1067166K [0x0000000080000000, 0x00000000c1280000, 0x00000000d5580000)
  object space 1067520K, 99% used [0x0000000080000000,0x00000000c1227bf8,0x00000000c1280000)
 Metaspace       used 69999K, committed 71680K, reserved 1114112K
  class space    used 6982K, committed 7744K, reserved 1048576K
}
Event: 588.178 GC heap after
{Heap after GC invocations=2447 (full 3):
 PSYoungGen      total 2560K, used 547K [0x00000000d5580000, 0x00000000d5980000, 0x0000000100000000)
  eden space 1536K, 0% used [0x00000000d5580000,0x00000000d5580000,0x00000000d5700000)
  from space 1024K, 53% used [0x00000000d5880000,0x00000000d5908e20,0x00000000d5980000)
  to   space 1024K, 0% used [0x00000000d5780000,0x00000000d5780000,0x00000000d5880000)
 ParOldGen       total 1070080K, used 1069167K [0x0000000080000000, 0x00000000c1500000, 0x00000000d5580000)
  object space 1070080K, 99% used [0x0000000080000000,0x00000000c141bf78,0x00000000c1500000)
 Metaspace       used 69999K, committed 71680K, reserved 1114112K
  class space    used 6982K, committed 7744K, reserved 1048576K
}
Event: 588.246 GC heap before
{Heap before GC invocations=2448 (full 3):
 PSYoungGen      total 2560K, used 2080K [0x00000000d5580000, 0x00000000d5980000, 0x0000000100000000)
  eden space 1536K, 99% used [0x00000000d5580000,0x00000000d56ff540,0x00000000d5700000)
  from space 1024K, 53% used [0x00000000d5880000,0x00000000d5908e20,0x00000000d5980000)
  to   space 1024K, 0% used [0x00000000d5780000,0x00000000d5780000,0x00000000d5880000)
 ParOldGen       total 1070080K, used 1069167K [0x0000000080000000, 0x00000000c1500000, 0x00000000d5580000)
  object space 1070080K, 99% used [0x0000000080000000,0x00000000c141bf78,0x00000000c1500000)
 Metaspace       used 69999K, committed 71680K, reserved 1114112K
  class space    used 6982K, committed 7744K, reserved 1048576K
}
Event: 588.264 GC heap after
{Heap after GC invocations=2448 (full 3):
 PSYoungGen      total 3072K, used 1022K [0x00000000d5580000, 0x00000000d5b80000, 0x0000000100000000)
  eden space 2048K, 0% used [0x00000000d5580000,0x00000000d5580000,0x00000000d5780000)
  from space 1024K, 99% used [0x00000000d5780000,0x00000000d587f910,0x00000000d5880000)
  to   space 2048K, 0% used [0x00000000d5980000,0x00000000d5980000,0x00000000d5b80000)
 ParOldGen       total 1070080K, used 1069565K [0x0000000080000000, 0x00000000c1500000, 0x00000000d5580000)
  object space 1070080K, 99% used [0x0000000080000000,0x00000000c147f450,0x00000000c1500000)
 Metaspace       used 69999K, committed 71680K, reserved 1114112K
  class space    used 6982K, committed 7744K, reserved 1048576K
}
Event: 588.341 GC heap before
{Heap before GC invocations=2449 (full 3):
 PSYoungGen      total 3072K, used 3070K [0x00000000d5580000, 0x00000000d5b80000, 0x0000000100000000)
  eden space 2048K, 100% used [0x00000000d5580000,0x00000000d5780000,0x00000000d5780000)
  from space 1024K, 99% used [0x00000000d5780000,0x00000000d587f910,0x00000000d5880000)
  to   space 2048K, 0% used [0x00000000d5980000,0x00000000d5980000,0x00000000d5b80000)
 ParOldGen       total 1070080K, used 1069565K [0x0000000080000000, 0x00000000c1500000, 0x00000000d5580000)
  object space 1070080K, 99% used [0x0000000080000000,0x00000000c147f450,0x00000000c1500000)
 Metaspace       used 69999K, committed 71680K, reserved 1114112K
  class space    used 6982K, committed 7744K, reserved 1048576K
}
Event: 588.365 GC heap after
{Heap after GC invocations=2449 (full 3):
 PSYoungGen      total 4096K, used 1434K [0x00000000d5580000, 0x00000000d5b00000, 0x0000000100000000)
  eden space 2560K, 0% used [0x00000000d5580000,0x00000000d5580000,0x00000000d5800000)
  from space 1536K, 93% used [0x00000000d5980000,0x00000000d5ae6878,0x00000000d5b00000)
  to   space 1536K, 0% used [0x00000000d5800000,0x00000000d5800000,0x00000000d5980000)
 ParOldGen       total 1070592K, used 1070495K [0x0000000080000000, 0x00000000c1580000, 0x00000000d5580000)
  object space 1070592K, 99% used [0x0000000080000000,0x00000000c1567f00,0x00000000c1580000)
 Metaspace       used 69999K, committed 71680K, reserved 1114112K
  class space    used 6982K, committed 7744K, reserved 1048576K
}
Event: 588.574 GC heap before
{Heap before GC invocations=2450 (full 3):
 PSYoungGen      total 4096K, used 3994K [0x00000000d5580000, 0x00000000d5b00000, 0x0000000100000000)
  eden space 2560K, 100% used [0x00000000d5580000,0x00000000d5800000,0x00000000d5800000)
  from space 1536K, 93% used [0x00000000d5980000,0x00000000d5ae6878,0x00000000d5b00000)
  to   space 1536K, 0% used [0x00000000d5800000,0x00000000d5800000,0x00000000d5980000)
 ParOldGen       total 1070592K, used 1070495K [0x0000000080000000, 0x00000000c1580000, 0x00000000d5580000)
  object space 1070592K, 99% used [0x0000000080000000,0x00000000c1567f00,0x00000000c1580000)
 Metaspace       used 70000K, committed 71680K, reserved 1114112K
  class space    used 6982K, committed 7744K, reserved 1048576K
}
Event: 588.602 GC heap after
{Heap after GC invocations=2450 (full 3):
 PSYoungGen      total 4096K, used 768K [0x00000000d5580000, 0x00000000d5a80000, 0x0000000100000000)
  eden space 2560K, 0% used [0x00000000d5580000,0x00000000d5580000,0x00000000d5800000)
  from space 1536K, 50% used [0x00000000d5800000,0x00000000d58c0000,0x00000000d5980000)
  to   space 1024K, 0% used [0x00000000d5980000,0x00000000d5980000,0x00000000d5a80000)
 ParOldGen       total 1072128K, used 1071823K [0x0000000080000000, 0x00000000c1700000, 0x00000000d5580000)
  object space 1072128K, 99% used [0x0000000080000000,0x00000000c16b3cb8,0x00000000c1700000)
 Metaspace       used 70000K, committed 71680K, reserved 1114112K
  class space    used 6982K, committed 7744K, reserved 1048576K
}
Event: 588.722 GC heap before
{Heap before GC invocations=2451 (full 3):
 PSYoungGen      total 4096K, used 3328K [0x00000000d5580000, 0x00000000d5a80000, 0x0000000100000000)
  eden space 2560K, 100% used [0x00000000d5580000,0x00000000d5800000,0x00000000d5800000)
  from space 1536K, 50% used [0x00000000d5800000,0x00000000d58c0000,0x00000000d5980000)
  to   space 1024K, 0% used [0x00000000d5980000,0x00000000d5980000,0x00000000d5a80000)
 ParOldGen       total 1072128K, used 1071823K [0x0000000080000000, 0x00000000c1700000, 0x00000000d5580000)
  object space 1072128K, 99% used [0x0000000080000000,0x00000000c16b3cb8,0x00000000c1700000)
 Metaspace       used 70000K, committed 71680K, reserved 1114112K
  class space    used 6982K, committed 7744K, reserved 1048576K
}
Event: 588.740 GC heap after
{Heap after GC invocations=2451 (full 3):
 PSYoungGen      total 3072K, used 352K [0x00000000d5580000, 0x00000000d5a00000, 0x0000000100000000)
  eden space 2560K, 0% used [0x00000000d5580000,0x00000000d5580000,0x00000000d5800000)
  from space 512K, 68% used [0x00000000d5980000,0x00000000d59d8000,0x00000000d5a00000)
  to   space 1024K, 0% used [0x00000000d5800000,0x00000000d5800000,0x00000000d5900000)
 ParOldGen       total 1072640K, used 1072463K [0x0000000080000000, 0x00000000c1780000, 0x00000000d5580000)
  object space 1072640K, 99% used [0x0000000080000000,0x00000000c1753cb8,0x00000000c1780000)
 Metaspace       used 70000K, committed 71680K, reserved 1114112K
  class space    used 6982K, committed 7744K, reserved 1048576K
}
Event: 589.488 GC heap before
{Heap before GC invocations=2452 (full 3):
 PSYoungGen      total 3072K, used 2912K [0x00000000d5580000, 0x00000000d5a00000, 0x0000000100000000)
  eden space 2560K, 100% used [0x00000000d5580000,0x00000000d5800000,0x00000000d5800000)
  from space 512K, 68% used [0x00000000d5980000,0x00000000d59d8000,0x00000000d5a00000)
  to   space 1024K, 0% used [0x00000000d5800000,0x00000000d5800000,0x00000000d5900000)
 ParOldGen       total 1072640K, used 1072463K [0x0000000080000000, 0x00000000c1780000, 0x00000000d5580000)
  object space 1072640K, 99% used [0x0000000080000000,0x00000000c1753cb8,0x00000000c1780000)
 Metaspace       used 70006K, committed 71680K, reserved 1114112K
  class space    used 6982K, committed 7744K, reserved 1048576K
}
Event: 589.503 GC heap after
{Heap after GC invocations=2452 (full 3):
 PSYoungGen      total 3584K, used 480K [0x00000000d5580000, 0x00000000d5a00000, 0x0000000100000000)
  eden space 2560K, 0% used [0x00000000d5580000,0x00000000d5580000,0x00000000d5800000)
  from space 1024K, 46% used [0x00000000d5800000,0x00000000d5878000,0x00000000d5900000)
  to   space 512K, 0% used [0x00000000d5980000,0x00000000d5980000,0x00000000d5a00000)
 ParOldGen       total 1073152K, used 1072663K [0x0000000080000000, 0x00000000c1800000, 0x00000000d5580000)
  object space 1073152K, 99% used [0x0000000080000000,0x00000000c1785cb8,0x00000000c1800000)
 Metaspace       used 70006K, committed 71680K, reserved 1114112K
  class space    used 6982K, committed 7744K, reserved 1048576K
}
Event: 590.414 GC heap before
{Heap before GC invocations=2453 (full 3):
 PSYoungGen      total 3584K, used 3039K [0x00000000d5580000, 0x00000000d5a00000, 0x0000000100000000)
  eden space 2560K, 99% used [0x00000000d5580000,0x00000000d57fff40,0x00000000d5800000)
  from space 1024K, 46% used [0x00000000d5800000,0x00000000d5878000,0x00000000d5900000)
  to   space 512K, 0% used [0x00000000d5980000,0x00000000d5980000,0x00000000d5a00000)
 ParOldGen       total 1081344K, used 1080343K [0x0000000080000000, 0x00000000c2000000, 0x00000000d5580000)
  object space 1081344K, 99% used [0x0000000080000000,0x00000000c1f05cc8,0x00000000c2000000)
 Metaspace       used 70015K, committed 71680K, reserved 1114112K
  class space    used 6982K, committed 7744K, reserved 1048576K
}
Event: 590.430 GC heap after
{Heap after GC invocations=2453 (full 3):
 PSYoungGen      total 3072K, used 304K [0x00000000d5580000, 0x00000000d5a00000, 0x0000000100000000)
  eden space 2560K, 0% used [0x00000000d5580000,0x00000000d5580000,0x00000000d5800000)
  from space 512K, 59% used [0x00000000d5980000,0x00000000d59cc010,0x00000000d5a00000)
  to   space 512K, 0% used [0x00000000d5900000,0x00000000d5900000,0x00000000d5980000)
 ParOldGen       total 1081344K, used 1080695K [0x0000000080000000, 0x00000000c2000000, 0x00000000d5580000)
  object space 1081344K, 99% used [0x0000000080000000,0x00000000c1f5dcc8,0x00000000c2000000)
 Metaspace       used 70015K, committed 71680K, reserved 1114112K
  class space    used 6982K, committed 7744K, reserved 1048576K
}

