# JRE version: OpenJDK Runtime Environment Temurin-21.0.7+6 (21.0.7+6) (build 21.0.7+6-LTS)
# Java VM: OpenJDK 64-Bit Server VM Temurin-21.0.7+6 (21.0.7+6-LTS, mixed mode, sharing, tiered, compressed oops, compressed class ptrs, parallel gc, windows-amd64)
GC Precious Log:
 CardTable entry size: 512
 CPUs: 8 total, 8 available
 Memory: 7865M
 Large Page Support: Disabled
 NUMA Support: Disabled
 Compressed Oops: Enabled (32-bit)
 Alignments: Space 512K, Generation 512K, Heap 2M
 Heap Min Capacity: 100M
 Heap Initial Capacity: 100M
 Heap Max Capacity: 2G
 Pre-touch: Disabled
 Parallel Workers: 8
Heap:
 PSYoungGen      total 3072K, used 2210K [0x00000000d5580000, 0x00000000d5a00000, 0x0000000100000000)
  eden space 2560K, 77% used [0x00000000d5580000,0x00000000d5770950,0x00000000d5800000)
  from space 512K, 43% used [0x00000000d5900000,0x00000000d5938000,0x00000000d5980000)
  to   space 512K, 0% used [0x00000000d5980000,0x00000000d5980000,0x00000000d5a00000)
 ParOldGen       total 1096704K, used 1096452K [0x0000000080000000, 0x00000000c2f00000, 0x00000000d5580000)
  object space 1096704K, 99% used [0x0000000080000000,0x00000000c2ec1398,0x00000000c2f00000)
 Metaspace       used 78706K, committed 80512K, reserved 1179648K
  class space    used 7645K, committed 8448K, reserved 1048576K
GC Heap History (20 events):
Event: 9246.818 GC heap before
{Heap before GC invocations=1763 (full 4):
 PSYoungGen      total 3072K, used 3002K [0x00000000d5580000, 0x00000000d5a00000, 0x0000000100000000)
  eden space 2560K, 100% used [0x00000000d5580000,0x00000000d5800000,0x00000000d5800000)
  from space 512K, 86% used [0x00000000d5980000,0x00000000d59ee900,0x00000000d5a00000)
  to   space 512K, 0% used [0x00000000d5900000,0x00000000d5900000,0x00000000d5980000)
 ParOldGen       total 1095680K, used 1095551K [0x0000000080000000, 0x00000000c2e00000, 0x00000000d5580000)
  object space 1095680K, 99% used [0x0000000080000000,0x00000000c2ddfda8,0x00000000c2e00000)
 Metaspace       used 77430K, committed 79168K, reserved 1179648K
  class space    used 7495K, committed 8320K, reserved 1048576K
}
Event: 9246.821 GC heap after
{Heap after GC invocations=1763 (full 4):
 PSYoungGen      total 3072K, used 468K [0x00000000d5580000, 0x00000000d5a00000, 0x0000000100000000)
  eden space 2560K, 0% used [0x00000000d5580000,0x00000000d5580000,0x00000000d5800000)
  from space 512K, 91% used [0x00000000d5900000,0x00000000d5975200,0x00000000d5980000)
  to   space 512K, 0% used [0x00000000d5980000,0x00000000d5980000,0x00000000d5a00000)
 ParOldGen       total 1095680K, used 1095599K [0x0000000080000000, 0x00000000c2e00000, 0x00000000d5580000)
  object space 1095680K, 99% used [0x0000000080000000,0x00000000c2debda8,0x00000000c2e00000)
 Metaspace       used 77430K, committed 79168K, reserved 1179648K
  class space    used 7495K, committed 8320K, reserved 1048576K
}
Event: 9246.835 GC heap before
{Heap before GC invocations=1764 (full 4):
 PSYoungGen      total 3072K, used 3028K [0x00000000d5580000, 0x00000000d5a00000, 0x0000000100000000)
  eden space 2560K, 100% used [0x00000000d5580000,0x00000000d5800000,0x00000000d5800000)
  from space 512K, 91% used [0x00000000d5900000,0x00000000d5975200,0x00000000d5980000)
  to   space 512K, 0% used [0x00000000d5980000,0x00000000d5980000,0x00000000d5a00000)
 ParOldGen       total 1095680K, used 1095599K [0x0000000080000000, 0x00000000c2e00000, 0x00000000d5580000)
  object space 1095680K, 99% used [0x0000000080000000,0x00000000c2debda8,0x00000000c2e00000)
 Metaspace       used 77430K, committed 79168K, reserved 1179648K
  class space    used 7495K, committed 8320K, reserved 1048576K
}
Event: 9246.837 GC heap after
{Heap after GC invocations=1764 (full 4):
 PSYoungGen      total 3072K, used 250K [0x00000000d5580000, 0x00000000d5a00000, 0x0000000100000000)
  eden space 2560K, 0% used [0x00000000d5580000,0x00000000d5580000,0x00000000d5800000)
  from space 512K, 48% used [0x00000000d5980000,0x00000000d59be900,0x00000000d5a00000)
  to   space 512K, 0% used [0x00000000d5900000,0x00000000d5900000,0x00000000d5980000)
 ParOldGen       total 1095680K, used 1095657K [0x0000000080000000, 0x00000000c2e00000, 0x00000000d5580000)
  object space 1095680K, 99% used [0x0000000080000000,0x00000000c2dfa788,0x00000000c2e00000)
 Metaspace       used 77430K, committed 79168K, reserved 1179648K
  class space    used 7495K, committed 8320K, reserved 1048576K
}
Event: 9246.934 GC heap before
{Heap before GC invocations=1765 (full 4):
 PSYoungGen      total 3072K, used 2810K [0x00000000d5580000, 0x00000000d5a00000, 0x0000000100000000)
  eden space 2560K, 100% used [0x00000000d5580000,0x00000000d5800000,0x00000000d5800000)
  from space 512K, 48% used [0x00000000d5980000,0x00000000d59be900,0x00000000d5a00000)
  to   space 512K, 0% used [0x00000000d5900000,0x00000000d5900000,0x00000000d5980000)
 ParOldGen       total 1095680K, used 1095657K [0x0000000080000000, 0x00000000c2e00000, 0x00000000d5580000)
  object space 1095680K, 99% used [0x0000000080000000,0x00000000c2dfa788,0x00000000c2e00000)
 Metaspace       used 77488K, committed 79232K, reserved 1179648K
  class space    used 7504K, committed 8320K, reserved 1048576K
}
Event: 9246.937 GC heap after
{Heap after GC invocations=1765 (full 4):
 PSYoungGen      total 3072K, used 192K [0x00000000d5580000, 0x00000000d5a00000, 0x0000000100000000)
  eden space 2560K, 0% used [0x00000000d5580000,0x00000000d5580000,0x00000000d5800000)
  from space 512K, 37% used [0x00000000d5900000,0x00000000d5930000,0x00000000d5980000)
  to   space 512K, 0% used [0x00000000d5980000,0x00000000d5980000,0x00000000d5a00000)
 ParOldGen       total 1096192K, used 1095710K [0x0000000080000000, 0x00000000c2e80000, 0x00000000d5580000)
  object space 1096192K, 99% used [0x0000000080000000,0x00000000c2e07bf0,0x00000000c2e80000)
 Metaspace       used 77488K, committed 79232K, reserved 1179648K
  class space    used 7504K, committed 8320K, reserved 1048576K
}
Event: 9247.225 GC heap before
{Heap before GC invocations=1766 (full 4):
 PSYoungGen      total 3072K, used 2752K [0x00000000d5580000, 0x00000000d5a00000, 0x0000000100000000)
  eden space 2560K, 100% used [0x00000000d5580000,0x00000000d5800000,0x00000000d5800000)
  from space 512K, 37% used [0x00000000d5900000,0x00000000d5930000,0x00000000d5980000)
  to   space 512K, 0% used [0x00000000d5980000,0x00000000d5980000,0x00000000d5a00000)
 ParOldGen       total 1096192K, used 1095710K [0x0000000080000000, 0x00000000c2e80000, 0x00000000d5580000)
  object space 1096192K, 99% used [0x0000000080000000,0x00000000c2e07bf0,0x00000000c2e80000)
 Metaspace       used 77948K, committed 79680K, reserved 1179648K
  class space    used 7556K, committed 8384K, reserved 1048576K
}
Event: 9247.229 GC heap after
{Heap after GC invocations=1766 (full 4):
 PSYoungGen      total 3072K, used 192K [0x00000000d5580000, 0x00000000d5a00000, 0x0000000100000000)
  eden space 2560K, 0% used [0x00000000d5580000,0x00000000d5580000,0x00000000d5800000)
  from space 512K, 37% used [0x00000000d5980000,0x00000000d59b0000,0x00000000d5a00000)
  to   space 512K, 0% used [0x00000000d5900000,0x00000000d5900000,0x00000000d5980000)
 ParOldGen       total 1096192K, used 1095764K [0x0000000080000000, 0x00000000c2e80000, 0x00000000d5580000)
  object space 1096192K, 99% used [0x0000000080000000,0x00000000c2e15220,0x00000000c2e80000)
 Metaspace       used 77948K, committed 79680K, reserved 1179648K
  class space    used 7556K, committed 8384K, reserved 1048576K
}
Event: 9247.295 GC heap before
{Heap before GC invocations=1767 (full 4):
 PSYoungGen      total 3072K, used 2752K [0x00000000d5580000, 0x00000000d5a00000, 0x0000000100000000)
  eden space 2560K, 100% used [0x00000000d5580000,0x00000000d5800000,0x00000000d5800000)
  from space 512K, 37% used [0x00000000d5980000,0x00000000d59b0000,0x00000000d5a00000)
  to   space 512K, 0% used [0x00000000d5900000,0x00000000d5900000,0x00000000d5980000)
 ParOldGen       total 1096192K, used 1095764K [0x0000000080000000, 0x00000000c2e80000, 0x00000000d5580000)
  object space 1096192K, 99% used [0x0000000080000000,0x00000000c2e15220,0x00000000c2e80000)
 Metaspace       used 78188K, committed 79936K, reserved 1179648K
  class space    used 7598K, committed 8384K, reserved 1048576K
}
Event: 9247.298 GC heap after
{Heap after GC invocations=1767 (full 4):
 PSYoungGen      total 3072K, used 415K [0x00000000d5580000, 0x00000000d5a00000, 0x0000000100000000)
  eden space 2560K, 0% used [0x00000000d5580000,0x00000000d5580000,0x00000000d5800000)
  from space 512K, 81% used [0x00000000d5900000,0x00000000d5967c58,0x00000000d5980000)
  to   space 512K, 0% used [0x00000000d5980000,0x00000000d5980000,0x00000000d5a00000)
 ParOldGen       total 1096192K, used 1095860K [0x0000000080000000, 0x00000000c2e80000, 0x00000000d5580000)
  object space 1096192K, 99% used [0x0000000080000000,0x00000000c2e2d220,0x00000000c2e80000)
 Metaspace       used 78188K, committed 79936K, reserved 1179648K
  class space    used 7598K, committed 8384K, reserved 1048576K
}
Event: 9247.464 GC heap before
{Heap before GC invocations=1768 (full 4):
 PSYoungGen      total 3072K, used 2975K [0x00000000d5580000, 0x00000000d5a00000, 0x0000000100000000)
  eden space 2560K, 100% used [0x00000000d5580000,0x00000000d5800000,0x00000000d5800000)
  from space 512K, 81% used [0x00000000d5900000,0x00000000d5967c58,0x00000000d5980000)
  to   space 512K, 0% used [0x00000000d5980000,0x00000000d5980000,0x00000000d5a00000)
 ParOldGen       total 1096192K, used 1095860K [0x0000000080000000, 0x00000000c2e80000, 0x00000000d5580000)
  object space 1096192K, 99% used [0x0000000080000000,0x00000000c2e2d220,0x00000000c2e80000)
 Metaspace       used 78677K, committed 80448K, reserved 1179648K
  class space    used 7643K, committed 8448K, reserved 1048576K
}
Event: 9247.468 GC heap after
{Heap after GC invocations=1768 (full 4):
 PSYoungGen      total 3072K, used 320K [0x00000000d5580000, 0x00000000d5a00000, 0x0000000100000000)
  eden space 2560K, 0% used [0x00000000d5580000,0x00000000d5580000,0x00000000d5800000)
  from space 512K, 62% used [0x00000000d5980000,0x00000000d59d0000,0x00000000d5a00000)
  to   space 512K, 0% used [0x00000000d5900000,0x00000000d5900000,0x00000000d5980000)
 ParOldGen       total 1096192K, used 1096108K [0x0000000080000000, 0x00000000c2e80000, 0x00000000d5580000)
  object space 1096192K, 99% used [0x0000000080000000,0x00000000c2e6b388,0x00000000c2e80000)
 Metaspace       used 78677K, committed 80448K, reserved 1179648K
  class space    used 7643K, committed 8448K, reserved 1048576K
}
Event: 9255.115 GC heap before
{Heap before GC invocations=1769 (full 4):
 PSYoungGen      total 3072K, used 2880K [0x00000000d5580000, 0x00000000d5a00000, 0x0000000100000000)
  eden space 2560K, 100% used [0x00000000d5580000,0x00000000d5800000,0x00000000d5800000)
  from space 512K, 62% used [0x00000000d5980000,0x00000000d59d0000,0x00000000d5a00000)
  to   space 512K, 0% used [0x00000000d5900000,0x00000000d5900000,0x00000000d5980000)
 ParOldGen       total 1096192K, used 1096108K [0x0000000080000000, 0x00000000c2e80000, 0x00000000d5580000)
  object space 1096192K, 99% used [0x0000000080000000,0x00000000c2e6b388,0x00000000c2e80000)
 Metaspace       used 78705K, committed 80512K, reserved 1179648K
  class space    used 7645K, committed 8448K, reserved 1048576K
}
Event: 9255.119 GC heap after
{Heap after GC invocations=1769 (full 4):
 PSYoungGen      total 3072K, used 218K [0x00000000d5580000, 0x00000000d5a00000, 0x0000000100000000)
  eden space 2560K, 0% used [0x00000000d5580000,0x00000000d5580000,0x00000000d5800000)
  from space 512K, 42% used [0x00000000d5900000,0x00000000d5936900,0x00000000d5980000)
  to   space 512K, 0% used [0x00000000d5980000,0x00000000d5980000,0x00000000d5a00000)
 ParOldGen       total 1096704K, used 1096300K [0x0000000080000000, 0x00000000c2f00000, 0x00000000d5580000)
  object space 1096704K, 99% used [0x0000000080000000,0x00000000c2e9b398,0x00000000c2f00000)
 Metaspace       used 78705K, committed 80512K, reserved 1179648K
  class space    used 7645K, committed 8448K, reserved 1048576K
}
Event: 9273.114 GC heap before
{Heap before GC invocations=1770 (full 4):
 PSYoungGen      total 3072K, used 2778K [0x00000000d5580000, 0x00000000d5a00000, 0x0000000100000000)
  eden space 2560K, 100% used [0x00000000d5580000,0x00000000d5800000,0x00000000d5800000)
  from space 512K, 42% used [0x00000000d5900000,0x00000000d5936900,0x00000000d5980000)
  to   space 512K, 0% used [0x00000000d5980000,0x00000000d5980000,0x00000000d5a00000)
 ParOldGen       total 1096704K, used 1096300K [0x0000000080000000, 0x00000000c2f00000, 0x00000000d5580000)
  object space 1096704K, 99% used [0x0000000080000000,0x00000000c2e9b398,0x00000000c2f00000)
 Metaspace       used 78705K, committed 80512K, reserved 1179648K
  class space    used 7645K, committed 8448K, reserved 1048576K
}
Event: 9273.117 GC heap after
{Heap after GC invocations=1770 (full 4):
 PSYoungGen      total 3072K, used 192K [0x00000000d5580000, 0x00000000d5a00000, 0x0000000100000000)
  eden space 2560K, 0% used [0x00000000d5580000,0x00000000d5580000,0x00000000d5800000)
  from space 512K, 37% used [0x00000000d5980000,0x00000000d59b0000,0x00000000d5a00000)
  to   space 512K, 0% used [0x00000000d5900000,0x00000000d5900000,0x00000000d5980000)
 ParOldGen       total 1096704K, used 1096340K [0x0000000080000000, 0x00000000c2f00000, 0x00000000d5580000)
  object space 1096704K, 99% used [0x0000000080000000,0x00000000c2ea5398,0x00000000c2f00000)
 Metaspace       used 78705K, committed 80512K, reserved 1179648K
  class space    used 7645K, committed 8448K, reserved 1048576K
}
Event: 9273.165 GC heap before
{Heap before GC invocations=1771 (full 4):
 PSYoungGen      total 3072K, used 2752K [0x00000000d5580000, 0x00000000d5a00000, 0x0000000100000000)
  eden space 2560K, 100% used [0x00000000d5580000,0x00000000d5800000,0x00000000d5800000)
  from space 512K, 37% used [0x00000000d5980000,0x00000000d59b0000,0x00000000d5a00000)
  to   space 512K, 0% used [0x00000000d5900000,0x00000000d5900000,0x00000000d5980000)
 ParOldGen       total 1096704K, used 1096340K [0x0000000080000000, 0x00000000c2f00000, 0x00000000d5580000)
  object space 1096704K, 99% used [0x0000000080000000,0x00000000c2ea5398,0x00000000c2f00000)
 Metaspace       used 78706K, committed 80512K, reserved 1179648K
  class space    used 7645K, committed 8448K, reserved 1048576K
}
Event: 9273.168 GC heap after
{Heap after GC invocations=1771 (full 4):
 PSYoungGen      total 3072K, used 224K [0x00000000d5580000, 0x00000000d5a00000, 0x0000000100000000)
  eden space 2560K, 0% used [0x00000000d5580000,0x00000000d5580000,0x00000000d5800000)
  from space 512K, 43% used [0x00000000d5900000,0x00000000d5938000,0x00000000d5980000)
  to   space 512K, 0% used [0x00000000d5980000,0x00000000d5980000,0x00000000d5a00000)
 ParOldGen       total 1096704K, used 1096388K [0x0000000080000000, 0x00000000c2f00000, 0x00000000d5580000)
  object space 1096704K, 99% used [0x0000000080000000,0x00000000c2eb1398,0x00000000c2f00000)
 Metaspace       used 78706K, committed 80512K, reserved 1179648K
  class space    used 7645K, committed 8448K, reserved 1048576K
}
Event: 9298.910 GC heap before
{Heap before GC invocations=1772 (full 4):
 PSYoungGen      total 3072K, used 2784K [0x00000000d5580000, 0x00000000d5a00000, 0x0000000100000000)
  eden space 2560K, 100% used [0x00000000d5580000,0x00000000d5800000,0x00000000d5800000)
  from space 512K, 43% used [0x00000000d5900000,0x00000000d5938000,0x00000000d5980000)
  to   space 512K, 0% used [0x00000000d5980000,0x00000000d5980000,0x00000000d5a00000)
 ParOldGen       total 1096704K, used 1096388K [0x0000000080000000, 0x00000000c2f00000, 0x00000000d5580000)
  object space 1096704K, 99% used [0x0000000080000000,0x00000000c2eb1398,0x00000000c2f00000)
 Metaspace       used 78706K, committed 80512K, reserved 1179648K
  class space    used 7645K, committed 8448K, reserved 1048576K
}
Event: 9298.913 GC heap after
{Heap after GC invocations=1772 (full 4):
 PSYoungGen      total 3072K, used 224K [0x00000000d5580000, 0x00000000d5a00000, 0x0000000100000000)
  eden space 2560K, 0% used [0x00000000d5580000,0x00000000d5580000,0x00000000d5800000)
  from space 512K, 43% used [0x00000000d5980000,0x00000000d59b8000,0x00000000d5a00000)
  to   space 512K, 0% used [0x00000000d5900000,0x00000000d5900000,0x00000000d5980000)
 ParOldGen       total 1096704K, used 1096412K [0x0000000080000000, 0x00000000c2f00000, 0x00000000d5580000)
  object space 1096704K, 99% used [0x0000000080000000,0x00000000c2eb7398,0x00000000c2f00000)
 Metaspace       used 78706K, committed 80512K, reserved 1179648K
  class space    used 7645K, committed 8448K, reserved 1048576K
}

