# JRE version: OpenJDK Runtime Environment Temurin-21.0.7+6 (21.0.7+6) (build 21.0.7+6-LTS)
# Java VM: OpenJDK 64-Bit Server VM Temurin-21.0.7+6 (21.0.7+6-LTS, mixed mode, sharing, tiered, compressed oops, compressed class ptrs, parallel gc, windows-amd64)
GC Precious Log:
 CardTable entry size: 512
 CPUs: 8 total, 8 available
 Memory: 7865M
 Large Page Support: Disabled
 NUMA Support: Disabled
 Compressed Oops: Enabled (32-bit)
 Alignments: Space 512K, Generation 512K, Heap 2M
 Heap Min Capacity: 100M
 Heap Initial Capacity: 100M
 Heap Max Capacity: 2G
 Pre-touch: Disabled
 Parallel Workers: 8
Heap:
 PSYoungGen      total 11264K, used 2728K [0x00000000d5580000, 0x00000000d6700000, 0x0000000100000000)
  eden space 8192K, 14% used [0x00000000d5580000,0x00000000d56b22b0,0x00000000d5d80000)
  from space 3072K, 48% used [0x00000000d6100000,0x00000000d6278000,0x00000000d6400000)
  to   space 2048K, 0% used [0x00000000d6500000,0x00000000d6500000,0x00000000d6700000)
 ParOldGen       total 560640K, used 560571K [0x0000000080000000, 0x00000000a2380000, 0x00000000d5580000)
  object space 560640K, 99% used [0x0000000080000000,0x00000000a236ecf8,0x00000000a2380000)
 Metaspace       used 77647K, committed 79168K, reserved 1179648K
  class space    used 7749K, committed 8512K, reserved 1048576K
GC Heap History (20 events):
Event: 20389.287 GC heap before
{Heap before GC invocations=1673 (full 6):
 PSYoungGen      total 9728K, used 9706K [0x00000000d5580000, 0x00000000d6500000, 0x0000000100000000)
  eden space 8704K, 100% used [0x00000000d5580000,0x00000000d5e00000,0x00000000d5e00000)
  from space 1024K, 97% used [0x00000000d6400000,0x00000000d64fa988,0x00000000d6500000)
  to   space 2560K, 0% used [0x00000000d6000000,0x00000000d6000000,0x00000000d6280000)
 ParOldGen       total 487424K, used 487261K [0x0000000080000000, 0x000000009dc00000, 0x00000000d5580000)
  object space 487424K, 99% used [0x0000000080000000,0x000000009dbd7780,0x000000009dc00000)
 Metaspace       used 77526K, committed 79040K, reserved 1179648K
  class space    used 7745K, committed 8512K, reserved 1048576K
}
Event: 20389.289 GC heap after
{Heap after GC invocations=1673 (full 6):
 PSYoungGen      total 11264K, used 852K [0x00000000d5580000, 0x00000000d6480000, 0x0000000100000000)
  eden space 8704K, 0% used [0x00000000d5580000,0x00000000d5580000,0x00000000d5e00000)
  from space 2560K, 33% used [0x00000000d6000000,0x00000000d60d5200,0x00000000d6280000)
  to   space 1536K, 0% used [0x00000000d6300000,0x00000000d6300000,0x00000000d6480000)
 ParOldGen       total 487936K, used 487906K [0x0000000080000000, 0x000000009dc80000, 0x00000000d5580000)
  object space 487936K, 99% used [0x0000000080000000,0x000000009dc789a8,0x000000009dc80000)
 Metaspace       used 77526K, committed 79040K, reserved 1179648K
  class space    used 7745K, committed 8512K, reserved 1048576K
}
Event: 20389.300 GC heap before
{Heap before GC invocations=1674 (full 6):
 PSYoungGen      total 11264K, used 9556K [0x00000000d5580000, 0x00000000d6480000, 0x0000000100000000)
  eden space 8704K, 100% used [0x00000000d5580000,0x00000000d5e00000,0x00000000d5e00000)
  from space 2560K, 33% used [0x00000000d6000000,0x00000000d60d5200,0x00000000d6280000)
  to   space 1536K, 0% used [0x00000000d6300000,0x00000000d6300000,0x00000000d6480000)
 ParOldGen       total 487936K, used 487906K [0x0000000080000000, 0x000000009dc80000, 0x00000000d5580000)
  object space 487936K, 99% used [0x0000000080000000,0x000000009dc789a8,0x000000009dc80000)
 Metaspace       used 77526K, committed 79040K, reserved 1179648K
  class space    used 7745K, committed 8512K, reserved 1048576K
}
Event: 20389.304 GC heap after
{Heap after GC invocations=1674 (full 6):
 PSYoungGen      total 9728K, used 1506K [0x00000000d5580000, 0x00000000d6900000, 0x0000000100000000)
  eden space 8192K, 0% used [0x00000000d5580000,0x00000000d5580000,0x00000000d5d80000)
  from space 1536K, 98% used [0x00000000d6300000,0x00000000d64789c0,0x00000000d6480000)
  to   space 5632K, 0% used [0x00000000d5d80000,0x00000000d5d80000,0x00000000d6300000)
 ParOldGen       total 491520K, used 491241K [0x0000000080000000, 0x000000009e000000, 0x00000000d5580000)
  object space 491520K, 99% used [0x0000000080000000,0x000000009dfba5e0,0x000000009e000000)
 Metaspace       used 77526K, committed 79040K, reserved 1179648K
  class space    used 7745K, committed 8512K, reserved 1048576K
}
Event: 20389.326 GC heap before
{Heap before GC invocations=1675 (full 6):
 PSYoungGen      total 9728K, used 9698K [0x00000000d5580000, 0x00000000d6900000, 0x0000000100000000)
  eden space 8192K, 100% used [0x00000000d5580000,0x00000000d5d80000,0x00000000d5d80000)
  from space 1536K, 98% used [0x00000000d6300000,0x00000000d64789c0,0x00000000d6480000)
  to   space 5632K, 0% used [0x00000000d5d80000,0x00000000d5d80000,0x00000000d6300000)
 ParOldGen       total 491520K, used 491241K [0x0000000080000000, 0x000000009e000000, 0x00000000d5580000)
  object space 491520K, 99% used [0x0000000080000000,0x000000009dfba5e0,0x000000009e000000)
 Metaspace       used 77532K, committed 79104K, reserved 1179648K
  class space    used 7745K, committed 8512K, reserved 1048576K
}
Event: 20389.332 GC heap after
{Heap after GC invocations=1675 (full 6):
 PSYoungGen      total 13824K, used 5632K [0x00000000d5580000, 0x00000000d6e80000, 0x0000000100000000)
  eden space 8192K, 0% used [0x00000000d5580000,0x00000000d5580000,0x00000000d5d80000)
  from space 5632K, 100% used [0x00000000d5d80000,0x00000000d6300000,0x00000000d6300000)
  to   space 8704K, 0% used [0x00000000d6600000,0x00000000d6600000,0x00000000d6e80000)
 ParOldGen       total 493568K, used 493411K [0x0000000080000000, 0x000000009e200000, 0x00000000d5580000)
  object space 493568K, 99% used [0x0000000080000000,0x000000009e1d8fb0,0x000000009e200000)
 Metaspace       used 77532K, committed 79104K, reserved 1179648K
  class space    used 7745K, committed 8512K, reserved 1048576K
}
Event: 20389.387 GC heap before
{Heap before GC invocations=1676 (full 6):
 PSYoungGen      total 13824K, used 13572K [0x00000000d5580000, 0x00000000d6e80000, 0x0000000100000000)
  eden space 8192K, 96% used [0x00000000d5580000,0x00000000d5d41338,0x00000000d5d80000)
  from space 5632K, 100% used [0x00000000d5d80000,0x00000000d6300000,0x00000000d6300000)
  to   space 8704K, 0% used [0x00000000d6600000,0x00000000d6600000,0x00000000d6e80000)
 ParOldGen       total 493568K, used 493411K [0x0000000080000000, 0x000000009e200000, 0x00000000d5580000)
  object space 493568K, 99% used [0x0000000080000000,0x000000009e1d8fb0,0x000000009e200000)
 Metaspace       used 77532K, committed 79104K, reserved 1179648K
  class space    used 7745K, committed 8512K, reserved 1048576K
}
Event: 20389.399 GC heap after
{Heap after GC invocations=1676 (full 6):
 PSYoungGen      total 14848K, used 6409K [0x00000000d5580000, 0x00000000d6c80000, 0x0000000100000000)
  eden space 8192K, 0% used [0x00000000d5580000,0x00000000d5580000,0x00000000d5d80000)
  from space 6656K, 96% used [0x00000000d6600000,0x00000000d6c424f0,0x00000000d6c80000)
  to   space 7168K, 0% used [0x00000000d5e80000,0x00000000d5e80000,0x00000000d6580000)
 ParOldGen       total 499200K, used 499101K [0x0000000080000000, 0x000000009e780000, 0x00000000d5580000)
  object space 499200K, 99% used [0x0000000080000000,0x000000009e767740,0x000000009e780000)
 Metaspace       used 77532K, committed 79104K, reserved 1179648K
  class space    used 7745K, committed 8512K, reserved 1048576K
}
Event: 20389.454 GC heap before
{Heap before GC invocations=1677 (full 6):
 PSYoungGen      total 14848K, used 14601K [0x00000000d5580000, 0x00000000d6c80000, 0x0000000100000000)
  eden space 8192K, 100% used [0x00000000d5580000,0x00000000d5d80000,0x00000000d5d80000)
  from space 6656K, 96% used [0x00000000d6600000,0x00000000d6c424f0,0x00000000d6c80000)
  to   space 7168K, 0% used [0x00000000d5e80000,0x00000000d5e80000,0x00000000d6580000)
 ParOldGen       total 499200K, used 499101K [0x0000000080000000, 0x000000009e780000, 0x00000000d5580000)
  object space 499200K, 99% used [0x0000000080000000,0x000000009e767740,0x000000009e780000)
 Metaspace       used 77532K, committed 79104K, reserved 1179648K
  class space    used 7745K, committed 8512K, reserved 1048576K
}
Event: 20389.463 GC heap after
{Heap after GC invocations=1677 (full 6):
 PSYoungGen      total 15360K, used 7149K [0x00000000d5580000, 0x00000000d7a80000, 0x0000000100000000)
  eden space 8192K, 0% used [0x00000000d5580000,0x00000000d5580000,0x00000000d5d80000)
  from space 7168K, 99% used [0x00000000d5e80000,0x00000000d657b4f0,0x00000000d6580000)
  to   space 14848K, 0% used [0x00000000d6c00000,0x00000000d6c00000,0x00000000d7a80000)
 ParOldGen       total 505344K, used 505282K [0x0000000080000000, 0x000000009ed80000, 0x00000000d5580000)
  object space 505344K, 99% used [0x0000000080000000,0x000000009ed70810,0x000000009ed80000)
 Metaspace       used 77532K, committed 79104K, reserved 1179648K
  class space    used 7745K, committed 8512K, reserved 1048576K
}
Event: 20389.567 GC heap before
{Heap before GC invocations=1678 (full 6):
 PSYoungGen      total 15360K, used 15341K [0x00000000d5580000, 0x00000000d7a80000, 0x0000000100000000)
  eden space 8192K, 100% used [0x00000000d5580000,0x00000000d5d80000,0x00000000d5d80000)
  from space 7168K, 99% used [0x00000000d5e80000,0x00000000d657b4f0,0x00000000d6580000)
  to   space 14848K, 0% used [0x00000000d6c00000,0x00000000d6c00000,0x00000000d7a80000)
 ParOldGen       total 505344K, used 505282K [0x0000000080000000, 0x000000009ed80000, 0x00000000d5580000)
  object space 505344K, 99% used [0x0000000080000000,0x000000009ed70810,0x000000009ed80000)
 Metaspace       used 77532K, committed 79104K, reserved 1179648K
  class space    used 7745K, committed 8512K, reserved 1048576K
}
Event: 20389.583 GC heap after
{Heap after GC invocations=1678 (full 6):
 PSYoungGen      total 16896K, used 8204K [0x00000000d5580000, 0x00000000d7480000, 0x0000000100000000)
  eden space 8192K, 0% used [0x00000000d5580000,0x00000000d5580000,0x00000000d5d80000)
  from space 8704K, 94% used [0x00000000d6c00000,0x00000000d7403230,0x00000000d7480000)
  to   space 10240K, 0% used [0x00000000d6080000,0x00000000d6080000,0x00000000d6a80000)
 ParOldGen       total 512000K, used 511537K [0x0000000080000000, 0x000000009f400000, 0x00000000d5580000)
  object space 512000K, 99% used [0x0000000080000000,0x000000009f38c468,0x000000009f400000)
 Metaspace       used 77532K, committed 79104K, reserved 1179648K
  class space    used 7745K, committed 8512K, reserved 1048576K
}
Event: 20390.132 GC heap before
{Heap before GC invocations=1679 (full 6):
 PSYoungGen      total 16896K, used 16396K [0x00000000d5580000, 0x00000000d7480000, 0x0000000100000000)
  eden space 8192K, 100% used [0x00000000d5580000,0x00000000d5d80000,0x00000000d5d80000)
  from space 8704K, 94% used [0x00000000d6c00000,0x00000000d7403230,0x00000000d7480000)
  to   space 10240K, 0% used [0x00000000d6080000,0x00000000d6080000,0x00000000d6a80000)
 ParOldGen       total 512000K, used 511537K [0x0000000080000000, 0x000000009f400000, 0x00000000d5580000)
  object space 512000K, 99% used [0x0000000080000000,0x000000009f38c468,0x000000009f400000)
 Metaspace       used 77540K, committed 79104K, reserved 1179648K
  class space    used 7747K, committed 8512K, reserved 1048576K
}
Event: 20390.142 GC heap after
{Heap after GC invocations=1679 (full 6):
 PSYoungGen      total 12288K, used 3863K [0x00000000d5580000, 0x00000000d6c80000, 0x0000000100000000)
  eden space 8192K, 0% used [0x00000000d5580000,0x00000000d5580000,0x00000000d5d80000)
  from space 4096K, 94% used [0x00000000d6080000,0x00000000d6445df0,0x00000000d6480000)
  to   space 6144K, 0% used [0x00000000d6680000,0x00000000d6680000,0x00000000d6c80000)
 ParOldGen       total 519680K, used 519582K [0x0000000080000000, 0x000000009fb80000, 0x00000000d5580000)
  object space 519680K, 99% used [0x0000000080000000,0x000000009fb67b18,0x000000009fb80000)
 Metaspace       used 77540K, committed 79104K, reserved 1179648K
  class space    used 7747K, committed 8512K, reserved 1048576K
}
Event: 20390.324 GC heap before
{Heap before GC invocations=1680 (full 6):
 PSYoungGen      total 12288K, used 12055K [0x00000000d5580000, 0x00000000d6c80000, 0x0000000100000000)
  eden space 8192K, 100% used [0x00000000d5580000,0x00000000d5d80000,0x00000000d5d80000)
  from space 4096K, 94% used [0x00000000d6080000,0x00000000d6445df0,0x00000000d6480000)
  to   space 6144K, 0% used [0x00000000d6680000,0x00000000d6680000,0x00000000d6c80000)
 ParOldGen       total 551424K, used 550302K [0x0000000080000000, 0x00000000a1a80000, 0x00000000d5580000)
  object space 551424K, 99% used [0x0000000080000000,0x00000000a1967b48,0x00000000a1a80000)
 Metaspace       used 77553K, committed 79104K, reserved 1179648K
  class space    used 7747K, committed 8512K, reserved 1048576K
}
Event: 20390.333 GC heap after
{Heap after GC invocations=1680 (full 6):
 PSYoungGen      total 12800K, used 4239K [0x00000000d5580000, 0x00000000d6b00000, 0x0000000100000000)
  eden space 8192K, 0% used [0x00000000d5580000,0x00000000d5580000,0x00000000d5d80000)
  from space 4608K, 92% used [0x00000000d6680000,0x00000000d6aa3fa0,0x00000000d6b00000)
  to   space 4608K, 0% used [0x00000000d6200000,0x00000000d6200000,0x00000000d6680000)
 ParOldGen       total 554496K, used 554030K [0x0000000080000000, 0x00000000a1d80000, 0x00000000d5580000)
  object space 554496K, 99% used [0x0000000080000000,0x00000000a1d0bb48,0x00000000a1d80000)
 Metaspace       used 77553K, committed 79104K, reserved 1179648K
  class space    used 7747K, committed 8512K, reserved 1048576K
}
Event: 20390.396 GC heap before
{Heap before GC invocations=1681 (full 6):
 PSYoungGen      total 12800K, used 12431K [0x00000000d5580000, 0x00000000d6b00000, 0x0000000100000000)
  eden space 8192K, 100% used [0x00000000d5580000,0x00000000d5d80000,0x00000000d5d80000)
  from space 4608K, 92% used [0x00000000d6680000,0x00000000d6aa3fa0,0x00000000d6b00000)
  to   space 4608K, 0% used [0x00000000d6200000,0x00000000d6200000,0x00000000d6680000)
 ParOldGen       total 554496K, used 554030K [0x0000000080000000, 0x00000000a1d80000, 0x00000000d5580000)
  object space 554496K, 99% used [0x0000000080000000,0x00000000a1d0bb48,0x00000000a1d80000)
 Metaspace       used 77554K, committed 79104K, reserved 1179648K
  class space    used 7747K, committed 8512K, reserved 1048576K
}
Event: 20390.403 GC heap after
{Heap after GC invocations=1681 (full 6):
 PSYoungGen      total 12800K, used 4117K [0x00000000d5580000, 0x00000000d6700000, 0x0000000100000000)
  eden space 8192K, 0% used [0x00000000d5580000,0x00000000d5580000,0x00000000d5d80000)
  from space 4608K, 89% used [0x00000000d6200000,0x00000000d6605418,0x00000000d6680000)
  to   space 512K, 0% used [0x00000000d6680000,0x00000000d6680000,0x00000000d6700000)
 ParOldGen       total 558592K, used 558114K [0x0000000080000000, 0x00000000a2180000, 0x00000000d5580000)
  object space 558592K, 99% used [0x0000000080000000,0x00000000a2108b10,0x00000000a2180000)
 Metaspace       used 77554K, committed 79104K, reserved 1179648K
  class space    used 7747K, committed 8512K, reserved 1048576K
}
Event: 20394.267 GC heap before
{Heap before GC invocations=1682 (full 6):
 PSYoungGen      total 12800K, used 12309K [0x00000000d5580000, 0x00000000d6700000, 0x0000000100000000)
  eden space 8192K, 100% used [0x00000000d5580000,0x00000000d5d80000,0x00000000d5d80000)
  from space 4608K, 89% used [0x00000000d6200000,0x00000000d6605418,0x00000000d6680000)
  to   space 512K, 0% used [0x00000000d6680000,0x00000000d6680000,0x00000000d6700000)
 ParOldGen       total 558592K, used 558114K [0x0000000080000000, 0x00000000a2180000, 0x00000000d5580000)
  object space 558592K, 99% used [0x0000000080000000,0x00000000a2108b10,0x00000000a2180000)
 Metaspace       used 77584K, committed 79104K, reserved 1179648K
  class space    used 7747K, committed 8512K, reserved 1048576K
}
Event: 20394.270 GC heap after
{Heap after GC invocations=1682 (full 6):
 PSYoungGen      total 8704K, used 512K [0x00000000d5580000, 0x00000000d6700000, 0x0000000100000000)
  eden space 8192K, 0% used [0x00000000d5580000,0x00000000d5580000,0x00000000d5d80000)
  from space 512K, 100% used [0x00000000d6680000,0x00000000d6700000,0x00000000d6700000)
  to   space 3072K, 0% used [0x00000000d6100000,0x00000000d6100000,0x00000000d6400000)
 ParOldGen       total 560128K, used 560039K [0x0000000080000000, 0x00000000a2300000, 0x00000000d5580000)
  object space 560128K, 99% used [0x0000000080000000,0x00000000a22e9d50,0x00000000a2300000)
 Metaspace       used 77584K, committed 79104K, reserved 1179648K
  class space    used 7747K, committed 8512K, reserved 1048576K
}

