# JRE version: OpenJDK Runtime Environment Temurin-21.0.7+6 (21.0.7+6) (build 21.0.7+6-LTS)
# Java VM: OpenJDK 64-Bit Server VM Temurin-21.0.7+6 (21.0.7+6-LTS, mixed mode, sharing, tiered, compressed oops, compressed class ptrs, parallel gc, windows-amd64)
GC Precious Log:
 CardTable entry size: 512
 CPUs: 8 total, 8 available
 Memory: 7865M
 Large Page Support: Disabled
 NUMA Support: Disabled
 Compressed Oops: Enabled (32-bit)
 Alignments: Space 512K, Generation 512K, Heap 2M
 Heap Min Capacity: 100M
 Heap Initial Capacity: 100M
 Heap Max Capacity: 2G
 Pre-touch: Disabled
 Parallel Workers: 8
Heap:
 PSYoungGen      total 22528K, used 16086K [0x00000000d5580000, 0x00000000d6e00000, 0x0000000100000000)
  eden space 21504K, 70% used [0x00000000d5580000,0x00000000d64475c8,0x00000000d6a80000)
  from space 1024K, 93% used [0x00000000d6d00000,0x00000000d6dee470,0x00000000d6e00000)
  to   space 1536K, 0% used [0x00000000d6b00000,0x00000000d6b00000,0x00000000d6c80000)
 ParOldGen       total 68608K, used 38755K [0x0000000080000000, 0x0000000084300000, 0x00000000d5580000)
  object space 68608K, 56% used [0x0000000080000000,0x00000000825d8f68,0x0000000084300000)
 Metaspace       used 48938K, committed 50176K, reserved 1114112K
  class space    used 5185K, committed 5760K, reserved 1048576K
GC Heap History (20 events):
Event: 13.847 GC heap before
{Heap before GC invocations=19 (full 2):
 PSYoungGen      total 23040K, used 23008K [0x00000000d5580000, 0x00000000d6f00000, 0x0000000100000000)
  eden space 22016K, 100% used [0x00000000d5580000,0x00000000d6b00000,0x00000000d6b00000)
  from space 1024K, 96% used [0x00000000d6e00000,0x00000000d6ef8000,0x00000000d6f00000)
  to   space 1024K, 0% used [0x00000000d6d00000,0x00000000d6d00000,0x00000000d6e00000)
 ParOldGen       total 68608K, used 20112K [0x0000000080000000, 0x0000000084300000, 0x00000000d5580000)
  object space 68608K, 29% used [0x0000000080000000,0x00000000813a4018,0x0000000084300000)
 Metaspace       used 43090K, committed 44160K, reserved 1114112K
  class space    used 4585K, committed 5056K, reserved 1048576K
}
Event: 13.850 GC heap after
{Heap after GC invocations=19 (full 2):
 PSYoungGen      total 23040K, used 1010K [0x00000000d5580000, 0x00000000d7000000, 0x0000000100000000)
  eden space 22016K, 0% used [0x00000000d5580000,0x00000000d5580000,0x00000000d6b00000)
  from space 1024K, 98% used [0x00000000d6d00000,0x00000000d6dfcb80,0x00000000d6e00000)
  to   space 2048K, 0% used [0x00000000d6e00000,0x00000000d6e00000,0x00000000d7000000)
 ParOldGen       total 68608K, used 21187K [0x0000000080000000, 0x0000000084300000, 0x00000000d5580000)
  object space 68608K, 30% used [0x0000000080000000,0x00000000814b0d28,0x0000000084300000)
 Metaspace       used 43090K, committed 44160K, reserved 1114112K
  class space    used 4585K, committed 5056K, reserved 1048576K
}
Event: 15.653 GC heap before
{Heap before GC invocations=20 (full 2):
 PSYoungGen      total 23040K, used 23026K [0x00000000d5580000, 0x00000000d7000000, 0x0000000100000000)
  eden space 22016K, 100% used [0x00000000d5580000,0x00000000d6b00000,0x00000000d6b00000)
  from space 1024K, 98% used [0x00000000d6d00000,0x00000000d6dfcb80,0x00000000d6e00000)
  to   space 2048K, 0% used [0x00000000d6e00000,0x00000000d6e00000,0x00000000d7000000)
 ParOldGen       total 68608K, used 21187K [0x0000000080000000, 0x0000000084300000, 0x00000000d5580000)
  object space 68608K, 30% used [0x0000000080000000,0x00000000814b0d28,0x0000000084300000)
 Metaspace       used 45060K, committed 46272K, reserved 1114112K
  class space    used 4771K, committed 5312K, reserved 1048576K
}
Event: 15.659 GC heap after
{Heap after GC invocations=20 (full 2):
 PSYoungGen      total 23552K, used 2029K [0x00000000d5580000, 0x00000000d7200000, 0x0000000100000000)
  eden space 21504K, 0% used [0x00000000d5580000,0x00000000d5580000,0x00000000d6a80000)
  from space 2048K, 99% used [0x00000000d6e00000,0x00000000d6ffb510,0x00000000d7000000)
  to   space 3584K, 0% used [0x00000000d6a80000,0x00000000d6a80000,0x00000000d6e00000)
 ParOldGen       total 68608K, used 22422K [0x0000000080000000, 0x0000000084300000, 0x00000000d5580000)
  object space 68608K, 32% used [0x0000000080000000,0x00000000815e5898,0x0000000084300000)
 Metaspace       used 45060K, committed 46272K, reserved 1114112K
  class space    used 4771K, committed 5312K, reserved 1048576K
}
Event: 15.950 GC heap before
{Heap before GC invocations=21 (full 2):
 PSYoungGen      total 23552K, used 23533K [0x00000000d5580000, 0x00000000d7200000, 0x0000000100000000)
  eden space 21504K, 100% used [0x00000000d5580000,0x00000000d6a80000,0x00000000d6a80000)
  from space 2048K, 99% used [0x00000000d6e00000,0x00000000d6ffb510,0x00000000d7000000)
  to   space 3584K, 0% used [0x00000000d6a80000,0x00000000d6a80000,0x00000000d6e00000)
 ParOldGen       total 68608K, used 22422K [0x0000000080000000, 0x0000000084300000, 0x00000000d5580000)
  object space 68608K, 32% used [0x0000000080000000,0x00000000815e5898,0x0000000084300000)
 Metaspace       used 45155K, committed 46400K, reserved 1114112K
  class space    used 4780K, committed 5376K, reserved 1048576K
}
Event: 15.956 GC heap after
{Heap after GC invocations=21 (full 2):
 PSYoungGen      total 24064K, used 2208K [0x00000000d5580000, 0x00000000d7080000, 0x0000000100000000)
  eden space 21504K, 0% used [0x00000000d5580000,0x00000000d5580000,0x00000000d6a80000)
  from space 2560K, 86% used [0x00000000d6a80000,0x00000000d6ca8060,0x00000000d6d00000)
  to   space 3072K, 0% used [0x00000000d6d80000,0x00000000d6d80000,0x00000000d7080000)
 ParOldGen       total 68608K, used 24432K [0x0000000080000000, 0x0000000084300000, 0x00000000d5580000)
  object space 68608K, 35% used [0x0000000080000000,0x00000000817dc308,0x0000000084300000)
 Metaspace       used 45155K, committed 46400K, reserved 1114112K
  class space    used 4780K, committed 5376K, reserved 1048576K
}
Event: 16.266 GC heap before
{Heap before GC invocations=22 (full 2):
 PSYoungGen      total 24064K, used 23712K [0x00000000d5580000, 0x00000000d7080000, 0x0000000100000000)
  eden space 21504K, 100% used [0x00000000d5580000,0x00000000d6a80000,0x00000000d6a80000)
  from space 2560K, 86% used [0x00000000d6a80000,0x00000000d6ca8060,0x00000000d6d00000)
  to   space 3072K, 0% used [0x00000000d6d80000,0x00000000d6d80000,0x00000000d7080000)
 ParOldGen       total 68608K, used 24432K [0x0000000080000000, 0x0000000084300000, 0x00000000d5580000)
  object space 68608K, 35% used [0x0000000080000000,0x00000000817dc308,0x0000000084300000)
 Metaspace       used 45740K, committed 47040K, reserved 1114112K
  class space    used 4857K, committed 5440K, reserved 1048576K
}
Event: 16.273 GC heap after
{Heap after GC invocations=22 (full 2):
 PSYoungGen      total 24064K, used 2178K [0x00000000d5580000, 0x00000000d7000000, 0x0000000100000000)
  eden space 21504K, 0% used [0x00000000d5580000,0x00000000d5580000,0x00000000d6a80000)
  from space 2560K, 85% used [0x00000000d6d80000,0x00000000d6fa0800,0x00000000d7000000)
  to   space 2560K, 0% used [0x00000000d6a80000,0x00000000d6a80000,0x00000000d6d00000)
 ParOldGen       total 68608K, used 26520K [0x0000000080000000, 0x0000000084300000, 0x00000000d5580000)
  object space 68608K, 38% used [0x0000000080000000,0x00000000819e6368,0x0000000084300000)
 Metaspace       used 45740K, committed 47040K, reserved 1114112K
  class space    used 4857K, committed 5440K, reserved 1048576K
}
Event: 16.420 GC heap before
{Heap before GC invocations=23 (full 2):
 PSYoungGen      total 24064K, used 23682K [0x00000000d5580000, 0x00000000d7000000, 0x0000000100000000)
  eden space 21504K, 100% used [0x00000000d5580000,0x00000000d6a80000,0x00000000d6a80000)
  from space 2560K, 85% used [0x00000000d6d80000,0x00000000d6fa0800,0x00000000d7000000)
  to   space 2560K, 0% used [0x00000000d6a80000,0x00000000d6a80000,0x00000000d6d00000)
 ParOldGen       total 68608K, used 26520K [0x0000000080000000, 0x0000000084300000, 0x00000000d5580000)
  object space 68608K, 38% used [0x0000000080000000,0x00000000819e6368,0x0000000084300000)
 Metaspace       used 46069K, committed 47296K, reserved 1114112K
  class space    used 4893K, committed 5440K, reserved 1048576K
}
Event: 16.429 GC heap after
{Heap after GC invocations=23 (full 2):
 PSYoungGen      total 24064K, used 2272K [0x00000000d5580000, 0x00000000d6f80000, 0x0000000100000000)
  eden space 21504K, 0% used [0x00000000d5580000,0x00000000d5580000,0x00000000d6a80000)
  from space 2560K, 88% used [0x00000000d6a80000,0x00000000d6cb80f8,0x00000000d6d00000)
  to   space 2560K, 0% used [0x00000000d6d00000,0x00000000d6d00000,0x00000000d6f80000)
 ParOldGen       total 68608K, used 28551K [0x0000000080000000, 0x0000000084300000, 0x00000000d5580000)
  object space 68608K, 41% used [0x0000000080000000,0x0000000081be1c78,0x0000000084300000)
 Metaspace       used 46069K, committed 47296K, reserved 1114112K
  class space    used 4893K, committed 5440K, reserved 1048576K
}
Event: 16.534 GC heap before
{Heap before GC invocations=24 (full 2):
 PSYoungGen      total 24064K, used 23776K [0x00000000d5580000, 0x00000000d6f80000, 0x0000000100000000)
  eden space 21504K, 100% used [0x00000000d5580000,0x00000000d6a80000,0x00000000d6a80000)
  from space 2560K, 88% used [0x00000000d6a80000,0x00000000d6cb80f8,0x00000000d6d00000)
  to   space 2560K, 0% used [0x00000000d6d00000,0x00000000d6d00000,0x00000000d6f80000)
 ParOldGen       total 68608K, used 28551K [0x0000000080000000, 0x0000000084300000, 0x00000000d5580000)
  object space 68608K, 41% used [0x0000000080000000,0x0000000081be1c78,0x0000000084300000)
 Metaspace       used 46187K, committed 47424K, reserved 1114112K
  class space    used 4897K, committed 5440K, reserved 1048576K
}
Event: 16.540 GC heap after
{Heap after GC invocations=24 (full 2):
 PSYoungGen      total 24064K, used 2084K [0x00000000d5580000, 0x00000000d6f80000, 0x0000000100000000)
  eden space 21504K, 0% used [0x00000000d5580000,0x00000000d5580000,0x00000000d6a80000)
  from space 2560K, 81% used [0x00000000d6d00000,0x00000000d6f09000,0x00000000d6f80000)
  to   space 2560K, 0% used [0x00000000d6a80000,0x00000000d6a80000,0x00000000d6d00000)
 ParOldGen       total 68608K, used 30563K [0x0000000080000000, 0x0000000084300000, 0x00000000d5580000)
  object space 68608K, 44% used [0x0000000080000000,0x0000000081dd8dc0,0x0000000084300000)
 Metaspace       used 46187K, committed 47424K, reserved 1114112K
  class space    used 4897K, committed 5440K, reserved 1048576K
}
Event: 16.597 GC heap before
{Heap before GC invocations=25 (full 2):
 PSYoungGen      total 24064K, used 23588K [0x00000000d5580000, 0x00000000d6f80000, 0x0000000100000000)
  eden space 21504K, 100% used [0x00000000d5580000,0x00000000d6a80000,0x00000000d6a80000)
  from space 2560K, 81% used [0x00000000d6d00000,0x00000000d6f09000,0x00000000d6f80000)
  to   space 2560K, 0% used [0x00000000d6a80000,0x00000000d6a80000,0x00000000d6d00000)
 ParOldGen       total 68608K, used 30563K [0x0000000080000000, 0x0000000084300000, 0x00000000d5580000)
  object space 68608K, 44% used [0x0000000080000000,0x0000000081dd8dc0,0x0000000084300000)
 Metaspace       used 46192K, committed 47424K, reserved 1114112K
  class space    used 4897K, committed 5440K, reserved 1048576K
}
Event: 16.602 GC heap after
{Heap after GC invocations=25 (full 2):
 PSYoungGen      total 24064K, used 2222K [0x00000000d5580000, 0x00000000d6f80000, 0x0000000100000000)
  eden space 21504K, 0% used [0x00000000d5580000,0x00000000d5580000,0x00000000d6a80000)
  from space 2560K, 86% used [0x00000000d6a80000,0x00000000d6cab8b8,0x00000000d6d00000)
  to   space 2560K, 0% used [0x00000000d6d00000,0x00000000d6d00000,0x00000000d6f80000)
 ParOldGen       total 68608K, used 32510K [0x0000000080000000, 0x0000000084300000, 0x00000000d5580000)
  object space 68608K, 47% used [0x0000000080000000,0x0000000081fbfba0,0x0000000084300000)
 Metaspace       used 46192K, committed 47424K, reserved 1114112K
  class space    used 4897K, committed 5440K, reserved 1048576K
}
Event: 16.768 GC heap before
{Heap before GC invocations=26 (full 2):
 PSYoungGen      total 24064K, used 23726K [0x00000000d5580000, 0x00000000d6f80000, 0x0000000100000000)
  eden space 21504K, 100% used [0x00000000d5580000,0x00000000d6a80000,0x00000000d6a80000)
  from space 2560K, 86% used [0x00000000d6a80000,0x00000000d6cab8b8,0x00000000d6d00000)
  to   space 2560K, 0% used [0x00000000d6d00000,0x00000000d6d00000,0x00000000d6f80000)
 ParOldGen       total 68608K, used 32510K [0x0000000080000000, 0x0000000084300000, 0x00000000d5580000)
  object space 68608K, 47% used [0x0000000080000000,0x0000000081fbfba0,0x0000000084300000)
 Metaspace       used 46236K, committed 47552K, reserved 1114112K
  class space    used 4901K, committed 5504K, reserved 1048576K
}
Event: 16.774 GC heap after
{Heap after GC invocations=26 (full 2):
 PSYoungGen      total 23552K, used 1902K [0x00000000d5580000, 0x00000000d6f00000, 0x0000000100000000)
  eden space 21504K, 0% used [0x00000000d5580000,0x00000000d5580000,0x00000000d6a80000)
  from space 2048K, 92% used [0x00000000d6d00000,0x00000000d6edb8a8,0x00000000d6f00000)
  to   space 2048K, 0% used [0x00000000d6b00000,0x00000000d6b00000,0x00000000d6d00000)
 ParOldGen       total 68608K, used 34558K [0x0000000080000000, 0x0000000084300000, 0x00000000d5580000)
  object space 68608K, 50% used [0x0000000080000000,0x00000000821bfbb0,0x0000000084300000)
 Metaspace       used 46236K, committed 47552K, reserved 1114112K
  class space    used 4901K, committed 5504K, reserved 1048576K
}
Event: 17.033 GC heap before
{Heap before GC invocations=27 (full 2):
 PSYoungGen      total 23552K, used 23325K [0x00000000d5580000, 0x00000000d6f00000, 0x0000000100000000)
  eden space 21504K, 99% used [0x00000000d5580000,0x00000000d6a6bda8,0x00000000d6a80000)
  from space 2048K, 92% used [0x00000000d6d00000,0x00000000d6edb8a8,0x00000000d6f00000)
  to   space 2048K, 0% used [0x00000000d6b00000,0x00000000d6b00000,0x00000000d6d00000)
 ParOldGen       total 68608K, used 34558K [0x0000000080000000, 0x0000000084300000, 0x00000000d5580000)
  object space 68608K, 50% used [0x0000000080000000,0x00000000821bfbb0,0x0000000084300000)
 Metaspace       used 46568K, committed 47808K, reserved 1114112K
  class space    used 4930K, committed 5504K, reserved 1048576K
}
Event: 17.041 GC heap after
{Heap after GC invocations=27 (full 2):
 PSYoungGen      total 23552K, used 1971K [0x00000000d5580000, 0x00000000d6e80000, 0x0000000100000000)
  eden space 21504K, 0% used [0x00000000d5580000,0x00000000d5580000,0x00000000d6a80000)
  from space 2048K, 96% used [0x00000000d6b00000,0x00000000d6ceccc8,0x00000000d6d00000)
  to   space 1536K, 0% used [0x00000000d6d00000,0x00000000d6d00000,0x00000000d6e80000)
 ParOldGen       total 68608K, used 37138K [0x0000000080000000, 0x0000000084300000, 0x00000000d5580000)
  object space 68608K, 54% used [0x0000000080000000,0x0000000082444968,0x0000000084300000)
 Metaspace       used 46568K, committed 47808K, reserved 1114112K
  class space    used 4930K, committed 5504K, reserved 1048576K
}
Event: 18.071 GC heap before
{Heap before GC invocations=28 (full 2):
 PSYoungGen      total 23552K, used 21771K [0x00000000d5580000, 0x00000000d6e80000, 0x0000000100000000)
  eden space 21504K, 92% used [0x00000000d5580000,0x00000000d68d61a8,0x00000000d6a80000)
  from space 2048K, 96% used [0x00000000d6b00000,0x00000000d6ceccc8,0x00000000d6d00000)
  to   space 1536K, 0% used [0x00000000d6d00000,0x00000000d6d00000,0x00000000d6e80000)
 ParOldGen       total 68608K, used 37138K [0x0000000080000000, 0x0000000084300000, 0x00000000d5580000)
  object space 68608K, 54% used [0x0000000080000000,0x0000000082444968,0x0000000084300000)
 Metaspace       used 48276K, committed 49600K, reserved 1114112K
  class space    used 5109K, committed 5696K, reserved 1048576K
}
Event: 18.076 GC heap after
{Heap after GC invocations=28 (full 2):
 PSYoungGen      total 22528K, used 953K [0x00000000d5580000, 0x00000000d6e00000, 0x0000000100000000)
  eden space 21504K, 0% used [0x00000000d5580000,0x00000000d5580000,0x00000000d6a80000)
  from space 1024K, 93% used [0x00000000d6d00000,0x00000000d6dee470,0x00000000d6e00000)
  to   space 1536K, 0% used [0x00000000d6b00000,0x00000000d6b00000,0x00000000d6c80000)
 ParOldGen       total 68608K, used 38755K [0x0000000080000000, 0x0000000084300000, 0x00000000d5580000)
  object space 68608K, 56% used [0x0000000080000000,0x00000000825d8f68,0x0000000084300000)
 Metaspace       used 48276K, committed 49600K, reserved 1114112K
  class space    used 5109K, committed 5696K, reserved 1048576K
}

