# JRE version: OpenJDK Runtime Environment Temurin-21.0.7+6 (21.0.7+6) (build 21.0.7+6-LTS)
# Java VM: OpenJDK 64-Bit Server VM Temurin-21.0.7+6 (21.0.7+6-LTS, mixed mode, sharing, tiered, compressed oops, compressed class ptrs, parallel gc, windows-amd64)
GC Precious Log:
 CardTable entry size: 512
 CPUs: 8 total, 8 available
 Memory: 7865M
 Large Page Support: Disabled
 NUMA Support: Disabled
 Compressed Oops: Enabled (32-bit)
 Alignments: Space 512K, Generation 512K, Heap 2M
 Heap Min Capacity: 100M
 Heap Initial Capacity: 100M
 Heap Max Capacity: 2G
 Pre-touch: Disabled
 Parallel Workers: 8
Heap:
 PSYoungGen      total 11776K, used 7965K [0x00000000d5580000, 0x00000000d6380000, 0x0000000100000000)
  eden space 9216K, 62% used [0x00000000d5580000,0x00000000d5b1af58,0x00000000d5e80000)
  from space 2560K, 86% used [0x00000000d6100000,0x00000000d632c790,0x00000000d6380000)
  to   space 2560K, 0% used [0x00000000d5e80000,0x00000000d5e80000,0x00000000d6100000)
 ParOldGen       total 126464K, used 126428K [0x0000000080000000, 0x0000000087b80000, 0x00000000d5580000)
  object space 126464K, 99% used [0x0000000080000000,0x0000000087b77058,0x0000000087b80000)
 Metaspace       used 48324K, committed 49600K, reserved 1114112K
  class space    used 5131K, committed 5696K, reserved 1048576K
GC Heap History (20 events):
Event: 13.600 GC heap before
{Heap before GC invocations=53 (full 2):
 PSYoungGen      total 11776K, used 11624K [0x00000000d5580000, 0x00000000d6380000, 0x0000000100000000)
  eden space 9216K, 100% used [0x00000000d5580000,0x00000000d5e80000,0x00000000d5e80000)
  from space 2560K, 94% used [0x00000000d6100000,0x00000000d635a128,0x00000000d6380000)
  to   space 2560K, 0% used [0x00000000d5e80000,0x00000000d5e80000,0x00000000d6100000)
 ParOldGen       total 103424K, used 103384K [0x0000000080000000, 0x0000000086500000, 0x00000000d5580000)
  object space 103424K, 99% used [0x0000000080000000,0x00000000864f61d8,0x0000000086500000)
 Metaspace       used 48315K, committed 49600K, reserved 1114112K
  class space    used 5131K, committed 5696K, reserved 1048576K
}
Event: 13.604 GC heap after
{Heap after GC invocations=53 (full 2):
 PSYoungGen      total 11776K, used 2305K [0x00000000d5580000, 0x00000000d6380000, 0x0000000100000000)
  eden space 9216K, 0% used [0x00000000d5580000,0x00000000d5580000,0x00000000d5e80000)
  from space 2560K, 90% used [0x00000000d5e80000,0x00000000d60c0698,0x00000000d6100000)
  to   space 2560K, 0% used [0x00000000d6100000,0x00000000d6100000,0x00000000d6380000)
 ParOldGen       total 105984K, used 105621K [0x0000000080000000, 0x0000000086780000, 0x00000000d5580000)
  object space 105984K, 99% used [0x0000000080000000,0x0000000086725790,0x0000000086780000)
 Metaspace       used 48315K, committed 49600K, reserved 1114112K
  class space    used 5131K, committed 5696K, reserved 1048576K
}
Event: 13.705 GC heap before
{Heap before GC invocations=54 (full 2):
 PSYoungGen      total 11776K, used 11521K [0x00000000d5580000, 0x00000000d6380000, 0x0000000100000000)
  eden space 9216K, 100% used [0x00000000d5580000,0x00000000d5e80000,0x00000000d5e80000)
  from space 2560K, 90% used [0x00000000d5e80000,0x00000000d60c0698,0x00000000d6100000)
  to   space 2560K, 0% used [0x00000000d6100000,0x00000000d6100000,0x00000000d6380000)
 ParOldGen       total 105984K, used 105621K [0x0000000080000000, 0x0000000086780000, 0x00000000d5580000)
  object space 105984K, 99% used [0x0000000080000000,0x0000000086725790,0x0000000086780000)
 Metaspace       used 48315K, committed 49600K, reserved 1114112K
  class space    used 5131K, committed 5696K, reserved 1048576K
}
Event: 13.709 GC heap after
{Heap after GC invocations=54 (full 2):
 PSYoungGen      total 11776K, used 2382K [0x00000000d5580000, 0x00000000d6380000, 0x0000000100000000)
  eden space 9216K, 0% used [0x00000000d5580000,0x00000000d5580000,0x00000000d5e80000)
  from space 2560K, 93% used [0x00000000d6100000,0x00000000d6353a30,0x00000000d6380000)
  to   space 2560K, 0% used [0x00000000d5e80000,0x00000000d5e80000,0x00000000d6100000)
 ParOldGen       total 108032K, used 107758K [0x0000000080000000, 0x0000000086980000, 0x00000000d5580000)
  object space 108032K, 99% used [0x0000000080000000,0x000000008693bb40,0x0000000086980000)
 Metaspace       used 48315K, committed 49600K, reserved 1114112K
  class space    used 5131K, committed 5696K, reserved 1048576K
}
Event: 13.839 GC heap before
{Heap before GC invocations=55 (full 2):
 PSYoungGen      total 11776K, used 11598K [0x00000000d5580000, 0x00000000d6380000, 0x0000000100000000)
  eden space 9216K, 100% used [0x00000000d5580000,0x00000000d5e80000,0x00000000d5e80000)
  from space 2560K, 93% used [0x00000000d6100000,0x00000000d6353a30,0x00000000d6380000)
  to   space 2560K, 0% used [0x00000000d5e80000,0x00000000d5e80000,0x00000000d6100000)
 ParOldGen       total 108032K, used 107758K [0x0000000080000000, 0x0000000086980000, 0x00000000d5580000)
  object space 108032K, 99% used [0x0000000080000000,0x000000008693bb40,0x0000000086980000)
 Metaspace       used 48315K, committed 49600K, reserved 1114112K
  class space    used 5131K, committed 5696K, reserved 1048576K
}
Event: 13.849 GC heap after
{Heap after GC invocations=55 (full 2):
 PSYoungGen      total 11776K, used 2028K [0x00000000d5580000, 0x00000000d6380000, 0x0000000100000000)
  eden space 9216K, 0% used [0x00000000d5580000,0x00000000d5580000,0x00000000d5e80000)
  from space 2560K, 79% used [0x00000000d5e80000,0x00000000d607b2c0,0x00000000d6100000)
  to   space 2560K, 0% used [0x00000000d6100000,0x00000000d6100000,0x00000000d6380000)
 ParOldGen       total 112128K, used 111731K [0x0000000080000000, 0x0000000086d80000, 0x00000000d5580000)
  object space 112128K, 99% used [0x0000000080000000,0x0000000086d1cce8,0x0000000086d80000)
 Metaspace       used 48315K, committed 49600K, reserved 1114112K
  class space    used 5131K, committed 5696K, reserved 1048576K
}
Event: 13.921 GC heap before
{Heap before GC invocations=56 (full 2):
 PSYoungGen      total 11776K, used 11244K [0x00000000d5580000, 0x00000000d6380000, 0x0000000100000000)
  eden space 9216K, 100% used [0x00000000d5580000,0x00000000d5e80000,0x00000000d5e80000)
  from space 2560K, 79% used [0x00000000d5e80000,0x00000000d607b2c0,0x00000000d6100000)
  to   space 2560K, 0% used [0x00000000d6100000,0x00000000d6100000,0x00000000d6380000)
 ParOldGen       total 112128K, used 111731K [0x0000000080000000, 0x0000000086d80000, 0x00000000d5580000)
  object space 112128K, 99% used [0x0000000080000000,0x0000000086d1cce8,0x0000000086d80000)
 Metaspace       used 48317K, committed 49600K, reserved 1114112K
  class space    used 5131K, committed 5696K, reserved 1048576K
}
Event: 13.924 GC heap after
{Heap after GC invocations=56 (full 2):
 PSYoungGen      total 11776K, used 2335K [0x00000000d5580000, 0x00000000d6380000, 0x0000000100000000)
  eden space 9216K, 0% used [0x00000000d5580000,0x00000000d5580000,0x00000000d5e80000)
  from space 2560K, 91% used [0x00000000d6100000,0x00000000d6347f00,0x00000000d6380000)
  to   space 2560K, 0% used [0x00000000d5e80000,0x00000000d5e80000,0x00000000d6100000)
 ParOldGen       total 113664K, used 113600K [0x0000000080000000, 0x0000000086f00000, 0x00000000d5580000)
  object space 113664K, 99% used [0x0000000080000000,0x0000000086ef00f0,0x0000000086f00000)
 Metaspace       used 48317K, committed 49600K, reserved 1114112K
  class space    used 5131K, committed 5696K, reserved 1048576K
}
Event: 14.023 GC heap before
{Heap before GC invocations=57 (full 2):
 PSYoungGen      total 11776K, used 11551K [0x00000000d5580000, 0x00000000d6380000, 0x0000000100000000)
  eden space 9216K, 100% used [0x00000000d5580000,0x00000000d5e80000,0x00000000d5e80000)
  from space 2560K, 91% used [0x00000000d6100000,0x00000000d6347f00,0x00000000d6380000)
  to   space 2560K, 0% used [0x00000000d5e80000,0x00000000d5e80000,0x00000000d6100000)
 ParOldGen       total 113664K, used 113600K [0x0000000080000000, 0x0000000086f00000, 0x00000000d5580000)
  object space 113664K, 99% used [0x0000000080000000,0x0000000086ef00f0,0x0000000086f00000)
 Metaspace       used 48320K, committed 49600K, reserved 1114112K
  class space    used 5131K, committed 5696K, reserved 1048576K
}
Event: 14.030 GC heap after
{Heap after GC invocations=57 (full 2):
 PSYoungGen      total 11776K, used 2239K [0x00000000d5580000, 0x00000000d6380000, 0x0000000100000000)
  eden space 9216K, 0% used [0x00000000d5580000,0x00000000d5580000,0x00000000d5e80000)
  from space 2560K, 87% used [0x00000000d5e80000,0x00000000d60afeb0,0x00000000d6100000)
  to   space 2560K, 0% used [0x00000000d6100000,0x00000000d6100000,0x00000000d6380000)
 ParOldGen       total 116224K, used 115722K [0x0000000080000000, 0x0000000087180000, 0x00000000d5580000)
  object space 116224K, 99% used [0x0000000080000000,0x0000000087102950,0x0000000087180000)
 Metaspace       used 48320K, committed 49600K, reserved 1114112K
  class space    used 5131K, committed 5696K, reserved 1048576K
}
Event: 14.158 GC heap before
{Heap before GC invocations=58 (full 2):
 PSYoungGen      total 11776K, used 11455K [0x00000000d5580000, 0x00000000d6380000, 0x0000000100000000)
  eden space 9216K, 100% used [0x00000000d5580000,0x00000000d5e80000,0x00000000d5e80000)
  from space 2560K, 87% used [0x00000000d5e80000,0x00000000d60afeb0,0x00000000d6100000)
  to   space 2560K, 0% used [0x00000000d6100000,0x00000000d6100000,0x00000000d6380000)
 ParOldGen       total 116224K, used 115722K [0x0000000080000000, 0x0000000087180000, 0x00000000d5580000)
  object space 116224K, 99% used [0x0000000080000000,0x0000000087102950,0x0000000087180000)
 Metaspace       used 48322K, committed 49600K, reserved 1114112K
  class space    used 5131K, committed 5696K, reserved 1048576K
}
Event: 14.166 GC heap after
{Heap after GC invocations=58 (full 2):
 PSYoungGen      total 11776K, used 2326K [0x00000000d5580000, 0x00000000d6380000, 0x0000000100000000)
  eden space 9216K, 0% used [0x00000000d5580000,0x00000000d5580000,0x00000000d5e80000)
  from space 2560K, 90% used [0x00000000d6100000,0x00000000d6345870,0x00000000d6380000)
  to   space 2560K, 0% used [0x00000000d5e80000,0x00000000d5e80000,0x00000000d6100000)
 ParOldGen       total 118272K, used 117839K [0x0000000080000000, 0x0000000087380000, 0x00000000d5580000)
  object space 118272K, 99% used [0x0000000080000000,0x0000000087313fb0,0x0000000087380000)
 Metaspace       used 48322K, committed 49600K, reserved 1114112K
  class space    used 5131K, committed 5696K, reserved 1048576K
}
Event: 14.252 GC heap before
{Heap before GC invocations=59 (full 2):
 PSYoungGen      total 11776K, used 11542K [0x00000000d5580000, 0x00000000d6380000, 0x0000000100000000)
  eden space 9216K, 100% used [0x00000000d5580000,0x00000000d5e80000,0x00000000d5e80000)
  from space 2560K, 90% used [0x00000000d6100000,0x00000000d6345870,0x00000000d6380000)
  to   space 2560K, 0% used [0x00000000d5e80000,0x00000000d5e80000,0x00000000d6100000)
 ParOldGen       total 118272K, used 117839K [0x0000000080000000, 0x0000000087380000, 0x00000000d5580000)
  object space 118272K, 99% used [0x0000000080000000,0x0000000087313fb0,0x0000000087380000)
 Metaspace       used 48324K, committed 49600K, reserved 1114112K
  class space    used 5131K, committed 5696K, reserved 1048576K
}
Event: 14.255 GC heap after
{Heap after GC invocations=59 (full 2):
 PSYoungGen      total 11776K, used 2196K [0x00000000d5580000, 0x00000000d6380000, 0x0000000100000000)
  eden space 9216K, 0% used [0x00000000d5580000,0x00000000d5580000,0x00000000d5e80000)
  from space 2560K, 85% used [0x00000000d5e80000,0x00000000d60a5230,0x00000000d6100000)
  to   space 2560K, 0% used [0x00000000d6100000,0x00000000d6100000,0x00000000d6380000)
 ParOldGen       total 120320K, used 119980K [0x0000000080000000, 0x0000000087580000, 0x00000000d5580000)
  object space 120320K, 99% used [0x0000000080000000,0x000000008752b108,0x0000000087580000)
 Metaspace       used 48324K, committed 49600K, reserved 1114112K
  class space    used 5131K, committed 5696K, reserved 1048576K
}
Event: 14.372 GC heap before
{Heap before GC invocations=60 (full 2):
 PSYoungGen      total 11776K, used 11412K [0x00000000d5580000, 0x00000000d6380000, 0x0000000100000000)
  eden space 9216K, 100% used [0x00000000d5580000,0x00000000d5e80000,0x00000000d5e80000)
  from space 2560K, 85% used [0x00000000d5e80000,0x00000000d60a5230,0x00000000d6100000)
  to   space 2560K, 0% used [0x00000000d6100000,0x00000000d6100000,0x00000000d6380000)
 ParOldGen       total 120320K, used 119980K [0x0000000080000000, 0x0000000087580000, 0x00000000d5580000)
  object space 120320K, 99% used [0x0000000080000000,0x000000008752b108,0x0000000087580000)
 Metaspace       used 48324K, committed 49600K, reserved 1114112K
  class space    used 5131K, committed 5696K, reserved 1048576K
}
Event: 14.379 GC heap after
{Heap after GC invocations=60 (full 2):
 PSYoungGen      total 11776K, used 2342K [0x00000000d5580000, 0x00000000d6380000, 0x0000000100000000)
  eden space 9216K, 0% used [0x00000000d5580000,0x00000000d5580000,0x00000000d5e80000)
  from space 2560K, 91% used [0x00000000d6100000,0x00000000d6349ab8,0x00000000d6380000)
  to   space 2560K, 0% used [0x00000000d5e80000,0x00000000d5e80000,0x00000000d6100000)
 ParOldGen       total 122368K, used 121987K [0x0000000080000000, 0x0000000087780000, 0x00000000d5580000)
  object space 122368K, 99% used [0x0000000080000000,0x0000000087720d80,0x0000000087780000)
 Metaspace       used 48324K, committed 49600K, reserved 1114112K
  class space    used 5131K, committed 5696K, reserved 1048576K
}
Event: 14.469 GC heap before
{Heap before GC invocations=61 (full 2):
 PSYoungGen      total 11776K, used 11558K [0x00000000d5580000, 0x00000000d6380000, 0x0000000100000000)
  eden space 9216K, 100% used [0x00000000d5580000,0x00000000d5e80000,0x00000000d5e80000)
  from space 2560K, 91% used [0x00000000d6100000,0x00000000d6349ab8,0x00000000d6380000)
  to   space 2560K, 0% used [0x00000000d5e80000,0x00000000d5e80000,0x00000000d6100000)
 ParOldGen       total 122368K, used 121987K [0x0000000080000000, 0x0000000087780000, 0x00000000d5580000)
  object space 122368K, 99% used [0x0000000080000000,0x0000000087720d80,0x0000000087780000)
 Metaspace       used 48324K, committed 49600K, reserved 1114112K
  class space    used 5131K, committed 5696K, reserved 1048576K
}
Event: 14.472 GC heap after
{Heap after GC invocations=61 (full 2):
 PSYoungGen      total 11776K, used 2410K [0x00000000d5580000, 0x00000000d6380000, 0x0000000100000000)
  eden space 9216K, 0% used [0x00000000d5580000,0x00000000d5580000,0x00000000d5e80000)
  from space 2560K, 94% used [0x00000000d5e80000,0x00000000d60daa58,0x00000000d6100000)
  to   space 2560K, 0% used [0x00000000d6100000,0x00000000d6100000,0x00000000d6380000)
 ParOldGen       total 124416K, used 124153K [0x0000000080000000, 0x0000000087980000, 0x00000000d5580000)
  object space 124416K, 99% used [0x0000000080000000,0x000000008793e440,0x0000000087980000)
 Metaspace       used 48324K, committed 49600K, reserved 1114112K
  class space    used 5131K, committed 5696K, reserved 1048576K
}
Event: 14.538 GC heap before
{Heap before GC invocations=62 (full 2):
 PSYoungGen      total 11776K, used 11626K [0x00000000d5580000, 0x00000000d6380000, 0x0000000100000000)
  eden space 9216K, 100% used [0x00000000d5580000,0x00000000d5e80000,0x00000000d5e80000)
  from space 2560K, 94% used [0x00000000d5e80000,0x00000000d60daa58,0x00000000d6100000)
  to   space 2560K, 0% used [0x00000000d6100000,0x00000000d6100000,0x00000000d6380000)
 ParOldGen       total 124416K, used 124153K [0x0000000080000000, 0x0000000087980000, 0x00000000d5580000)
  object space 124416K, 99% used [0x0000000080000000,0x000000008793e440,0x0000000087980000)
 Metaspace       used 48324K, committed 49600K, reserved 1114112K
  class space    used 5131K, committed 5696K, reserved 1048576K
}
Event: 14.542 GC heap after
{Heap after GC invocations=62 (full 2):
 PSYoungGen      total 11776K, used 2225K [0x00000000d5580000, 0x00000000d6380000, 0x0000000100000000)
  eden space 9216K, 0% used [0x00000000d5580000,0x00000000d5580000,0x00000000d5e80000)
  from space 2560K, 86% used [0x00000000d6100000,0x00000000d632c790,0x00000000d6380000)
  to   space 2560K, 0% used [0x00000000d5e80000,0x00000000d5e80000,0x00000000d6100000)
 ParOldGen       total 126464K, used 126428K [0x0000000080000000, 0x0000000087b80000, 0x00000000d5580000)
  object space 126464K, 99% used [0x0000000080000000,0x0000000087b77058,0x0000000087b80000)
 Metaspace       used 48324K, committed 49600K, reserved 1114112K
  class space    used 5131K, committed 5696K, reserved 1048576K
}

