# JRE version: OpenJDK Runtime Environment Temurin-21.0.7+6 (21.0.7+6) (build 21.0.7+6-LTS)
# Java VM: OpenJDK 64-Bit Server VM Temurin-21.0.7+6 (21.0.7+6-LTS, mixed mode, sharing, tiered, compressed oops, compressed class ptrs, parallel gc, windows-amd64)
GC Precious Log:
 CardTable entry size: 512
 CPUs: 8 total, 8 available
 Memory: 7865M
 Large Page Support: Disabled
 NUMA Support: Disabled
 Compressed Oops: Enabled (32-bit)
 Alignments: Space 512K, Generation 512K, Heap 2M
 Heap Min Capacity: 100M
 Heap Initial Capacity: 100M
 Heap Max Capacity: 2G
 Pre-touch: Disabled
 Parallel Workers: 8
Heap:
 PSYoungGen      total 8704K, used 6104K [0x00000000d5580000, 0x00000000d6000000, 0x0000000100000000)
  eden space 6656K, 63% used [0x00000000d5580000,0x00000000d59a3d50,0x00000000d5c00000)
  from space 2048K, 91% used [0x00000000d5c00000,0x00000000d5dd2410,0x00000000d5e00000)
  to   space 2048K, 53% used [0x00000000d5e00000,0x00000000d5f11510,0x00000000d6000000)
 ParOldGen       total 181248K, used 180767K [0x0000000080000000, 0x000000008b100000, 0x00000000d5580000)
  object space 181248K, 99% used [0x0000000080000000,0x000000008b087e28,0x000000008b100000)
 Metaspace       used 48473K, committed 49728K, reserved 1114112K
  class space    used 5144K, committed 5760K, reserved 1048576K
GC Heap History (20 events):
Event: 23.189 GC heap before
{Heap before GC invocations=84 (full 2):
 PSYoungGen      total 8704K, used 8311K [0x00000000d5580000, 0x00000000d6000000, 0x0000000100000000)
  eden space 6656K, 100% used [0x00000000d5580000,0x00000000d5c00000,0x00000000d5c00000)
  from space 2048K, 80% used [0x00000000d5c00000,0x00000000d5d9dd20,0x00000000d5e00000)
  to   space 2048K, 0% used [0x00000000d5e00000,0x00000000d5e00000,0x00000000d6000000)
 ParOldGen       total 163328K, used 163319K [0x0000000080000000, 0x0000000089f80000, 0x00000000d5580000)
  object space 163328K, 99% used [0x0000000080000000,0x0000000089f7dd60,0x0000000089f80000)
 Metaspace       used 48473K, committed 49728K, reserved 1114112K
  class space    used 5144K, committed 5760K, reserved 1048576K
}
Event: 23.195 GC heap after
{Heap after GC invocations=84 (full 2):
 PSYoungGen      total 8704K, used 1680K [0x00000000d5580000, 0x00000000d6000000, 0x0000000100000000)
  eden space 6656K, 0% used [0x00000000d5580000,0x00000000d5580000,0x00000000d5c00000)
  from space 2048K, 82% used [0x00000000d5e00000,0x00000000d5fa4128,0x00000000d6000000)
  to   space 2048K, 0% used [0x00000000d5c00000,0x00000000d5c00000,0x00000000d5e00000)
 ParOldGen       total 164864K, used 164799K [0x0000000080000000, 0x000000008a100000, 0x00000000d5580000)
  object space 164864K, 99% used [0x0000000080000000,0x000000008a0efec0,0x000000008a100000)
 Metaspace       used 48473K, committed 49728K, reserved 1114112K
  class space    used 5144K, committed 5760K, reserved 1048576K
}
Event: 23.316 GC heap before
{Heap before GC invocations=85 (full 2):
 PSYoungGen      total 8704K, used 8336K [0x00000000d5580000, 0x00000000d6000000, 0x0000000100000000)
  eden space 6656K, 100% used [0x00000000d5580000,0x00000000d5c00000,0x00000000d5c00000)
  from space 2048K, 82% used [0x00000000d5e00000,0x00000000d5fa4128,0x00000000d6000000)
  to   space 2048K, 0% used [0x00000000d5c00000,0x00000000d5c00000,0x00000000d5e00000)
 ParOldGen       total 164864K, used 164799K [0x0000000080000000, 0x000000008a100000, 0x00000000d5580000)
  object space 164864K, 99% used [0x0000000080000000,0x000000008a0efec0,0x000000008a100000)
 Metaspace       used 48473K, committed 49728K, reserved 1114112K
  class space    used 5144K, committed 5760K, reserved 1048576K
}
Event: 23.322 GC heap after
{Heap after GC invocations=85 (full 2):
 PSYoungGen      total 8704K, used 1704K [0x00000000d5580000, 0x00000000d6000000, 0x0000000100000000)
  eden space 6656K, 0% used [0x00000000d5580000,0x00000000d5580000,0x00000000d5c00000)
  from space 2048K, 83% used [0x00000000d5c00000,0x00000000d5daa3e8,0x00000000d5e00000)
  to   space 2048K, 0% used [0x00000000d5e00000,0x00000000d5e00000,0x00000000d6000000)
 ParOldGen       total 166400K, used 166281K [0x0000000080000000, 0x000000008a280000, 0x00000000d5580000)
  object space 166400K, 99% used [0x0000000080000000,0x000000008a262498,0x000000008a280000)
 Metaspace       used 48473K, committed 49728K, reserved 1114112K
  class space    used 5144K, committed 5760K, reserved 1048576K
}
Event: 23.394 GC heap before
{Heap before GC invocations=86 (full 2):
 PSYoungGen      total 8704K, used 8360K [0x00000000d5580000, 0x00000000d6000000, 0x0000000100000000)
  eden space 6656K, 100% used [0x00000000d5580000,0x00000000d5c00000,0x00000000d5c00000)
  from space 2048K, 83% used [0x00000000d5c00000,0x00000000d5daa3e8,0x00000000d5e00000)
  to   space 2048K, 0% used [0x00000000d5e00000,0x00000000d5e00000,0x00000000d6000000)
 ParOldGen       total 166400K, used 166281K [0x0000000080000000, 0x000000008a280000, 0x00000000d5580000)
  object space 166400K, 99% used [0x0000000080000000,0x000000008a262498,0x000000008a280000)
 Metaspace       used 48473K, committed 49728K, reserved 1114112K
  class space    used 5144K, committed 5760K, reserved 1048576K
}
Event: 23.398 GC heap after
{Heap after GC invocations=86 (full 2):
 PSYoungGen      total 8704K, used 1672K [0x00000000d5580000, 0x00000000d6000000, 0x0000000100000000)
  eden space 6656K, 0% used [0x00000000d5580000,0x00000000d5580000,0x00000000d5c00000)
  from space 2048K, 81% used [0x00000000d5e00000,0x00000000d5fa2118,0x00000000d6000000)
  to   space 2048K, 0% used [0x00000000d5c00000,0x00000000d5c00000,0x00000000d5e00000)
 ParOldGen       total 167936K, used 167851K [0x0000000080000000, 0x000000008a400000, 0x00000000d5580000)
  object space 167936K, 99% used [0x0000000080000000,0x000000008a3ead38,0x000000008a400000)
 Metaspace       used 48473K, committed 49728K, reserved 1114112K
  class space    used 5144K, committed 5760K, reserved 1048576K
}
Event: 23.448 GC heap before
{Heap before GC invocations=87 (full 2):
 PSYoungGen      total 8704K, used 8328K [0x00000000d5580000, 0x00000000d6000000, 0x0000000100000000)
  eden space 6656K, 100% used [0x00000000d5580000,0x00000000d5c00000,0x00000000d5c00000)
  from space 2048K, 81% used [0x00000000d5e00000,0x00000000d5fa2118,0x00000000d6000000)
  to   space 2048K, 0% used [0x00000000d5c00000,0x00000000d5c00000,0x00000000d5e00000)
 ParOldGen       total 167936K, used 167851K [0x0000000080000000, 0x000000008a400000, 0x00000000d5580000)
  object space 167936K, 99% used [0x0000000080000000,0x000000008a3ead38,0x000000008a400000)
 Metaspace       used 48473K, committed 49728K, reserved 1114112K
  class space    used 5144K, committed 5760K, reserved 1048576K
}
Event: 23.450 GC heap after
{Heap after GC invocations=87 (full 2):
 PSYoungGen      total 8704K, used 1676K [0x00000000d5580000, 0x00000000d6000000, 0x0000000100000000)
  eden space 6656K, 0% used [0x00000000d5580000,0x00000000d5580000,0x00000000d5c00000)
  from space 2048K, 81% used [0x00000000d5c00000,0x00000000d5da31d8,0x00000000d5e00000)
  to   space 2048K, 0% used [0x00000000d5e00000,0x00000000d5e00000,0x00000000d6000000)
 ParOldGen       total 169472K, used 169422K [0x0000000080000000, 0x000000008a580000, 0x00000000d5580000)
  object space 169472K, 99% used [0x0000000080000000,0x000000008a573af8,0x000000008a580000)
 Metaspace       used 48473K, committed 49728K, reserved 1114112K
  class space    used 5144K, committed 5760K, reserved 1048576K
}
Event: 23.513 GC heap before
{Heap before GC invocations=88 (full 2):
 PSYoungGen      total 8704K, used 8332K [0x00000000d5580000, 0x00000000d6000000, 0x0000000100000000)
  eden space 6656K, 99% used [0x00000000d5580000,0x00000000d5bffe58,0x00000000d5c00000)
  from space 2048K, 81% used [0x00000000d5c00000,0x00000000d5da31d8,0x00000000d5e00000)
  to   space 2048K, 0% used [0x00000000d5e00000,0x00000000d5e00000,0x00000000d6000000)
 ParOldGen       total 169472K, used 169422K [0x0000000080000000, 0x000000008a580000, 0x00000000d5580000)
  object space 169472K, 99% used [0x0000000080000000,0x000000008a573af8,0x000000008a580000)
 Metaspace       used 48473K, committed 49728K, reserved 1114112K
  class space    used 5144K, committed 5760K, reserved 1048576K
}
Event: 23.515 GC heap after
{Heap after GC invocations=88 (full 2):
 PSYoungGen      total 8704K, used 1678K [0x00000000d5580000, 0x00000000d6000000, 0x0000000100000000)
  eden space 6656K, 0% used [0x00000000d5580000,0x00000000d5580000,0x00000000d5c00000)
  from space 2048K, 81% used [0x00000000d5e00000,0x00000000d5fa3bf0,0x00000000d6000000)
  to   space 2048K, 0% used [0x00000000d5c00000,0x00000000d5c00000,0x00000000d5e00000)
 ParOldGen       total 171008K, used 170974K [0x0000000080000000, 0x000000008a700000, 0x00000000d5580000)
  object space 171008K, 99% used [0x0000000080000000,0x000000008a6f7ab0,0x000000008a700000)
 Metaspace       used 48473K, committed 49728K, reserved 1114112K
  class space    used 5144K, committed 5760K, reserved 1048576K
}
Event: 23.563 GC heap before
{Heap before GC invocations=89 (full 2):
 PSYoungGen      total 8704K, used 8334K [0x00000000d5580000, 0x00000000d6000000, 0x0000000100000000)
  eden space 6656K, 100% used [0x00000000d5580000,0x00000000d5c00000,0x00000000d5c00000)
  from space 2048K, 81% used [0x00000000d5e00000,0x00000000d5fa3bf0,0x00000000d6000000)
  to   space 2048K, 0% used [0x00000000d5c00000,0x00000000d5c00000,0x00000000d5e00000)
 ParOldGen       total 171008K, used 170974K [0x0000000080000000, 0x000000008a700000, 0x00000000d5580000)
  object space 171008K, 99% used [0x0000000080000000,0x000000008a6f7ab0,0x000000008a700000)
 Metaspace       used 48473K, committed 49728K, reserved 1114112K
  class space    used 5144K, committed 5760K, reserved 1048576K
}
Event: 23.566 GC heap after
{Heap after GC invocations=89 (full 2):
 PSYoungGen      total 8704K, used 1863K [0x00000000d5580000, 0x00000000d6000000, 0x0000000100000000)
  eden space 6656K, 0% used [0x00000000d5580000,0x00000000d5580000,0x00000000d5c00000)
  from space 2048K, 91% used [0x00000000d5c00000,0x00000000d5dd1f90,0x00000000d5e00000)
  to   space 2048K, 0% used [0x00000000d5e00000,0x00000000d5e00000,0x00000000d6000000)
 ParOldGen       total 172544K, used 172480K [0x0000000080000000, 0x000000008a880000, 0x00000000d5580000)
  object space 172544K, 99% used [0x0000000080000000,0x000000008a8700a0,0x000000008a880000)
 Metaspace       used 48473K, committed 49728K, reserved 1114112K
  class space    used 5144K, committed 5760K, reserved 1048576K
}
Event: 23.614 GC heap before
{Heap before GC invocations=90 (full 2):
 PSYoungGen      total 8704K, used 8519K [0x00000000d5580000, 0x00000000d6000000, 0x0000000100000000)
  eden space 6656K, 100% used [0x00000000d5580000,0x00000000d5c00000,0x00000000d5c00000)
  from space 2048K, 91% used [0x00000000d5c00000,0x00000000d5dd1f90,0x00000000d5e00000)
  to   space 2048K, 0% used [0x00000000d5e00000,0x00000000d5e00000,0x00000000d6000000)
 ParOldGen       total 172544K, used 172480K [0x0000000080000000, 0x000000008a880000, 0x00000000d5580000)
  object space 172544K, 99% used [0x0000000080000000,0x000000008a8700a0,0x000000008a880000)
 Metaspace       used 48473K, committed 49728K, reserved 1114112K
  class space    used 5144K, committed 5760K, reserved 1048576K
}
Event: 23.617 GC heap after
{Heap after GC invocations=90 (full 2):
 PSYoungGen      total 8704K, used 1769K [0x00000000d5580000, 0x00000000d6000000, 0x0000000100000000)
  eden space 6656K, 0% used [0x00000000d5580000,0x00000000d5580000,0x00000000d5c00000)
  from space 2048K, 86% used [0x00000000d5e00000,0x00000000d5fba578,0x00000000d6000000)
  to   space 2048K, 0% used [0x00000000d5c00000,0x00000000d5c00000,0x00000000d5e00000)
 ParOldGen       total 174592K, used 174193K [0x0000000080000000, 0x000000008aa80000, 0x00000000d5580000)
  object space 174592K, 99% used [0x0000000080000000,0x000000008aa1c7b0,0x000000008aa80000)
 Metaspace       used 48473K, committed 49728K, reserved 1114112K
  class space    used 5144K, committed 5760K, reserved 1048576K
}
Event: 23.665 GC heap before
{Heap before GC invocations=91 (full 2):
 PSYoungGen      total 8704K, used 8425K [0x00000000d5580000, 0x00000000d6000000, 0x0000000100000000)
  eden space 6656K, 100% used [0x00000000d5580000,0x00000000d5c00000,0x00000000d5c00000)
  from space 2048K, 86% used [0x00000000d5e00000,0x00000000d5fba578,0x00000000d6000000)
  to   space 2048K, 0% used [0x00000000d5c00000,0x00000000d5c00000,0x00000000d5e00000)
 ParOldGen       total 174592K, used 174193K [0x0000000080000000, 0x000000008aa80000, 0x00000000d5580000)
  object space 174592K, 99% used [0x0000000080000000,0x000000008aa1c7b0,0x000000008aa80000)
 Metaspace       used 48473K, committed 49728K, reserved 1114112K
  class space    used 5144K, committed 5760K, reserved 1048576K
}
Event: 23.667 GC heap after
{Heap after GC invocations=91 (full 2):
 PSYoungGen      total 8704K, used 1776K [0x00000000d5580000, 0x00000000d6000000, 0x0000000100000000)
  eden space 6656K, 0% used [0x00000000d5580000,0x00000000d5580000,0x00000000d5c00000)
  from space 2048K, 86% used [0x00000000d5c00000,0x00000000d5dbc0e0,0x00000000d5e00000)
  to   space 2048K, 0% used [0x00000000d5e00000,0x00000000d5e00000,0x00000000d6000000)
 ParOldGen       total 176128K, used 175849K [0x0000000080000000, 0x000000008ac00000, 0x00000000d5580000)
  object space 176128K, 99% used [0x0000000080000000,0x000000008abba7d8,0x000000008ac00000)
 Metaspace       used 48473K, committed 49728K, reserved 1114112K
  class space    used 5144K, committed 5760K, reserved 1048576K
}
Event: 23.715 GC heap before
{Heap before GC invocations=92 (full 2):
 PSYoungGen      total 8704K, used 8432K [0x00000000d5580000, 0x00000000d6000000, 0x0000000100000000)
  eden space 6656K, 100% used [0x00000000d5580000,0x00000000d5c00000,0x00000000d5c00000)
  from space 2048K, 86% used [0x00000000d5c00000,0x00000000d5dbc0e0,0x00000000d5e00000)
  to   space 2048K, 0% used [0x00000000d5e00000,0x00000000d5e00000,0x00000000d6000000)
 ParOldGen       total 176128K, used 175849K [0x0000000080000000, 0x000000008ac00000, 0x00000000d5580000)
  object space 176128K, 99% used [0x0000000080000000,0x000000008abba7d8,0x000000008ac00000)
 Metaspace       used 48473K, committed 49728K, reserved 1114112K
  class space    used 5144K, committed 5760K, reserved 1048576K
}
Event: 23.719 GC heap after
{Heap after GC invocations=92 (full 2):
 PSYoungGen      total 8704K, used 1731K [0x00000000d5580000, 0x00000000d6000000, 0x0000000100000000)
  eden space 6656K, 0% used [0x00000000d5580000,0x00000000d5580000,0x00000000d5c00000)
  from space 2048K, 84% used [0x00000000d5e00000,0x00000000d5fb0ed0,0x00000000d6000000)
  to   space 2048K, 0% used [0x00000000d5c00000,0x00000000d5c00000,0x00000000d5e00000)
 ParOldGen       total 177664K, used 177524K [0x0000000080000000, 0x000000008ad80000, 0x00000000d5580000)
  object space 177664K, 99% used [0x0000000080000000,0x000000008ad5d100,0x000000008ad80000)
 Metaspace       used 48473K, committed 49728K, reserved 1114112K
  class space    used 5144K, committed 5760K, reserved 1048576K
}
Event: 23.778 GC heap before
{Heap before GC invocations=93 (full 2):
 PSYoungGen      total 8704K, used 8387K [0x00000000d5580000, 0x00000000d6000000, 0x0000000100000000)
  eden space 6656K, 100% used [0x00000000d5580000,0x00000000d5c00000,0x00000000d5c00000)
  from space 2048K, 84% used [0x00000000d5e00000,0x00000000d5fb0ed0,0x00000000d6000000)
  to   space 2048K, 0% used [0x00000000d5c00000,0x00000000d5c00000,0x00000000d5e00000)
 ParOldGen       total 177664K, used 177524K [0x0000000080000000, 0x000000008ad80000, 0x00000000d5580000)
  object space 177664K, 99% used [0x0000000080000000,0x000000008ad5d100,0x000000008ad80000)
 Metaspace       used 48473K, committed 49728K, reserved 1114112K
  class space    used 5144K, committed 5760K, reserved 1048576K
}
Event: 23.783 GC heap after
{Heap after GC invocations=93 (full 2):
 PSYoungGen      total 8704K, used 1865K [0x00000000d5580000, 0x00000000d6000000, 0x0000000100000000)
  eden space 6656K, 0% used [0x00000000d5580000,0x00000000d5580000,0x00000000d5c00000)
  from space 2048K, 91% used [0x00000000d5c00000,0x00000000d5dd2410,0x00000000d5e00000)
  to   space 2048K, 0% used [0x00000000d5e00000,0x00000000d5e00000,0x00000000d6000000)
 ParOldGen       total 179200K, used 179178K [0x0000000080000000, 0x000000008af00000, 0x00000000d5580000)
  object space 179200K, 99% used [0x0000000080000000,0x000000008aefa920,0x000000008af00000)
 Metaspace       used 48473K, committed 49728K, reserved 1114112K
  class space    used 5144K, committed 5760K, reserved 1048576K
}

