# JRE version: OpenJDK Runtime Environment Temurin-21.0.7+6 (21.0.7+6) (build 21.0.7+6-LTS)
# Java VM: OpenJDK 64-Bit Server VM Temurin-21.0.7+6 (21.0.7+6-LTS, mixed mode, sharing, tiered, compressed oops, compressed class ptrs, parallel gc, windows-amd64)
GC Precious Log:
 CardTable entry size: 512
 CPUs: 8 total, 8 available
 Memory: 7865M
 Large Page Support: Disabled
 NUMA Support: Disabled
 Compressed Oops: Enabled (32-bit)
 Alignments: Space 512K, Generation 512K, Heap 2M
 Heap Min Capacity: 100M
 Heap Initial Capacity: 100M
 Heap Max Capacity: 2G
 Pre-touch: Disabled
 Parallel Workers: 8
Heap:
 PSYoungGen      total 20480K, used 17550K [0x00000000d5580000, 0x00000000d6c80000, 0x0000000100000000)
  eden space 17408K, 84% used [0x00000000d5580000,0x00000000d63e71e0,0x00000000d6680000)
  from space 3072K, 91% used [0x00000000d6700000,0x00000000d69bc658,0x00000000d6a00000)
  to   space 2560K, 0% used [0x00000000d6a00000,0x00000000d6a00000,0x00000000d6c80000)
 ParOldGen       total 82944K, used 82672K [0x0000000080000000, 0x0000000085100000, 0x00000000d5580000)
  object space 82944K, 99% used [0x0000000080000000,0x00000000850bc390,0x0000000085100000)
 Metaspace       used 57746K, committed 59200K, reserved 1114112K
  class space    used 6000K, committed 6656K, reserved 1048576K
GC Heap History (20 events):
Event: 8.498 GC heap before
{Heap before GC invocations=34 (full 2):
 PSYoungGen      total 24576K, used 24022K [0x00000000d5580000, 0x00000000d7200000, 0x0000000100000000)
  eden space 19968K, 99% used [0x00000000d5580000,0x00000000d68f1d00,0x00000000d6900000)
  from space 4608K, 89% used [0x00000000d6900000,0x00000000d6d03c38,0x00000000d6d80000)
  to   space 4608K, 0% used [0x00000000d6d80000,0x00000000d6d80000,0x00000000d7200000)
 ParOldGen       total 68608K, used 57524K [0x0000000080000000, 0x0000000084300000, 0x00000000d5580000)
  object space 68608K, 83% used [0x0000000080000000,0x000000008382d1d0,0x0000000084300000)
 Metaspace       used 51913K, committed 53248K, reserved 1114112K
  class space    used 5534K, committed 6144K, reserved 1048576K
}
Event: 8.504 GC heap after
{Heap after GC invocations=34 (full 2):
 PSYoungGen      total 22528K, used 2065K [0x00000000d5580000, 0x00000000d7000000, 0x0000000100000000)
  eden space 19968K, 0% used [0x00000000d5580000,0x00000000d5580000,0x00000000d6900000)
  from space 2560K, 80% used [0x00000000d6d80000,0x00000000d6f84640,0x00000000d7000000)
  to   space 3072K, 0% used [0x00000000d6a00000,0x00000000d6a00000,0x00000000d6d00000)
 ParOldGen       total 68608K, used 61299K [0x0000000080000000, 0x0000000084300000, 0x00000000d5580000)
  object space 68608K, 89% used [0x0000000080000000,0x0000000083bdccc8,0x0000000084300000)
 Metaspace       used 51913K, committed 53248K, reserved 1114112K
  class space    used 5534K, committed 6144K, reserved 1048576K
}
Event: 8.997 GC heap before
{Heap before GC invocations=35 (full 2):
 PSYoungGen      total 22528K, used 22033K [0x00000000d5580000, 0x00000000d7000000, 0x0000000100000000)
  eden space 19968K, 100% used [0x00000000d5580000,0x00000000d6900000,0x00000000d6900000)
  from space 2560K, 80% used [0x00000000d6d80000,0x00000000d6f84640,0x00000000d7000000)
  to   space 3072K, 0% used [0x00000000d6a00000,0x00000000d6a00000,0x00000000d6d00000)
 ParOldGen       total 68608K, used 61299K [0x0000000080000000, 0x0000000084300000, 0x00000000d5580000)
  object space 68608K, 89% used [0x0000000080000000,0x0000000083bdccc8,0x0000000084300000)
 Metaspace       used 52416K, committed 53760K, reserved 1114112K
  class space    used 5582K, committed 6144K, reserved 1048576K
}
Event: 9.001 GC heap after
{Heap after GC invocations=35 (full 2):
 PSYoungGen      total 23040K, used 2650K [0x00000000d5580000, 0x00000000d6f00000, 0x0000000100000000)
  eden space 19968K, 0% used [0x00000000d5580000,0x00000000d5580000,0x00000000d6900000)
  from space 3072K, 86% used [0x00000000d6a00000,0x00000000d6c96a98,0x00000000d6d00000)
  to   space 2048K, 0% used [0x00000000d6d00000,0x00000000d6d00000,0x00000000d6f00000)
 ParOldGen       total 68608K, used 63239K [0x0000000080000000, 0x0000000084300000, 0x00000000d5580000)
  object space 68608K, 92% used [0x0000000080000000,0x0000000083dc1f20,0x0000000084300000)
 Metaspace       used 52416K, committed 53760K, reserved 1114112K
  class space    used 5582K, committed 6144K, reserved 1048576K
}
Event: 9.359 GC heap before
{Heap before GC invocations=36 (full 2):
 PSYoungGen      total 23040K, used 22618K [0x00000000d5580000, 0x00000000d6f00000, 0x0000000100000000)
  eden space 19968K, 100% used [0x00000000d5580000,0x00000000d6900000,0x00000000d6900000)
  from space 3072K, 86% used [0x00000000d6a00000,0x00000000d6c96a98,0x00000000d6d00000)
  to   space 2048K, 0% used [0x00000000d6d00000,0x00000000d6d00000,0x00000000d6f00000)
 ParOldGen       total 68608K, used 63239K [0x0000000080000000, 0x0000000084300000, 0x00000000d5580000)
  object space 68608K, 92% used [0x0000000080000000,0x0000000083dc1f20,0x0000000084300000)
 Metaspace       used 53073K, committed 54464K, reserved 1114112K
  class space    used 5642K, committed 6208K, reserved 1048576K
}
Event: 9.364 GC heap after
{Heap after GC invocations=36 (full 2):
 PSYoungGen      total 19456K, used 2038K [0x00000000d5580000, 0x00000000d7600000, 0x0000000100000000)
  eden space 17408K, 0% used [0x00000000d5580000,0x00000000d5580000,0x00000000d6680000)
  from space 2048K, 99% used [0x00000000d6d00000,0x00000000d6efd910,0x00000000d6f00000)
  to   space 6656K, 0% used [0x00000000d6680000,0x00000000d6680000,0x00000000d6d00000)
 ParOldGen       total 68608K, used 67091K [0x0000000080000000, 0x0000000084300000, 0x00000000d5580000)
  object space 68608K, 97% used [0x0000000080000000,0x0000000084184e68,0x0000000084300000)
 Metaspace       used 53073K, committed 54464K, reserved 1114112K
  class space    used 5642K, committed 6208K, reserved 1048576K
}
Event: 9.761 GC heap before
{Heap before GC invocations=37 (full 2):
 PSYoungGen      total 19456K, used 19446K [0x00000000d5580000, 0x00000000d7600000, 0x0000000100000000)
  eden space 17408K, 100% used [0x00000000d5580000,0x00000000d6680000,0x00000000d6680000)
  from space 2048K, 99% used [0x00000000d6d00000,0x00000000d6efd910,0x00000000d6f00000)
  to   space 6656K, 0% used [0x00000000d6680000,0x00000000d6680000,0x00000000d6d00000)
 ParOldGen       total 68608K, used 67091K [0x0000000080000000, 0x0000000084300000, 0x00000000d5580000)
  object space 68608K, 97% used [0x0000000080000000,0x0000000084184e68,0x0000000084300000)
 Metaspace       used 53214K, committed 54528K, reserved 1114112K
  class space    used 5657K, committed 6208K, reserved 1048576K
}
Event: 9.766 GC heap after
{Heap after GC invocations=37 (full 2):
 PSYoungGen      total 22528K, used 4904K [0x00000000d5580000, 0x00000000d7180000, 0x0000000100000000)
  eden space 17408K, 0% used [0x00000000d5580000,0x00000000d5580000,0x00000000d6680000)
  from space 5120K, 95% used [0x00000000d6680000,0x00000000d6b4a290,0x00000000d6b80000)
  to   space 5632K, 0% used [0x00000000d6c00000,0x00000000d6c00000,0x00000000d7180000)
 ParOldGen       total 69632K, used 69118K [0x0000000080000000, 0x0000000084400000, 0x00000000d5580000)
  object space 69632K, 99% used [0x0000000080000000,0x000000008437fa30,0x0000000084400000)
 Metaspace       used 53214K, committed 54528K, reserved 1114112K
  class space    used 5657K, committed 6208K, reserved 1048576K
}
Event: 10.359 GC heap before
{Heap before GC invocations=38 (full 2):
 PSYoungGen      total 22528K, used 22260K [0x00000000d5580000, 0x00000000d7180000, 0x0000000100000000)
  eden space 17408K, 99% used [0x00000000d5580000,0x00000000d6673138,0x00000000d6680000)
  from space 5120K, 95% used [0x00000000d6680000,0x00000000d6b4a290,0x00000000d6b80000)
  to   space 5632K, 0% used [0x00000000d6c00000,0x00000000d6c00000,0x00000000d7180000)
 ParOldGen       total 69632K, used 69118K [0x0000000080000000, 0x0000000084400000, 0x00000000d5580000)
  object space 69632K, 99% used [0x0000000080000000,0x000000008437fa30,0x0000000084400000)
 Metaspace       used 54176K, committed 55552K, reserved 1114112K
  class space    used 5705K, committed 6272K, reserved 1048576K
}
Event: 10.369 GC heap after
{Heap after GC invocations=38 (full 2):
 PSYoungGen      total 21504K, used 3856K [0x00000000d5580000, 0x00000000d7000000, 0x0000000100000000)
  eden space 17408K, 0% used [0x00000000d5580000,0x00000000d5580000,0x00000000d6680000)
  from space 4096K, 94% used [0x00000000d6c00000,0x00000000d6fc4168,0x00000000d7000000)
  to   space 4608K, 0% used [0x00000000d6700000,0x00000000d6700000,0x00000000d6b80000)
 ParOldGen       total 74240K, used 73853K [0x0000000080000000, 0x0000000084880000, 0x00000000d5580000)
  object space 74240K, 99% used [0x0000000080000000,0x000000008481f580,0x0000000084880000)
 Metaspace       used 54176K, committed 55552K, reserved 1114112K
  class space    used 5705K, committed 6272K, reserved 1048576K
}
Event: 10.626 GC heap before
{Heap before GC invocations=39 (full 2):
 PSYoungGen      total 21504K, used 21264K [0x00000000d5580000, 0x00000000d7000000, 0x0000000100000000)
  eden space 17408K, 100% used [0x00000000d5580000,0x00000000d6680000,0x00000000d6680000)
  from space 4096K, 94% used [0x00000000d6c00000,0x00000000d6fc4168,0x00000000d7000000)
  to   space 4608K, 0% used [0x00000000d6700000,0x00000000d6700000,0x00000000d6b80000)
 ParOldGen       total 74240K, used 73853K [0x0000000080000000, 0x0000000084880000, 0x00000000d5580000)
  object space 74240K, 99% used [0x0000000080000000,0x000000008481f580,0x0000000084880000)
 Metaspace       used 54197K, committed 55552K, reserved 1114112K
  class space    used 5705K, committed 6272K, reserved 1048576K
}
Event: 10.630 GC heap after
{Heap after GC invocations=39 (full 2):
 PSYoungGen      total 18432K, used 759K [0x00000000d5580000, 0x00000000d6c80000, 0x0000000100000000)
  eden space 17408K, 0% used [0x00000000d5580000,0x00000000d5580000,0x00000000d6680000)
  from space 1024K, 74% used [0x00000000d6700000,0x00000000d67bdd60,0x00000000d6800000)
  to   space 2048K, 0% used [0x00000000d6a80000,0x00000000d6a80000,0x00000000d6c80000)
 ParOldGen       total 77312K, used 76839K [0x0000000080000000, 0x0000000084b80000, 0x00000000d5580000)
  object space 77312K, 99% used [0x0000000080000000,0x0000000084b09ce0,0x0000000084b80000)
 Metaspace       used 54197K, committed 55552K, reserved 1114112K
  class space    used 5705K, committed 6272K, reserved 1048576K
}
Event: 10.856 GC heap before
{Heap before GC invocations=40 (full 2):
 PSYoungGen      total 18432K, used 18167K [0x00000000d5580000, 0x00000000d6c80000, 0x0000000100000000)
  eden space 17408K, 100% used [0x00000000d5580000,0x00000000d6680000,0x00000000d6680000)
  from space 1024K, 74% used [0x00000000d6700000,0x00000000d67bdd60,0x00000000d6800000)
  to   space 2048K, 0% used [0x00000000d6a80000,0x00000000d6a80000,0x00000000d6c80000)
 ParOldGen       total 77312K, used 76839K [0x0000000080000000, 0x0000000084b80000, 0x00000000d5580000)
  object space 77312K, 99% used [0x0000000080000000,0x0000000084b09ce0,0x0000000084b80000)
 Metaspace       used 55133K, committed 56576K, reserved 1114112K
  class space    used 5791K, committed 6400K, reserved 1048576K
}
Event: 10.857 GC heap after
{Heap after GC invocations=40 (full 2):
 PSYoungGen      total 17920K, used 387K [0x00000000d5580000, 0x00000000d6b00000, 0x0000000100000000)
  eden space 17408K, 0% used [0x00000000d5580000,0x00000000d5580000,0x00000000d6680000)
  from space 512K, 75% used [0x00000000d6a80000,0x00000000d6ae0c60,0x00000000d6b00000)
  to   space 1024K, 0% used [0x00000000d6900000,0x00000000d6900000,0x00000000d6a00000)
 ParOldGen       total 77312K, used 76968K [0x0000000080000000, 0x0000000084b80000, 0x00000000d5580000)
  object space 77312K, 99% used [0x0000000080000000,0x0000000084b2a220,0x0000000084b80000)
 Metaspace       used 55133K, committed 56576K, reserved 1114112K
  class space    used 5791K, committed 6400K, reserved 1048576K
}
Event: 11.897 GC heap before
{Heap before GC invocations=41 (full 2):
 PSYoungGen      total 17920K, used 17795K [0x00000000d5580000, 0x00000000d6b00000, 0x0000000100000000)
  eden space 17408K, 100% used [0x00000000d5580000,0x00000000d6680000,0x00000000d6680000)
  from space 512K, 75% used [0x00000000d6a80000,0x00000000d6ae0c60,0x00000000d6b00000)
  to   space 1024K, 0% used [0x00000000d6900000,0x00000000d6900000,0x00000000d6a00000)
 ParOldGen       total 77312K, used 76968K [0x0000000080000000, 0x0000000084b80000, 0x00000000d5580000)
  object space 77312K, 99% used [0x0000000080000000,0x0000000084b2a220,0x0000000084b80000)
 Metaspace       used 55966K, committed 57344K, reserved 1114112K
  class space    used 5849K, committed 6464K, reserved 1048576K
}
Event: 11.902 GC heap after
{Heap after GC invocations=41 (full 2):
 PSYoungGen      total 18432K, used 1023K [0x00000000d5580000, 0x00000000d6f80000, 0x0000000100000000)
  eden space 17408K, 0% used [0x00000000d5580000,0x00000000d5580000,0x00000000d6680000)
  from space 1024K, 99% used [0x00000000d6900000,0x00000000d69ffde8,0x00000000d6a00000)
  to   space 4608K, 0% used [0x00000000d6b00000,0x00000000d6b00000,0x00000000d6f80000)
 ParOldGen       total 79872K, used 79767K [0x0000000080000000, 0x0000000084e00000, 0x00000000d5580000)
  object space 79872K, 99% used [0x0000000080000000,0x0000000084de5d50,0x0000000084e00000)
 Metaspace       used 55966K, committed 57344K, reserved 1114112K
  class space    used 5849K, committed 6464K, reserved 1048576K
}
Event: 12.853 GC heap before
{Heap before GC invocations=42 (full 2):
 PSYoungGen      total 18432K, used 18431K [0x00000000d5580000, 0x00000000d6f80000, 0x0000000100000000)
  eden space 17408K, 100% used [0x00000000d5580000,0x00000000d6680000,0x00000000d6680000)
  from space 1024K, 99% used [0x00000000d6900000,0x00000000d69ffde8,0x00000000d6a00000)
  to   space 4608K, 0% used [0x00000000d6b00000,0x00000000d6b00000,0x00000000d6f80000)
 ParOldGen       total 79872K, used 79767K [0x0000000080000000, 0x0000000084e00000, 0x00000000d5580000)
  object space 79872K, 99% used [0x0000000080000000,0x0000000084de5d50,0x0000000084e00000)
 Metaspace       used 56586K, committed 57984K, reserved 1114112K
  class space    used 5880K, committed 6528K, reserved 1048576K
}
Event: 12.857 GC heap after
{Heap after GC invocations=42 (full 2):
 PSYoungGen      total 19456K, used 1999K [0x00000000d5580000, 0x00000000d6d00000, 0x0000000100000000)
  eden space 17408K, 0% used [0x00000000d5580000,0x00000000d5580000,0x00000000d6680000)
  from space 2048K, 97% used [0x00000000d6b00000,0x00000000d6cf3ca0,0x00000000d6d00000)
  to   space 3072K, 0% used [0x00000000d6700000,0x00000000d6700000,0x00000000d6a00000)
 ParOldGen       total 80896K, used 80806K [0x0000000080000000, 0x0000000084f00000, 0x00000000d5580000)
  object space 80896K, 99% used [0x0000000080000000,0x0000000084ee9a18,0x0000000084f00000)
 Metaspace       used 56586K, committed 57984K, reserved 1114112K
  class space    used 5880K, committed 6528K, reserved 1048576K
}
Event: 13.439 GC heap before
{Heap before GC invocations=43 (full 2):
 PSYoungGen      total 19456K, used 19407K [0x00000000d5580000, 0x00000000d6d00000, 0x0000000100000000)
  eden space 17408K, 100% used [0x00000000d5580000,0x00000000d6680000,0x00000000d6680000)
  from space 2048K, 97% used [0x00000000d6b00000,0x00000000d6cf3ca0,0x00000000d6d00000)
  to   space 3072K, 0% used [0x00000000d6700000,0x00000000d6700000,0x00000000d6a00000)
 ParOldGen       total 80896K, used 80806K [0x0000000080000000, 0x0000000084f00000, 0x00000000d5580000)
  object space 80896K, 99% used [0x0000000080000000,0x0000000084ee9a18,0x0000000084f00000)
 Metaspace       used 56916K, committed 58304K, reserved 1114112K
  class space    used 5890K, committed 6528K, reserved 1048576K
}
Event: 13.445 GC heap after
{Heap after GC invocations=43 (full 2):
 PSYoungGen      total 20480K, used 2801K [0x00000000d5580000, 0x00000000d6c80000, 0x0000000100000000)
  eden space 17408K, 0% used [0x00000000d5580000,0x00000000d5580000,0x00000000d6680000)
  from space 3072K, 91% used [0x00000000d6700000,0x00000000d69bc658,0x00000000d6a00000)
  to   space 2560K, 0% used [0x00000000d6a00000,0x00000000d6a00000,0x00000000d6c80000)
 ParOldGen       total 82944K, used 82672K [0x0000000080000000, 0x0000000085100000, 0x00000000d5580000)
  object space 82944K, 99% used [0x0000000080000000,0x00000000850bc390,0x0000000085100000)
 Metaspace       used 56916K, committed 58304K, reserved 1114112K
  class space    used 5890K, committed 6528K, reserved 1048576K
}

