# JRE version: OpenJDK Runtime Environment Temurin-21.0.7+6 (21.0.7+6) (build 21.0.7+6-LTS)
# Java VM: OpenJDK 64-Bit Server VM Temurin-21.0.7+6 (21.0.7+6-LTS, mixed mode, sharing, tiered, compressed oops, compressed class ptrs, parallel gc, windows-amd64)
GC Precious Log:
 CardTable entry size: 512
 CPUs: 8 total, 8 available
 Memory: 7865M
 Large Page Support: Disabled
 NUMA Support: Disabled
 Compressed Oops: Enabled (32-bit)
 Alignments: Space 512K, Generation 512K, Heap 2M
 Heap Min Capacity: 100M
 Heap Initial Capacity: 100M
 Heap Max Capacity: 2G
 Pre-touch: Disabled
 Parallel Workers: 8
Heap:
 PSYoungGen      total 6656K, used 6235K [0x00000000d5580000, 0x00000000d5d80000, 0x0000000100000000)
  eden space 5120K, 100% used [0x00000000d5580000,0x00000000d5a80000,0x00000000d5a80000)
  from space 1536K, 72% used [0x00000000d5a80000,0x00000000d5b96c50,0x00000000d5c00000)
  to   space 1536K, 61% used [0x00000000d5c00000,0x00000000d5cec038,0x00000000d5d80000)
 ParOldGen       total 271360K, used 271355K [0x0000000080000000, 0x0000000090900000, 0x00000000d5580000)
  object space 271360K, 99% used [0x0000000080000000,0x00000000908feeb0,0x0000000090900000)
 Metaspace       used 55023K, committed 56384K, reserved 1114112K
  class space    used 5763K, committed 6400K, reserved 1048576K
GC Heap History (20 events):
Event: 12.149 GC heap before
{Heap before GC invocations=186 (full 2):
 PSYoungGen      total 5120K, used 4945K [0x00000000d5580000, 0x00000000d5c00000, 0x0000000100000000)
  eden space 3584K, 100% used [0x00000000d5580000,0x00000000d5900000,0x00000000d5900000)
  from space 1536K, 88% used [0x00000000d5900000,0x00000000d5a544c0,0x00000000d5a80000)
  to   space 1536K, 0% used [0x00000000d5a80000,0x00000000d5a80000,0x00000000d5c00000)
 ParOldGen       total 264192K, used 264168K [0x0000000080000000, 0x0000000090200000, 0x00000000d5580000)
  object space 264192K, 99% used [0x0000000080000000,0x00000000901fa210,0x0000000090200000)
 Metaspace       used 54228K, committed 55552K, reserved 1114112K
  class space    used 5696K, committed 6336K, reserved 1048576K
}
Event: 12.151 GC heap after
{Heap after GC invocations=186 (full 2):
 PSYoungGen      total 4608K, used 657K [0x00000000d5580000, 0x00000000d5b80000, 0x0000000100000000)
  eden space 3584K, 0% used [0x00000000d5580000,0x00000000d5580000,0x00000000d5900000)
  from space 1024K, 64% used [0x00000000d5a80000,0x00000000d5b24608,0x00000000d5b80000)
  to   space 1024K, 0% used [0x00000000d5980000,0x00000000d5980000,0x00000000d5a80000)
 ParOldGen       total 266240K, used 265760K [0x0000000080000000, 0x0000000090400000, 0x00000000d5580000)
  object space 266240K, 99% used [0x0000000080000000,0x0000000090388338,0x0000000090400000)
 Metaspace       used 54228K, committed 55552K, reserved 1114112K
  class space    used 5696K, committed 6336K, reserved 1048576K
}
Event: 12.164 GC heap before
{Heap before GC invocations=187 (full 2):
 PSYoungGen      total 4608K, used 4194K [0x00000000d5580000, 0x00000000d5b80000, 0x0000000100000000)
  eden space 3584K, 98% used [0x00000000d5580000,0x00000000d58f45a0,0x00000000d5900000)
  from space 1024K, 64% used [0x00000000d5a80000,0x00000000d5b24608,0x00000000d5b80000)
  to   space 1024K, 0% used [0x00000000d5980000,0x00000000d5980000,0x00000000d5a80000)
 ParOldGen       total 266240K, used 265760K [0x0000000080000000, 0x0000000090400000, 0x00000000d5580000)
  object space 266240K, 99% used [0x0000000080000000,0x0000000090388338,0x0000000090400000)
 Metaspace       used 54233K, committed 55552K, reserved 1114112K
  class space    used 5696K, committed 6336K, reserved 1048576K
}
Event: 12.166 GC heap after
{Heap after GC invocations=187 (full 2):
 PSYoungGen      total 4608K, used 1020K [0x00000000d5580000, 0x00000000d5e00000, 0x0000000100000000)
  eden space 3584K, 0% used [0x00000000d5580000,0x00000000d5580000,0x00000000d5900000)
  from space 1024K, 99% used [0x00000000d5980000,0x00000000d5a7f218,0x00000000d5a80000)
  to   space 2560K, 0% used [0x00000000d5b80000,0x00000000d5b80000,0x00000000d5e00000)
 ParOldGen       total 266752K, used 266612K [0x0000000080000000, 0x0000000090480000, 0x00000000d5580000)
  object space 266752K, 99% used [0x0000000080000000,0x000000009045d198,0x0000000090480000)
 Metaspace       used 54233K, committed 55552K, reserved 1114112K
  class space    used 5696K, committed 6336K, reserved 1048576K
}
Event: 12.172 GC heap before
{Heap before GC invocations=188 (full 2):
 PSYoungGen      total 4608K, used 4604K [0x00000000d5580000, 0x00000000d5e00000, 0x0000000100000000)
  eden space 3584K, 100% used [0x00000000d5580000,0x00000000d5900000,0x00000000d5900000)
  from space 1024K, 99% used [0x00000000d5980000,0x00000000d5a7f218,0x00000000d5a80000)
  to   space 2560K, 0% used [0x00000000d5b80000,0x00000000d5b80000,0x00000000d5e00000)
 ParOldGen       total 266752K, used 266612K [0x0000000080000000, 0x0000000090480000, 0x00000000d5580000)
  object space 266752K, 99% used [0x0000000080000000,0x000000009045d198,0x0000000090480000)
 Metaspace       used 54233K, committed 55552K, reserved 1114112K
  class space    used 5696K, committed 6336K, reserved 1048576K
}
Event: 12.174 GC heap after
{Heap after GC invocations=188 (full 2):
 PSYoungGen      total 4608K, used 980K [0x00000000d5580000, 0x00000000d5c80000, 0x0000000100000000)
  eden space 3584K, 0% used [0x00000000d5580000,0x00000000d5580000,0x00000000d5900000)
  from space 1024K, 95% used [0x00000000d5b80000,0x00000000d5c75190,0x00000000d5c80000)
  to   space 1536K, 0% used [0x00000000d5980000,0x00000000d5980000,0x00000000d5b00000)
 ParOldGen       total 267264K, used 267168K [0x0000000080000000, 0x0000000090500000, 0x00000000d5580000)
  object space 267264K, 99% used [0x0000000080000000,0x00000000904e8018,0x0000000090500000)
 Metaspace       used 54233K, committed 55552K, reserved 1114112K
  class space    used 5696K, committed 6336K, reserved 1048576K
}
Event: 12.180 GC heap before
{Heap before GC invocations=189 (full 2):
 PSYoungGen      total 4608K, used 4484K [0x00000000d5580000, 0x00000000d5c80000, 0x0000000100000000)
  eden space 3584K, 97% used [0x00000000d5580000,0x00000000d58ebf38,0x00000000d5900000)
  from space 1024K, 95% used [0x00000000d5b80000,0x00000000d5c75190,0x00000000d5c80000)
  to   space 1536K, 0% used [0x00000000d5980000,0x00000000d5980000,0x00000000d5b00000)
 ParOldGen       total 267264K, used 267168K [0x0000000080000000, 0x0000000090500000, 0x00000000d5580000)
  object space 267264K, 99% used [0x0000000080000000,0x00000000904e8018,0x0000000090500000)
 Metaspace       used 54234K, committed 55552K, reserved 1114112K
  class space    used 5696K, committed 6336K, reserved 1048576K
}
Event: 12.183 GC heap after
{Heap after GC invocations=189 (full 2):
 PSYoungGen      total 5632K, used 1334K [0x00000000d5580000, 0x00000000d5d00000, 0x0000000100000000)
  eden space 4096K, 0% used [0x00000000d5580000,0x00000000d5580000,0x00000000d5980000)
  from space 1536K, 86% used [0x00000000d5980000,0x00000000d5acd820,0x00000000d5b00000)
  to   space 1536K, 0% used [0x00000000d5b80000,0x00000000d5b80000,0x00000000d5d00000)
 ParOldGen       total 267776K, used 267454K [0x0000000080000000, 0x0000000090580000, 0x00000000d5580000)
  object space 267776K, 99% used [0x0000000080000000,0x000000009052f9d0,0x0000000090580000)
 Metaspace       used 54234K, committed 55552K, reserved 1114112K
  class space    used 5696K, committed 6336K, reserved 1048576K
}
Event: 12.188 GC heap before
{Heap before GC invocations=190 (full 2):
 PSYoungGen      total 5632K, used 5430K [0x00000000d5580000, 0x00000000d5d00000, 0x0000000100000000)
  eden space 4096K, 100% used [0x00000000d5580000,0x00000000d5980000,0x00000000d5980000)
  from space 1536K, 86% used [0x00000000d5980000,0x00000000d5acd820,0x00000000d5b00000)
  to   space 1536K, 0% used [0x00000000d5b80000,0x00000000d5b80000,0x00000000d5d00000)
 ParOldGen       total 267776K, used 267454K [0x0000000080000000, 0x0000000090580000, 0x00000000d5580000)
  object space 267776K, 99% used [0x0000000080000000,0x000000009052f9d0,0x0000000090580000)
 Metaspace       used 54235K, committed 55552K, reserved 1114112K
  class space    used 5696K, committed 6336K, reserved 1048576K
}
Event: 12.191 GC heap after
{Heap after GC invocations=190 (full 2):
 PSYoungGen      total 6144K, used 1340K [0x00000000d5580000, 0x00000000d5d80000, 0x0000000100000000)
  eden space 4608K, 0% used [0x00000000d5580000,0x00000000d5580000,0x00000000d5a00000)
  from space 1536K, 87% used [0x00000000d5b80000,0x00000000d5ccf268,0x00000000d5d00000)
  to   space 1536K, 0% used [0x00000000d5a00000,0x00000000d5a00000,0x00000000d5b80000)
 ParOldGen       total 268288K, used 267827K [0x0000000080000000, 0x0000000090600000, 0x00000000d5580000)
  object space 268288K, 99% used [0x0000000080000000,0x000000009058cfb8,0x0000000090600000)
 Metaspace       used 54235K, committed 55552K, reserved 1114112K
  class space    used 5696K, committed 6336K, reserved 1048576K
}
Event: 12.197 GC heap before
{Heap before GC invocations=191 (full 2):
 PSYoungGen      total 6144K, used 5948K [0x00000000d5580000, 0x00000000d5d80000, 0x0000000100000000)
  eden space 4608K, 100% used [0x00000000d5580000,0x00000000d5a00000,0x00000000d5a00000)
  from space 1536K, 87% used [0x00000000d5b80000,0x00000000d5ccf268,0x00000000d5d00000)
  to   space 1536K, 0% used [0x00000000d5a00000,0x00000000d5a00000,0x00000000d5b80000)
 ParOldGen       total 268288K, used 267827K [0x0000000080000000, 0x0000000090600000, 0x00000000d5580000)
  object space 268288K, 99% used [0x0000000080000000,0x000000009058cfb8,0x0000000090600000)
 Metaspace       used 54235K, committed 55552K, reserved 1114112K
  class space    used 5696K, committed 6336K, reserved 1048576K
}
Event: 12.199 GC heap after
{Heap after GC invocations=191 (full 2):
 PSYoungGen      total 6144K, used 918K [0x00000000d5580000, 0x00000000d5e00000, 0x0000000100000000)
  eden space 4608K, 0% used [0x00000000d5580000,0x00000000d5580000,0x00000000d5a00000)
  from space 1536K, 59% used [0x00000000d5a00000,0x00000000d5ae5870,0x00000000d5b80000)
  to   space 1536K, 0% used [0x00000000d5c80000,0x00000000d5c80000,0x00000000d5e00000)
 ParOldGen       total 268288K, used 268129K [0x0000000080000000, 0x0000000090600000, 0x00000000d5580000)
  object space 268288K, 99% used [0x0000000080000000,0x00000000905d8598,0x0000000090600000)
 Metaspace       used 54235K, committed 55552K, reserved 1114112K
  class space    used 5696K, committed 6336K, reserved 1048576K
}
Event: 12.209 GC heap before
{Heap before GC invocations=192 (full 2):
 PSYoungGen      total 6144K, used 5526K [0x00000000d5580000, 0x00000000d5e00000, 0x0000000100000000)
  eden space 4608K, 100% used [0x00000000d5580000,0x00000000d5a00000,0x00000000d5a00000)
  from space 1536K, 59% used [0x00000000d5a00000,0x00000000d5ae5870,0x00000000d5b80000)
  to   space 1536K, 0% used [0x00000000d5c80000,0x00000000d5c80000,0x00000000d5e00000)
 ParOldGen       total 268288K, used 268129K [0x0000000080000000, 0x0000000090600000, 0x00000000d5580000)
  object space 268288K, 99% used [0x0000000080000000,0x00000000905d8598,0x0000000090600000)
 Metaspace       used 54236K, committed 55552K, reserved 1114112K
  class space    used 5696K, committed 6336K, reserved 1048576K
}
Event: 12.212 GC heap after
{Heap after GC invocations=192 (full 2):
 PSYoungGen      total 6656K, used 1470K [0x00000000d5580000, 0x00000000d5f00000, 0x0000000100000000)
  eden space 5120K, 0% used [0x00000000d5580000,0x00000000d5580000,0x00000000d5a80000)
  from space 1536K, 95% used [0x00000000d5c80000,0x00000000d5defba0,0x00000000d5e00000)
  to   space 2048K, 0% used [0x00000000d5a80000,0x00000000d5a80000,0x00000000d5c80000)
 ParOldGen       total 268800K, used 268466K [0x0000000080000000, 0x0000000090680000, 0x00000000d5580000)
  object space 268800K, 99% used [0x0000000080000000,0x000000009062ca80,0x0000000090680000)
 Metaspace       used 54236K, committed 55552K, reserved 1114112K
  class space    used 5696K, committed 6336K, reserved 1048576K
}
Event: 12.228 GC heap before
{Heap before GC invocations=193 (full 2):
 PSYoungGen      total 6656K, used 6590K [0x00000000d5580000, 0x00000000d5f00000, 0x0000000100000000)
  eden space 5120K, 100% used [0x00000000d5580000,0x00000000d5a80000,0x00000000d5a80000)
  from space 1536K, 95% used [0x00000000d5c80000,0x00000000d5defba0,0x00000000d5e00000)
  to   space 2048K, 0% used [0x00000000d5a80000,0x00000000d5a80000,0x00000000d5c80000)
 ParOldGen       total 268800K, used 268466K [0x0000000080000000, 0x0000000090680000, 0x00000000d5580000)
  object space 268800K, 99% used [0x0000000080000000,0x000000009062ca80,0x0000000090680000)
 Metaspace       used 54402K, committed 55744K, reserved 1114112K
  class space    used 5698K, committed 6336K, reserved 1048576K
}
Event: 12.230 GC heap after
{Heap after GC invocations=193 (full 2):
 PSYoungGen      total 7168K, used 704K [0x00000000d5580000, 0x00000000d5d80000, 0x0000000100000000)
  eden space 5120K, 0% used [0x00000000d5580000,0x00000000d5580000,0x00000000d5a80000)
  from space 2048K, 34% used [0x00000000d5a80000,0x00000000d5b30000,0x00000000d5c80000)
  to   space 1024K, 0% used [0x00000000d5c80000,0x00000000d5c80000,0x00000000d5d80000)
 ParOldGen       total 269312K, used 268913K [0x0000000080000000, 0x0000000090700000, 0x00000000d5580000)
  object space 269312K, 99% used [0x0000000080000000,0x000000009069c4b8,0x0000000090700000)
 Metaspace       used 54402K, committed 55744K, reserved 1114112K
  class space    used 5698K, committed 6336K, reserved 1048576K
}
Event: 12.247 GC heap before
{Heap before GC invocations=194 (full 2):
 PSYoungGen      total 7168K, used 5824K [0x00000000d5580000, 0x00000000d5d80000, 0x0000000100000000)
  eden space 5120K, 100% used [0x00000000d5580000,0x00000000d5a80000,0x00000000d5a80000)
  from space 2048K, 34% used [0x00000000d5a80000,0x00000000d5b30000,0x00000000d5c80000)
  to   space 1024K, 0% used [0x00000000d5c80000,0x00000000d5c80000,0x00000000d5d80000)
 ParOldGen       total 269312K, used 268913K [0x0000000080000000, 0x0000000090700000, 0x00000000d5580000)
  object space 269312K, 99% used [0x0000000080000000,0x000000009069c4b8,0x0000000090700000)
 Metaspace       used 54554K, committed 55872K, reserved 1114112K
  class space    used 5716K, committed 6336K, reserved 1048576K
}
Event: 12.250 GC heap after
{Heap after GC invocations=194 (full 2):
 PSYoungGen      total 6144K, used 1002K [0x00000000d5580000, 0x00000000d5e80000, 0x0000000100000000)
  eden space 5120K, 0% used [0x00000000d5580000,0x00000000d5580000,0x00000000d5a80000)
  from space 1024K, 97% used [0x00000000d5c80000,0x00000000d5d7aa48,0x00000000d5d80000)
  to   space 2048K, 0% used [0x00000000d5a80000,0x00000000d5a80000,0x00000000d5c80000)
 ParOldGen       total 269824K, used 269564K [0x0000000080000000, 0x0000000090780000, 0x00000000d5580000)
  object space 269824K, 99% used [0x0000000080000000,0x000000009073f100,0x0000000090780000)
 Metaspace       used 54554K, committed 55872K, reserved 1114112K
  class space    used 5716K, committed 6336K, reserved 1048576K
}
Event: 12.269 GC heap before
{Heap before GC invocations=195 (full 2):
 PSYoungGen      total 6144K, used 6122K [0x00000000d5580000, 0x00000000d5e80000, 0x0000000100000000)
  eden space 5120K, 100% used [0x00000000d5580000,0x00000000d5a80000,0x00000000d5a80000)
  from space 1024K, 97% used [0x00000000d5c80000,0x00000000d5d7aa48,0x00000000d5d80000)
  to   space 2048K, 0% used [0x00000000d5a80000,0x00000000d5a80000,0x00000000d5c80000)
 ParOldGen       total 269824K, used 269564K [0x0000000080000000, 0x0000000090780000, 0x00000000d5580000)
  object space 269824K, 99% used [0x0000000080000000,0x000000009073f100,0x0000000090780000)
 Metaspace       used 54740K, committed 56064K, reserved 1114112K
  class space    used 5735K, committed 6336K, reserved 1048576K
}
Event: 12.271 GC heap after
{Heap after GC invocations=195 (full 2):
 PSYoungGen      total 6656K, used 1115K [0x00000000d5580000, 0x00000000d5d80000, 0x0000000100000000)
  eden space 5120K, 0% used [0x00000000d5580000,0x00000000d5580000,0x00000000d5a80000)
  from space 1536K, 72% used [0x00000000d5a80000,0x00000000d5b96c50,0x00000000d5c00000)
  to   space 1536K, 0% used [0x00000000d5c00000,0x00000000d5c00000,0x00000000d5d80000)
 ParOldGen       total 270848K, used 270487K [0x0000000080000000, 0x0000000090880000, 0x00000000d5580000)
  object space 270848K, 99% used [0x0000000080000000,0x0000000090825fb0,0x0000000090880000)
 Metaspace       used 54740K, committed 56064K, reserved 1114112K
  class space    used 5735K, committed 6336K, reserved 1048576K
}

