# JRE version: OpenJDK Runtime Environment Temurin-21.0.7+6 (21.0.7+6) (build 21.0.7+6-LTS)
# Java VM: OpenJDK 64-Bit Server VM Temurin-21.0.7+6 (21.0.7+6-LTS, mixed mode, sharing, tiered, compressed oops, compressed class ptrs, parallel gc, windows-amd64)
GC Precious Log:
 CardTable entry size: 512
 CPUs: 8 total, 8 available
 Memory: 7865M
 Large Page Support: Disabled
 NUMA Support: Disabled
 Compressed Oops: Enabled (32-bit)
 Alignments: Space 512K, Generation 512K, Heap 2M
 Heap Min Capacity: 100M
 Heap Initial Capacity: 100M
 Heap Max Capacity: 2G
 Pre-touch: Disabled
 Parallel Workers: 8
Heap:
 PSYoungGen      total 4096K, used 1225K [0x00000000d5580000, 0x00000000d5a80000, 0x0000000100000000)
  eden space 3072K, 14% used [0x00000000d5580000,0x00000000d55f2e70,0x00000000d5880000)
  from space 1024K, 78% used [0x00000000d5880000,0x00000000d5948000,0x00000000d5980000)
  to   space 1024K, 0% used [0x00000000d5980000,0x00000000d5980000,0x00000000d5a80000)
 ParOldGen       total 126976K, used 126800K [0x0000000080000000, 0x0000000087c00000, 0x00000000d5580000)
  object space 126976K, 99% used [0x0000000080000000,0x0000000087bd43b8,0x0000000087c00000)
 Metaspace       used 59645K, committed 61056K, reserved 1114112K
  class space    used 6044K, committed 6720K, reserved 1048576K
GC Heap History (20 events):
Event: 16.419 GC heap before
{Heap before GC invocations=103 (full 3):
 PSYoungGen      total 4608K, used 4220K [0x00000000d5580000, 0x00000000d5b00000, 0x0000000100000000)
  eden space 3584K, 100% used [0x00000000d5580000,0x00000000d5900000,0x00000000d5900000)
  from space 1024K, 62% used [0x00000000d5980000,0x00000000d5a1f168,0x00000000d5a80000)
  to   space 512K, 0% used [0x00000000d5a80000,0x00000000d5a80000,0x00000000d5b00000)
 ParOldGen       total 125440K, used 119008K [0x0000000080000000, 0x0000000087a80000, 0x00000000d5580000)
  object space 125440K, 94% used [0x0000000080000000,0x00000000874382a8,0x0000000087a80000)
 Metaspace       used 59393K, committed 60800K, reserved 1114112K
  class space    used 6029K, committed 6720K, reserved 1048576K
}
Event: 16.421 GC heap after
{Heap after GC invocations=103 (full 3):
 PSYoungGen      total 3584K, used 509K [0x00000000d5580000, 0x00000000d5d00000, 0x0000000100000000)
  eden space 3072K, 0% used [0x00000000d5580000,0x00000000d5580000,0x00000000d5880000)
  from space 512K, 99% used [0x00000000d5a80000,0x00000000d5aff4b0,0x00000000d5b00000)
  to   space 2048K, 0% used [0x00000000d5880000,0x00000000d5880000,0x00000000d5a80000)
 ParOldGen       total 125440K, used 119965K [0x0000000080000000, 0x0000000087a80000, 0x00000000d5580000)
  object space 125440K, 95% used [0x0000000080000000,0x00000000875274d8,0x0000000087a80000)
 Metaspace       used 59393K, committed 60800K, reserved 1114112K
  class space    used 6029K, committed 6720K, reserved 1048576K
}
Event: 16.438 GC heap before
{Heap before GC invocations=104 (full 3):
 PSYoungGen      total 3584K, used 3581K [0x00000000d5580000, 0x00000000d5d00000, 0x0000000100000000)
  eden space 3072K, 100% used [0x00000000d5580000,0x00000000d5880000,0x00000000d5880000)
  from space 512K, 99% used [0x00000000d5a80000,0x00000000d5aff4b0,0x00000000d5b00000)
  to   space 2048K, 0% used [0x00000000d5880000,0x00000000d5880000,0x00000000d5a80000)
 ParOldGen       total 125440K, used 119965K [0x0000000080000000, 0x0000000087a80000, 0x00000000d5580000)
  object space 125440K, 95% used [0x0000000080000000,0x00000000875274d8,0x0000000087a80000)
 Metaspace       used 59402K, committed 60800K, reserved 1114112K
  class space    used 6029K, committed 6720K, reserved 1048576K
}
Event: 16.439 GC heap after
{Heap after GC invocations=104 (full 3):
 PSYoungGen      total 4096K, used 767K [0x00000000d5580000, 0x00000000d5b00000, 0x0000000100000000)
  eden space 3072K, 0% used [0x00000000d5580000,0x00000000d5580000,0x00000000d5880000)
  from space 1024K, 74% used [0x00000000d5880000,0x00000000d593ff48,0x00000000d5980000)
  to   space 1024K, 0% used [0x00000000d5a00000,0x00000000d5a00000,0x00000000d5b00000)
 ParOldGen       total 125440K, used 120492K [0x0000000080000000, 0x0000000087a80000, 0x00000000d5580000)
  object space 125440K, 96% used [0x0000000080000000,0x00000000875ab370,0x0000000087a80000)
 Metaspace       used 59402K, committed 60800K, reserved 1114112K
  class space    used 6029K, committed 6720K, reserved 1048576K
}
Event: 16.456 GC heap before
{Heap before GC invocations=105 (full 3):
 PSYoungGen      total 4096K, used 3839K [0x00000000d5580000, 0x00000000d5b00000, 0x0000000100000000)
  eden space 3072K, 99% used [0x00000000d5580000,0x00000000d587ffd8,0x00000000d5880000)
  from space 1024K, 74% used [0x00000000d5880000,0x00000000d593ff48,0x00000000d5980000)
  to   space 1024K, 0% used [0x00000000d5a00000,0x00000000d5a00000,0x00000000d5b00000)
 ParOldGen       total 125440K, used 120492K [0x0000000080000000, 0x0000000087a80000, 0x00000000d5580000)
  object space 125440K, 96% used [0x0000000080000000,0x00000000875ab370,0x0000000087a80000)
 Metaspace       used 59410K, committed 60864K, reserved 1114112K
  class space    used 6029K, committed 6720K, reserved 1048576K
}
Event: 16.457 GC heap after
{Heap after GC invocations=105 (full 3):
 PSYoungGen      total 4096K, used 937K [0x00000000d5580000, 0x00000000d5b00000, 0x0000000100000000)
  eden space 3072K, 0% used [0x00000000d5580000,0x00000000d5580000,0x00000000d5880000)
  from space 1024K, 91% used [0x00000000d5a00000,0x00000000d5aea608,0x00000000d5b00000)
  to   space 1024K, 0% used [0x00000000d5880000,0x00000000d5880000,0x00000000d5980000)
 ParOldGen       total 125440K, used 121121K [0x0000000080000000, 0x0000000087a80000, 0x00000000d5580000)
  object space 125440K, 96% used [0x0000000080000000,0x00000000876484e8,0x0000000087a80000)
 Metaspace       used 59410K, committed 60864K, reserved 1114112K
  class space    used 6029K, committed 6720K, reserved 1048576K
}
Event: 16.469 GC heap before
{Heap before GC invocations=106 (full 3):
 PSYoungGen      total 4096K, used 4009K [0x00000000d5580000, 0x00000000d5b00000, 0x0000000100000000)
  eden space 3072K, 100% used [0x00000000d5580000,0x00000000d5880000,0x00000000d5880000)
  from space 1024K, 91% used [0x00000000d5a00000,0x00000000d5aea608,0x00000000d5b00000)
  to   space 1024K, 0% used [0x00000000d5880000,0x00000000d5880000,0x00000000d5980000)
 ParOldGen       total 125440K, used 121121K [0x0000000080000000, 0x0000000087a80000, 0x00000000d5580000)
  object space 125440K, 96% used [0x0000000080000000,0x00000000876484e8,0x0000000087a80000)
 Metaspace       used 59410K, committed 60864K, reserved 1114112K
  class space    used 6029K, committed 6720K, reserved 1048576K
}
Event: 16.470 GC heap after
{Heap after GC invocations=106 (full 3):
 PSYoungGen      total 4096K, used 1018K [0x00000000d5580000, 0x00000000d5b80000, 0x0000000100000000)
  eden space 3072K, 0% used [0x00000000d5580000,0x00000000d5580000,0x00000000d5880000)
  from space 1024K, 99% used [0x00000000d5880000,0x00000000d597e898,0x00000000d5980000)
  to   space 1536K, 0% used [0x00000000d5a00000,0x00000000d5a00000,0x00000000d5b80000)
 ParOldGen       total 125440K, used 121798K [0x0000000080000000, 0x0000000087a80000, 0x00000000d5580000)
  object space 125440K, 97% used [0x0000000080000000,0x00000000876f1a68,0x0000000087a80000)
 Metaspace       used 59410K, committed 60864K, reserved 1114112K
  class space    used 6029K, committed 6720K, reserved 1048576K
}
Event: 16.483 GC heap before
{Heap before GC invocations=107 (full 3):
 PSYoungGen      total 4096K, used 4090K [0x00000000d5580000, 0x00000000d5b80000, 0x0000000100000000)
  eden space 3072K, 100% used [0x00000000d5580000,0x00000000d5880000,0x00000000d5880000)
  from space 1024K, 99% used [0x00000000d5880000,0x00000000d597e898,0x00000000d5980000)
  to   space 1536K, 0% used [0x00000000d5a00000,0x00000000d5a00000,0x00000000d5b80000)
 ParOldGen       total 125440K, used 121798K [0x0000000080000000, 0x0000000087a80000, 0x00000000d5580000)
  object space 125440K, 97% used [0x0000000080000000,0x00000000876f1a68,0x0000000087a80000)
 Metaspace       used 59418K, committed 60864K, reserved 1114112K
  class space    used 6029K, committed 6720K, reserved 1048576K
}
Event: 16.484 GC heap after
{Heap after GC invocations=107 (full 3):
 PSYoungGen      total 4096K, used 672K [0x00000000d5580000, 0x00000000d5b00000, 0x0000000100000000)
  eden space 3072K, 0% used [0x00000000d5580000,0x00000000d5580000,0x00000000d5880000)
  from space 1024K, 65% used [0x00000000d5a00000,0x00000000d5aa8000,0x00000000d5b00000)
  to   space 1024K, 0% used [0x00000000d5880000,0x00000000d5880000,0x00000000d5980000)
 ParOldGen       total 125440K, used 122493K [0x0000000080000000, 0x0000000087a80000, 0x00000000d5580000)
  object space 125440K, 97% used [0x0000000080000000,0x000000008779f580,0x0000000087a80000)
 Metaspace       used 59418K, committed 60864K, reserved 1114112K
  class space    used 6029K, committed 6720K, reserved 1048576K
}
Event: 16.509 GC heap before
{Heap before GC invocations=108 (full 3):
 PSYoungGen      total 4096K, used 3744K [0x00000000d5580000, 0x00000000d5b00000, 0x0000000100000000)
  eden space 3072K, 100% used [0x00000000d5580000,0x00000000d5880000,0x00000000d5880000)
  from space 1024K, 65% used [0x00000000d5a00000,0x00000000d5aa8000,0x00000000d5b00000)
  to   space 1024K, 0% used [0x00000000d5880000,0x00000000d5880000,0x00000000d5980000)
 ParOldGen       total 125440K, used 122493K [0x0000000080000000, 0x0000000087a80000, 0x00000000d5580000)
  object space 125440K, 97% used [0x0000000080000000,0x000000008779f580,0x0000000087a80000)
 Metaspace       used 59438K, committed 60864K, reserved 1114112K
  class space    used 6029K, committed 6720K, reserved 1048576K
}
Event: 16.510 GC heap after
{Heap after GC invocations=108 (full 3):
 PSYoungGen      total 4096K, used 846K [0x00000000d5580000, 0x00000000d5a80000, 0x0000000100000000)
  eden space 3072K, 0% used [0x00000000d5580000,0x00000000d5580000,0x00000000d5880000)
  from space 1024K, 82% used [0x00000000d5880000,0x00000000d5953b70,0x00000000d5980000)
  to   space 1024K, 0% used [0x00000000d5980000,0x00000000d5980000,0x00000000d5a80000)
 ParOldGen       total 125440K, used 123083K [0x0000000080000000, 0x0000000087a80000, 0x00000000d5580000)
  object space 125440K, 98% used [0x0000000080000000,0x0000000087832e58,0x0000000087a80000)
 Metaspace       used 59438K, committed 60864K, reserved 1114112K
  class space    used 6029K, committed 6720K, reserved 1048576K
}
Event: 16.557 GC heap before
{Heap before GC invocations=109 (full 3):
 PSYoungGen      total 4096K, used 3918K [0x00000000d5580000, 0x00000000d5a80000, 0x0000000100000000)
  eden space 3072K, 100% used [0x00000000d5580000,0x00000000d5880000,0x00000000d5880000)
  from space 1024K, 82% used [0x00000000d5880000,0x00000000d5953b70,0x00000000d5980000)
  to   space 1024K, 0% used [0x00000000d5980000,0x00000000d5980000,0x00000000d5a80000)
 ParOldGen       total 125440K, used 123083K [0x0000000080000000, 0x0000000087a80000, 0x00000000d5580000)
  object space 125440K, 98% used [0x0000000080000000,0x0000000087832e58,0x0000000087a80000)
 Metaspace       used 59496K, committed 60928K, reserved 1114112K
  class space    used 6038K, committed 6720K, reserved 1048576K
}
Event: 16.559 GC heap after
{Heap after GC invocations=109 (full 3):
 PSYoungGen      total 4096K, used 717K [0x00000000d5580000, 0x00000000d5a80000, 0x0000000100000000)
  eden space 3072K, 0% used [0x00000000d5580000,0x00000000d5580000,0x00000000d5880000)
  from space 1024K, 70% used [0x00000000d5980000,0x00000000d5a33570,0x00000000d5a80000)
  to   space 1024K, 0% used [0x00000000d5880000,0x00000000d5880000,0x00000000d5980000)
 ParOldGen       total 125440K, used 123731K [0x0000000080000000, 0x0000000087a80000, 0x00000000d5580000)
  object space 125440K, 98% used [0x0000000080000000,0x00000000878d4f80,0x0000000087a80000)
 Metaspace       used 59496K, committed 60928K, reserved 1114112K
  class space    used 6038K, committed 6720K, reserved 1048576K
}
Event: 16.614 GC heap before
{Heap before GC invocations=110 (full 3):
 PSYoungGen      total 4096K, used 3789K [0x00000000d5580000, 0x00000000d5a80000, 0x0000000100000000)
  eden space 3072K, 100% used [0x00000000d5580000,0x00000000d5880000,0x00000000d5880000)
  from space 1024K, 70% used [0x00000000d5980000,0x00000000d5a33570,0x00000000d5a80000)
  to   space 1024K, 0% used [0x00000000d5880000,0x00000000d5880000,0x00000000d5980000)
 ParOldGen       total 125440K, used 123731K [0x0000000080000000, 0x0000000087a80000, 0x00000000d5580000)
  object space 125440K, 98% used [0x0000000080000000,0x00000000878d4f80,0x0000000087a80000)
 Metaspace       used 59523K, committed 60928K, reserved 1114112K
  class space    used 6038K, committed 6720K, reserved 1048576K
}
Event: 16.617 GC heap after
{Heap after GC invocations=110 (full 3):
 PSYoungGen      total 4096K, used 792K [0x00000000d5580000, 0x00000000d5a80000, 0x0000000100000000)
  eden space 3072K, 0% used [0x00000000d5580000,0x00000000d5580000,0x00000000d5880000)
  from space 1024K, 77% used [0x00000000d5880000,0x00000000d59461f8,0x00000000d5980000)
  to   space 1024K, 0% used [0x00000000d5980000,0x00000000d5980000,0x00000000d5a80000)
 ParOldGen       total 125440K, used 124341K [0x0000000080000000, 0x0000000087a80000, 0x00000000d5580000)
  object space 125440K, 99% used [0x0000000080000000,0x000000008796d6b0,0x0000000087a80000)
 Metaspace       used 59523K, committed 60928K, reserved 1114112K
  class space    used 6038K, committed 6720K, reserved 1048576K
}
Event: 16.746 GC heap before
{Heap before GC invocations=111 (full 3):
 PSYoungGen      total 4096K, used 3864K [0x00000000d5580000, 0x00000000d5a80000, 0x0000000100000000)
  eden space 3072K, 100% used [0x00000000d5580000,0x00000000d5880000,0x00000000d5880000)
  from space 1024K, 77% used [0x00000000d5880000,0x00000000d59461f8,0x00000000d5980000)
  to   space 1024K, 0% used [0x00000000d5980000,0x00000000d5980000,0x00000000d5a80000)
 ParOldGen       total 125440K, used 124341K [0x0000000080000000, 0x0000000087a80000, 0x00000000d5580000)
  object space 125440K, 99% used [0x0000000080000000,0x000000008796d6b0,0x0000000087a80000)
 Metaspace       used 59583K, committed 60992K, reserved 1114112K
  class space    used 6042K, committed 6720K, reserved 1048576K
}
Event: 16.749 GC heap after
{Heap after GC invocations=111 (full 3):
 PSYoungGen      total 4096K, used 608K [0x00000000d5580000, 0x00000000d5a80000, 0x0000000100000000)
  eden space 3072K, 0% used [0x00000000d5580000,0x00000000d5580000,0x00000000d5880000)
  from space 1024K, 59% used [0x00000000d5980000,0x00000000d5a18000,0x00000000d5a80000)
  to   space 1024K, 0% used [0x00000000d5880000,0x00000000d5880000,0x00000000d5980000)
 ParOldGen       total 125440K, used 124981K [0x0000000080000000, 0x0000000087a80000, 0x00000000d5580000)
  object space 125440K, 99% used [0x0000000080000000,0x0000000087a0d5e0,0x0000000087a80000)
 Metaspace       used 59583K, committed 60992K, reserved 1114112K
  class space    used 6042K, committed 6720K, reserved 1048576K
}
Event: 16.828 GC heap before
{Heap before GC invocations=112 (full 3):
 PSYoungGen      total 4096K, used 3680K [0x00000000d5580000, 0x00000000d5a80000, 0x0000000100000000)
  eden space 3072K, 100% used [0x00000000d5580000,0x00000000d5880000,0x00000000d5880000)
  from space 1024K, 59% used [0x00000000d5980000,0x00000000d5a18000,0x00000000d5a80000)
  to   space 1024K, 0% used [0x00000000d5880000,0x00000000d5880000,0x00000000d5980000)
 ParOldGen       total 125440K, used 124981K [0x0000000080000000, 0x0000000087a80000, 0x00000000d5580000)
  object space 125440K, 99% used [0x0000000080000000,0x0000000087a0d5e0,0x0000000087a80000)
 Metaspace       used 59627K, committed 61056K, reserved 1114112K
  class space    used 6043K, committed 6720K, reserved 1048576K
}
Event: 16.829 GC heap after
{Heap after GC invocations=112 (full 3):
 PSYoungGen      total 4096K, used 665K [0x00000000d5580000, 0x00000000d5a80000, 0x0000000100000000)
  eden space 3072K, 0% used [0x00000000d5580000,0x00000000d5580000,0x00000000d5880000)
  from space 1024K, 65% used [0x00000000d5880000,0x00000000d5926770,0x00000000d5980000)
  to   space 1024K, 0% used [0x00000000d5980000,0x00000000d5980000,0x00000000d5a80000)
 ParOldGen       total 125952K, used 125494K [0x0000000080000000, 0x0000000087b00000, 0x00000000d5580000)
  object space 125952K, 99% used [0x0000000080000000,0x0000000087a8d9b0,0x0000000087b00000)
 Metaspace       used 59627K, committed 61056K, reserved 1114112K
  class space    used 6043K, committed 6720K, reserved 1048576K
}

